nohup: ignoring input
model:GASM
Namespace(batchSize=256, cuda_device='0', data_size=0.01, dataset='last', detail='GASM_alpha', drop_portion=0, epoch=25, hiddenSize=100, l2=1e-05, lr=0.001, lr_dc=0.1, lr_dc_step=3, nonhybrid=False, output='display', slide_step=1, step=1, valid_portion=8, windowLenth=5)
2022-07-23_23-02-56
============= dataset:xiami =============
---------------data input---------------
Total split train records: 4306
Total split test records (next-one):612641
Total split test records (next-new):218593
-------------------------------------------------------
epoch:  0
start training:  2022-07-23 23:08:22.614437
/usr/local/lib/python3.8/dist-packages/torch/optim/lr_scheduler.py:129: UserWarning: Detected call of `lr_scheduler.step()` before `optimizer.step()`. In PyTorch 1.1.0 and later, you should call them in the opposite order: `optimizer.step()` before `lr_scheduler.step()`.  Failure to do this will result in PyTorch skipping the first value of the learning rate schedule. See more details at https://pytorch.org/docs/stable/optim.html#how-to-adjust-learning-rate
  warnings.warn("Detected call of `lr_scheduler.step()` before `optimizer.step()`. "
[0/17] Loss: 11.1108
[4/17] Loss: 11.0871
[8/17] Loss: 11.0670
[12/17] Loss: 11.0630
[16/17] Loss: 10.9549
	Loss:	187.990
start predicting (next-one):  2022-07-23 23:08:26.518099
hit:
[0.93937559 0.97757088 0.99144523 1.03486381 1.08709668 1.10341946
 1.12202742 1.14275734 1.1613653  1.19319471 1.2108233  1.22698285
 1.26044453 1.27725699 1.32361367 1.3373248  1.35103592 1.36491028
 1.3779685  1.38841508]
mrr:
[0.93937559 0.95847323 0.96309802 0.97395266 0.98439924 0.9871197
 0.98977798 0.99236922 0.99443677 0.99761971 0.99922231 1.00056894
 1.00314292 1.00434381 1.00743425 1.0082912  1.00909773 1.00986853
 1.01055581 1.01107813]
pre:
[0.93937559 0.48878544 0.33048174 0.25871595 0.21741934 0.18390324
 0.16028963 0.14284467 0.12904059 0.11931947 0.11007485 0.10224857
 0.09695727 0.09123264 0.08824091 0.0835828  0.0794727  0.07582835
 0.07252466 0.06942075]
start predicting (next-new):  2022-07-23 23:29:25.534902
hit:
[0.02470344 0.03842758 0.04574712 0.05260919 0.06084367 0.06953562
 0.08371723 0.09332412 0.10384596 0.11619768 0.12900688 0.13861377
 0.14913561 0.1619448  0.17429652 0.18161606 0.19259537 0.20586204
 0.2159264  0.22782065]
mrr:
[0.02470344 0.03156551 0.03400536 0.03572088 0.03736777 0.03881643
 0.04084237 0.04204324 0.04321233 0.0444475  0.04561197 0.04641255
 0.04722192 0.04813686 0.04896031 0.04941778 0.05006362 0.05080066
 0.05133036 0.05192508]
pre:
[0.02470344 0.01921379 0.01524904 0.0131523  0.01216873 0.01158927
 0.0119596  0.01166552 0.01153844 0.01161977 0.0117279  0.01155115
 0.01147197 0.01156749 0.01161977 0.011351   0.01132914 0.01143678
 0.01136455 0.01139103]
-------------------------------------------------------
epoch:  1
start training:  2022-07-23 23:36:15.029771
[0/17] Loss: 10.2164
[4/17] Loss: 9.4950
[8/17] Loss: 9.4682
[12/17] Loss: 9.5295
[16/17] Loss: 9.4963
	Loss:	162.941
start predicting (next-one):  2022-07-23 23:36:18.994598
hit:
[1.14047215 1.25522125 1.32883695 1.45435908 1.48782076 1.51507979
 1.54968407 1.5886955  1.62835984 1.65121172 1.66884032 1.69365093
 1.71078984 1.72907135 1.75192323 1.76791955 1.78750688 1.80513547
 1.82406989 1.8430043 ]
mrr:
[1.14047215 1.1978467  1.22238527 1.2537658  1.26045814 1.26500131
 1.26994478 1.27482121 1.27922835 1.28151354 1.28311614 1.28518369
 1.28650207 1.28780789 1.28933135 1.29033112 1.29148332 1.29246268
 1.29345923 1.29440595]
pre:
[1.14047215 0.62761062 0.44294565 0.36358977 0.29756415 0.2525133
 0.22138344 0.19858694 0.18092887 0.16512117 0.15171276 0.14113758
 0.13159922 0.1235051  0.11679488 0.11049497 0.10514746 0.1002853
 0.09600368 0.09215022]
start predicting (next-new):  2022-07-23 23:57:39.651040
hit:
[0.05809884 0.08371723 0.10842067 0.12260228 0.13724136 0.14730572
 0.15965745 0.17658388 0.19259537 0.20769192 0.22507583 0.23742755
 0.25298157 0.26807812 0.2827172  0.2936965  0.30376087 0.31657006
 0.32892179 0.34356086]
mrr:
[0.05809884 0.07090803 0.07914252 0.08268792 0.08561573 0.08729313
 0.08905766 0.09117346 0.09295252 0.09446217 0.09604253 0.09707184
 0.0982683  0.09934663 0.10032257 0.10100877 0.10160079 0.10231242
 0.10296251 0.10369446]
pre:
[0.05809884 0.04185861 0.03614022 0.03065057 0.02744827 0.02455095
 0.02280821 0.02207298 0.02139949 0.02076919 0.02046144 0.01978563
 0.01946012 0.01914844 0.01884781 0.01835603 0.01786829 0.01758723
 0.01731167 0.01717804]
-------------------------------------------------------
epoch:  2
start training:  2022-07-24 00:04:36.598031
[0/17] Loss: 8.6836
[4/17] Loss: 8.4450
[8/17] Loss: 8.3037
[12/17] Loss: 8.5710
[16/17] Loss: 9.0995
	Loss:	145.107
start predicting (next-one):  2022-07-24 00:04:40.556347
hit:
[1.09085092 1.21816855 1.35430048 1.41355215 1.60077435 1.64011224
 1.6781443  1.72205256 1.75061741 1.7858746  1.81346009 1.83908684
 1.86144904 1.88266864 1.90633666 1.92853564 1.95334625 1.9742394
 2.00231457 2.0295736 ]
mrr:
[1.09085092 1.15450974 1.19988705 1.21469996 1.2521444  1.25870072
 1.26413387 1.2696224  1.27279627 1.27632199 1.27882977 1.28096533
 1.2826855  1.28420118 1.28577905 1.28716649 1.28862593 1.28978667
 1.29126431 1.29262726]
pre:
[1.09085092 0.60908428 0.45143349 0.35338804 0.32015487 0.27335204
 0.2397349  0.21525657 0.19451305 0.17858746 0.16486001 0.15325724
 0.14318839 0.13447633 0.12708911 0.12053348 0.11490272 0.10967997
 0.10538498 0.10147868]
start predicting (next-new):  2022-07-24 00:25:58.265679
hit:
[0.06130114 0.09332412 0.12351722 0.15782756 0.18344595 0.20311721
 0.23010801 0.25069421 0.27356777 0.29140915 0.31519765 0.32846431
 0.3476781  0.36826431 0.38336086 0.40577695 0.42682062 0.44100223
 0.46341832 0.48171716]
mrr:
[0.06130114 0.07731263 0.087377   0.09595458 0.10107826 0.1043568
 0.10821263 0.11078591 0.11332741 0.11511155 0.11727414 0.1183797
 0.11985768 0.12132812 0.12233456 0.12373557 0.12497343 0.1257613
 0.12694109 0.12785603]
pre:
[0.06130114 0.04666206 0.04117241 0.03945689 0.03668919 0.03385287
 0.03287257 0.03133678 0.03039642 0.02914091 0.02865433 0.02737203
 0.02674447 0.02630459 0.02555739 0.02536106 0.0251071  0.02450012
 0.02439044 0.02408586]
-------------------------------------------------------
epoch:  3
start training:  2022-07-24 00:32:48.900475
[0/17] Loss: 8.1378
[4/17] Loss: 7.9412
[8/17] Loss: 8.0326
[12/17] Loss: 8.4726
[16/17] Loss: 8.9971
	Loss:	140.068
start predicting (next-one):  2022-07-24 00:32:53.153750
hit:
[1.10162395 1.26403554 1.36409414 1.43950535 1.62672756 1.70964725
 1.78195713 1.83337387 1.87744536 1.92608722 1.96673092 2.0013352
 2.05324162 2.090784   2.13648776 2.17011268 2.19949367 2.23409795
 2.26200989 2.29122765]
mrr:
[1.10162395 1.18282975 1.21618261 1.23503542 1.27247986 1.28629981
 1.29662979 1.30305688 1.30795371 1.3128179  1.31651278 1.31939647
 1.32338927 1.32607087 1.32911779 1.33121935 1.33294764 1.3348701
 1.33633915 1.33780004]
pre:
[1.10162395 0.63201777 0.45469805 0.35987634 0.32534551 0.28494121
 0.2545653  0.22917173 0.20860504 0.19260872 0.17879372 0.16677793
 0.15794166 0.14934171 0.14243252 0.13563204 0.12938198 0.12411655
 0.11905315 0.11456138]
start predicting (next-new):  2022-07-24 00:54:20.650838
hit:
[0.05947125 0.09789883 0.13266665 0.19030802 0.23010801 0.26579076
 0.29918616 0.32937926 0.35637006 0.39022293 0.41629878 0.43459763
 0.45609878 0.48080222 0.50459072 0.52517693 0.54439072 0.56360451
 0.58373324 0.60752174]
mrr:
[0.05947125 0.07868504 0.09027431 0.10468466 0.11264466 0.11859178
 0.12336255 0.12713669 0.13013567 0.13352095 0.13589149 0.13741639
 0.13907033 0.14083486 0.14242076 0.1437074  0.14483762 0.14590505
 0.14696446 0.14815388]
pre:
[0.05947125 0.04894942 0.04422222 0.047577   0.0460216  0.04429846
 0.04274088 0.04117241 0.03959667 0.03902229 0.03784534 0.03621647
 0.03508452 0.03434302 0.03363938 0.03282356 0.03202298 0.03131136
 0.0307228  0.03037609]
-------------------------------------------------------
epoch:  4
start training:  2022-07-24 01:01:18.524672
[0/17] Loss: 7.9221
[4/17] Loss: 7.7619
[8/17] Loss: 7.9360
[12/17] Loss: 8.3468
[16/17] Loss: 8.7870
	Loss:	137.349
start predicting (next-one):  2022-07-24 01:01:22.756792
hit:
[1.16887378 1.35413725 1.41485797 1.60191695 1.70638269 1.82145824
 1.92086393 1.9848492  2.04540669 2.10710677 2.15346345 2.20161563
 2.23491409 2.28437209 2.3762693  2.41609687 2.45445538 2.48416283
 2.51550255 2.54602614]
mrr:
[1.16887378 1.26150551 1.28174575 1.3285105  1.34940365 1.36858291
 1.38278372 1.39078188 1.39751049 1.4036805  1.40789474 1.41190742
 1.41446884 1.41800155 1.42412804 1.42661726 1.42887364 1.43052406
 1.43217351 1.43369969]
pre:
[1.16887378 0.67706863 0.47161932 0.40047924 0.34127654 0.30357637
 0.27440913 0.24810615 0.22726741 0.21071068 0.1957694  0.18346797
 0.17191647 0.16316943 0.15841795 0.15100605 0.14437973 0.13800905
 0.13239487 0.12730131]
start predicting (next-new):  2022-07-24 01:22:28.288923
hit:
[0.05764137 0.12626205 0.15279538 0.19717008 0.2397149  0.27494019
 0.31885742 0.35591259 0.39205281 0.42727809 0.45838613 0.48995165
 0.51648497 0.53707118 0.55994474 0.58327577 0.60386197 0.61850105
 0.64320449 0.66333323]
mrr:
[0.05764137 0.09195171 0.10079615 0.11188983 0.12039879 0.12626967
 0.13254356 0.13717546 0.14119104 0.14471357 0.14754157 0.15017203
 0.15221306 0.1536835  0.1552084  0.15666659 0.15787755 0.15869083
 0.15999101 0.16099745]
pre:
[0.05764137 0.06313102 0.05093179 0.04929252 0.04794298 0.04582336
 0.04555106 0.04448907 0.04356142 0.04272781 0.04167147 0.0408293
 0.03972961 0.03836223 0.03732965 0.03645474 0.03552129 0.03436117
 0.03385287 0.03316666]
-------------------------------------------------------
epoch:  5
start training:  2022-07-24 01:29:26.231871
[0/17] Loss: 7.7304
[4/17] Loss: 7.6420
[8/17] Loss: 7.8610
[12/17] Loss: 8.2738
[16/17] Loss: 8.7470
	Loss:	135.629
start predicting (next-one):  2022-07-24 01:29:30.299935
hit:
[1.1672415  1.35201529 1.41469474 1.603386   1.72188933 1.82292729
 1.92314912 1.98762407 2.06156624 2.11167715 2.16505262 2.21989713
 2.28698373 2.35129546 2.38769524 2.42083047 2.45820962 2.4946094
 2.52562267 2.55337139]
mrr:
[1.1672415  1.2596284  1.28052155 1.32769436 1.35139503 1.36823469
 1.38255209 1.39061146 1.39882726 1.40383835 1.40869066 1.41326104
 1.41842155 1.42301524 1.42544189 1.42751284 1.42971162 1.43173383
 1.43336611 1.43475354]
pre:
[1.1672415  0.67600765 0.47156491 0.4008465  0.34437787 0.30382122
 0.27473559 0.24845301 0.22906292 0.21116771 0.19682297 0.18499143
 0.17592183 0.16794968 0.15917968 0.1513019  0.14460057 0.13858941
 0.13292751 0.12766857]
start predicting (next-new):  2022-07-24 01:50:46.819493
hit:
[0.05855631 0.12626205 0.15279538 0.19488273 0.23925743 0.27677007
 0.31839995 0.35911488 0.39571258 0.42910798 0.4620459  0.49040912
 0.51465509 0.53935853 0.56543439 0.58647807 0.60386197 0.62353323
 0.64640679 0.66653552]
mrr:
[0.05855631 0.09240918 0.10125362 0.11177546 0.1206504  0.12690251
 0.13284963 0.137939   0.14200541 0.14534495 0.14833931 0.15070291
 0.15256798 0.15433252 0.15607091 0.15738614 0.15840872 0.15950157
 0.16070544 0.16171187]
pre:
[0.05855631 0.06313102 0.05093179 0.04872068 0.04785149 0.04612835
 0.04548571 0.04488936 0.04396806 0.0429108  0.04200417 0.04086743
 0.03958885 0.03852561 0.03769563 0.03665488 0.03552129 0.03464074
 0.03402141 0.03332678]
-------------------------------------------------------
epoch:  6
start training:  2022-07-24 01:57:30.863782
[0/17] Loss: 7.7108
[4/17] Loss: 7.6283
[8/17] Loss: 7.8497
[12/17] Loss: 8.2593
[16/17] Loss: 8.7283
	Loss:	135.370
start predicting (next-one):  2022-07-24 01:57:35.135340
hit:
[1.16789441 1.35250497 1.46137787 1.60452859 1.72923458 1.82586539
 1.93033114 1.98941958 2.06450433 2.12000176 2.1849664  2.22430428
 2.29318638 2.36141558 2.39504049 2.42654344 2.46261677 2.50064883
 2.528724   2.55777854]
mrr:
[1.16789441 1.26019969 1.29649066 1.33227834 1.35721954 1.37332467
 1.38824835 1.3956344  1.40397716 1.4095269  1.41543277 1.41871093
 1.42400955 1.42888307 1.43112473 1.43309366 1.43521562 1.43732852
 1.43880616 1.44025888]
pre:
[1.16789441 0.67625249 0.48712596 0.40113215 0.34584692 0.3043109
 0.27576159 0.24867745 0.22938937 0.21200018 0.19863331 0.18535869
 0.17639895 0.16867254 0.15966937 0.15165897 0.14485981 0.13892494
 0.13309074 0.12788893]
start predicting (next-new):  2022-07-24 02:19:00.910709
hit:
[0.05992873 0.12534711 0.15233791 0.19579767 0.23879996 0.27494019
 0.32160225 0.36002983 0.39617005 0.42956545 0.46662061 0.49178153
 0.5160275  0.54347577 0.57092405 0.58968036 0.60797921 0.62627806
 0.64549185 0.66607805]
mrr:
[0.05992873 0.09263792 0.10163485 0.11249979 0.12110025 0.12712362
 0.13378963 0.13859308 0.14260866 0.1459482  0.14931685 0.15141359
 0.15327867 0.15523926 0.15706914 0.15824141 0.15931781 0.16033442
 0.16134567 0.16237498]
pre:
[0.05992873 0.06267355 0.0507793  0.04894942 0.04775999 0.04582336
 0.04594318 0.04500373 0.04401889 0.04295654 0.04242006 0.04098179
 0.03969442 0.0388197  0.0380616  0.03685502 0.03576348 0.03479323
 0.03397326 0.0333039 ]
-------------------------------------------------------
epoch:  7
start training:  2022-07-24 02:26:00.634670
[0/17] Loss: 7.6906
[4/17] Loss: 7.6140
[8/17] Loss: 7.8377
[12/17] Loss: 8.2446
[16/17] Loss: 8.7096
	Loss:	135.104
start predicting (next-one):  2022-07-24 02:26:04.849754
hit:
[1.16854732 1.35217852 1.49108532 1.61415903 1.72907135 1.82831381
 1.93147373 1.99056217 2.07299218 2.12734701 2.18921032 2.25841888
 2.29808322 2.36729177 2.40189605 2.43552097 2.46718715 2.50423984
 2.53215178 2.56349151]
mrr:
[1.16854732 1.26036292 1.30666519 1.33743361 1.36041608 1.37695649
 1.39169362 1.39907968 1.40823856 1.41367405 1.41929799 1.42506537
 1.42811647 1.43305994 1.43536689 1.43746845 1.43933116 1.44138965
 1.44285869 1.44442568]
pre:
[1.16854732 0.67608926 0.49702844 0.40353976 0.34581427 0.30471897
 0.27592482 0.24882027 0.23033246 0.2127347  0.19901912 0.18820157
 0.17677563 0.16909227 0.1601264  0.15222006 0.14512866 0.13912444
 0.13327115 0.12817458]
start predicting (next-new):  2022-07-24 02:47:42.394289
hit:
[0.0603862  0.12397469 0.15279538 0.1953402  0.23879996 0.27539766
 0.32251719 0.36185971 0.39982982 0.43093786 0.46570567 0.49132406
 0.52014474 0.55079531 0.56863669 0.59013784 0.60889415 0.62627806
 0.64594932 0.66745047]
mrr:
[0.0603862  0.09218044 0.10178734 0.11242355 0.1211155  0.12721511
 0.13394648 0.13886429 0.14308319 0.146194   0.14935471 0.15148957
 0.15370655 0.15589587 0.1570853  0.15842912 0.15953243 0.16049821
 0.16153354 0.16260859]
pre:
[0.0603862  0.06198735 0.05093179 0.04883505 0.04775999 0.04589961
 0.04607388 0.04523246 0.04442554 0.04309379 0.04233688 0.04094367
 0.04001113 0.03934252 0.03790911 0.03688361 0.0358173  0.03479323
 0.03399733 0.03337252]
-------------------------------------------------------
epoch:  8
start training:  2022-07-24 02:54:49.572126
[0/17] Loss: 7.6700
[4/17] Loss: 7.6009
[8/17] Loss: 7.8285
[12/17] Loss: 8.2369
[16/17] Loss: 8.7059
	Loss:	134.919
start predicting (next-one):  2022-07-24 02:54:53.988330
hit:
[1.16871055 1.35217852 1.51540625 1.61432225 1.72923458 1.82831381
 1.93212665 1.9907254  2.07364509 2.12816315 2.18921032 2.25874533
 2.29759353 2.36729177 2.40238574 2.43584742 2.46653423 2.50505598
 2.53133564 2.56414442]
mrr:
[1.16871055 1.26044453 1.31485378 1.33958278 1.36256524 1.37907845
 1.39390885 1.4012337  1.410447   1.4158988  1.42144855 1.42724313
 1.43023145 1.4352099  1.4375495  1.43964085 1.44144596 1.44358606
 1.4449692  1.44660963]
pre:
[1.16871055 0.67608926 0.50513542 0.40358056 0.34584692 0.30471897
 0.27601809 0.24884068 0.23040501 0.21281631 0.19901912 0.18822878
 0.17673796 0.16909227 0.16015905 0.15224046 0.14509025 0.13916978
 0.13322819 0.12820722]
start predicting (next-new):  2022-07-24 03:16:58.930986
hit:
[0.06084367 0.12397469 0.15325285 0.1953402  0.23879996 0.27539766
 0.32251719 0.36231718 0.40074476 0.43093786 0.4652482  0.49132406
 0.5192298  0.55079531 0.56955163 0.58968036 0.60843668 0.62582059
 0.64686426 0.66790794]
mrr:
[0.06084367 0.09240918 0.10216857 0.1126904  0.12138236 0.12748197
 0.13421333 0.13918833 0.14345806 0.14647737 0.1495965  0.15176948
 0.15391608 0.15617076 0.15742118 0.15867923 0.15978254 0.16074831
 0.16185587 0.16290806]
pre:
[0.06084367 0.06198735 0.05108428 0.04883505 0.04775999 0.04589961
 0.04607388 0.04528965 0.0445272  0.04309379 0.04229529 0.04094367
 0.03994075 0.03934252 0.03797011 0.03685502 0.03579039 0.03476781
 0.03404549 0.0333954 ]
-------------------------------------------------------
epoch:  9
start training:  2022-07-24 03:23:59.422237
[0/17] Loss: 7.6679
[4/17] Loss: 7.5995
[8/17] Loss: 7.8272
[12/17] Loss: 8.2355
[16/17] Loss: 8.7040
	Loss:	134.892
start predicting (next-one):  2022-07-24 03:24:03.439705
hit:
[1.16838409 1.35185206 1.51540625 1.61448548 1.73037717 1.82880349
 1.9324531  1.99137831 2.07380832 2.12816315 2.18953678 2.25939824
 2.29791999 2.3685976  2.40238574 2.43650033 2.46718715 2.50570889
 2.53149887 2.56545024]
mrr:
[1.16838409 1.26011808 1.31463614 1.33940595 1.36258429 1.37898867
 1.39379576 1.40116141 1.4103203  1.41575578 1.42133521 1.42715699
 1.43012021 1.43516861 1.43742115 1.43955331 1.44135842 1.44349851
 1.44485588 1.44655345]
pre:
[1.16838409 0.67592603 0.50513542 0.40362137 0.34607543 0.30480058
 0.27606473 0.24892229 0.23042315 0.21281631 0.1990488  0.18828319
 0.17676308 0.16918554 0.16015905 0.15228127 0.14512866 0.13920605
 0.13323678 0.12827251]
start predicting (next-new):  2022-07-24 03:45:09.885449
hit:
[0.0603862  0.12305975 0.15325285 0.1953402  0.23879996 0.27585513
 0.32297466 0.36277465 0.40074476 0.43093786 0.46662061 0.49178153
 0.51877233 0.55079531 0.56909416 0.59059531 0.60843668 0.62582059
 0.64686426 0.66882288]
mrr:
[0.0603862  0.09172297 0.10178734 0.11230918 0.12100113 0.12717699
 0.13390835 0.13888335 0.14310225 0.14612156 0.14936545 0.15146219
 0.15353841 0.15582576 0.15704569 0.15838951 0.159439   0.16040477
 0.16151234 0.16261027]
pre:
[0.0603862  0.06152988 0.05108428 0.04883505 0.04775999 0.04597585
 0.04613924 0.04534683 0.0445272  0.04309379 0.04242006 0.04098179
 0.03990556 0.03934252 0.03793961 0.03691221 0.03579039 0.03476781
 0.03404549 0.03344114]
-------------------------------------------------------
epoch:  10
start training:  2022-07-24 03:51:49.018439
[0/17] Loss: 7.6659
[4/17] Loss: 7.5980
[8/17] Loss: 7.8260
[12/17] Loss: 8.2340
[16/17] Loss: 8.7022
	Loss:	134.864
start predicting (next-one):  2022-07-24 03:51:53.016686
hit:
[1.16805764 1.35185206 1.51540625 1.63717414 1.73021394 1.82912995
 1.93261633 1.99154154 2.07544059 2.12897929 2.22103973 2.25825565
 2.29971549 2.36876082 2.40271219 2.43666356 2.46702392 2.50538243
 2.53149887 2.56610315]
mrr:
[1.16805764 1.25995485 1.31447291 1.34491488 1.36352285 1.38000885
 1.39479262 1.40215827 1.41148038 1.41683425 1.42520338 1.42830471
 1.43149393 1.43642574 1.43868916 1.44081112 1.44259703 1.44472806
 1.44610261 1.44783282]
pre:
[1.16805764 0.67592603 0.50513542 0.40929353 0.34604279 0.30485499
 0.27608805 0.24894269 0.23060451 0.21289793 0.2019127  0.18818797
 0.17690119 0.1691972  0.16018081 0.15229147 0.14511905 0.13918791
 0.13323678 0.12830516]
start predicting (next-new):  2022-07-24 04:12:22.913962
hit:
[0.0603862  0.12305975 0.15325285 0.19579767 0.23834249 0.27585513
 0.32297466 0.36323213 0.40165971 0.43139533 0.46662061 0.49086659
 0.5192298  0.5494229  0.56863669 0.59059531 0.60843668 0.62444818
 0.64640679 0.66882288]
mrr:
[0.0603862  0.09172297 0.10178734 0.11242355 0.12093251 0.12718462
 0.13391598 0.13894816 0.14321789 0.14619145 0.14939375 0.15141425
 0.15359604 0.15575269 0.15703361 0.15840602 0.15945551 0.16034504
 0.16150076 0.16262156]
pre:
[0.0603862  0.06152988 0.05108428 0.04894942 0.0476685  0.04597585
 0.04613924 0.04540402 0.04462886 0.04313953 0.04242006 0.04090555
 0.03994075 0.03924449 0.03790911 0.03691221 0.03579039 0.03469157
 0.03402141 0.03344114]
-------------------------------------------------------
epoch:  11
start training:  2022-07-24 04:19:00.247828
[0/17] Loss: 7.6638
[4/17] Loss: 7.5966
[8/17] Loss: 7.8250
[12/17] Loss: 8.2332
[16/17] Loss: 8.7018
	Loss:	134.846
start predicting (next-one):  2022-07-24 04:19:04.322337
hit:
[1.16805764 1.35185206 1.51540625 1.63717414 1.73021394 1.82912995
 1.93261633 1.99154154 2.07544059 2.12897929 2.22103973 2.25858211
 2.29971549 2.36876082 2.40254896 2.43666356 2.46702392 2.50538243
 2.5316621  2.56593992]
mrr:
[1.16805764 1.25995485 1.31447291 1.34491488 1.36352285 1.38000885
 1.39479262 1.40215827 1.41148038 1.41683425 1.42520338 1.42833192
 1.43149602 1.43642783 1.43868037 1.44081254 1.44259844 1.44472947
 1.44611261 1.4478265 ]
pre:
[1.16805764 0.67592603 0.50513542 0.40929353 0.34604279 0.30485499
 0.27608805 0.24894269 0.23060451 0.21289793 0.2019127  0.18821518
 0.17690119 0.1691972  0.16016993 0.15229147 0.14511905 0.13918791
 0.13324537 0.128297  ]
start predicting (next-new):  2022-07-24 04:39:45.230843
hit:
[0.0603862  0.12305975 0.15325285 0.19579767 0.23834249 0.27585513
 0.32297466 0.36323213 0.40165971 0.43139533 0.46662061 0.49132406
 0.5192298  0.5494229  0.56863669 0.59059531 0.60843668 0.62444818
 0.64640679 0.66836541]
mrr:
[0.0603862  0.09172297 0.10178734 0.11242355 0.12093251 0.12718462
 0.13391598 0.13894816 0.14321789 0.14619145 0.14939375 0.15145237
 0.15359897 0.15575562 0.15703654 0.15840895 0.15945844 0.16034797
 0.16150369 0.16260162]
pre:
[0.0603862  0.06152988 0.05108428 0.04894942 0.0476685  0.04597585
 0.04613924 0.04540402 0.04462886 0.04313953 0.04242006 0.04094367
 0.03994075 0.03924449 0.03790911 0.03691221 0.03579039 0.03469157
 0.03402141 0.03341827]
-------------------------------------------------------
epoch:  12
start training:  2022-07-24 04:46:25.335281
[0/17] Loss: 7.6636
[4/17] Loss: 7.5965
[8/17] Loss: 7.8249
[12/17] Loss: 8.2331
[16/17] Loss: 8.7016
	Loss:	134.843
start predicting (next-one):  2022-07-24 04:46:30.501123
hit:
[1.16805764 1.35185206 1.51540625 1.63717414 1.73021394 1.82912995
 1.93261633 1.99154154 2.07560382 2.12897929 2.22103973 2.25874533
 2.29971549 2.36876082 2.40254896 2.43666356 2.46686069 2.50538243
 2.53182533 2.56593992]
mrr:
[1.16805764 1.25995485 1.31447291 1.34491488 1.36352285 1.38000885
 1.39479262 1.40215827 1.41149852 1.41683607 1.4252052  1.42834733
 1.43149888 1.43643069 1.43868323 1.4408154  1.4425917  1.4447318
 1.44612353 1.44782926]
pre:
[1.16805764 0.67592603 0.50513542 0.40929353 0.34604279 0.30485499
 0.27608805 0.24894269 0.23062265 0.21289793 0.2019127  0.18822878
 0.17690119 0.1691972  0.16016993 0.15229147 0.14510945 0.13918791
 0.13325396 0.128297  ]
start predicting (next-new):  2022-07-24 05:07:06.286634
hit:
[0.0603862  0.12305975 0.15325285 0.19579767 0.23834249 0.27585513
 0.32297466 0.36323213 0.40165971 0.43139533 0.46662061 0.49132406
 0.5192298  0.5494229  0.56863669 0.59059531 0.60843668 0.62444818
 0.64640679 0.66836541]
mrr:
[0.0603862  0.09172297 0.10178734 0.11242355 0.12093251 0.12718462
 0.13391598 0.13894816 0.14321789 0.14619145 0.14939375 0.15145237
 0.15359897 0.15575562 0.15703654 0.15840895 0.15945844 0.16034797
 0.16150369 0.16260162]
pre:
[0.0603862  0.06152988 0.05108428 0.04894942 0.0476685  0.04597585
 0.04613924 0.04540402 0.04462886 0.04313953 0.04242006 0.04094367
 0.03994075 0.03924449 0.03790911 0.03691221 0.03579039 0.03469157
 0.03402141 0.03341827]
-------------------------------------------------------
epoch:  13
start training:  2022-07-24 05:13:56.264055
[0/17] Loss: 7.6634
[4/17] Loss: 7.5963
[8/17] Loss: 7.8248
[12/17] Loss: 8.2329
[16/17] Loss: 8.7014
	Loss:	134.840
start predicting (next-one):  2022-07-24 05:14:01.210663
hit:
[1.16805764 1.35185206 1.51540625 1.63717414 1.73021394 1.82912995
 1.93261633 1.99170477 2.07560382 2.12897929 2.22103973 2.25874533
 2.29971549 2.36876082 2.40254896 2.43682679 2.46686069 2.50538243
 2.53182533 2.56593992]
mrr:
[1.16805764 1.25995485 1.31447291 1.34491488 1.36352285 1.38000885
 1.39479262 1.40217867 1.41150079 1.41683833 1.42520747 1.4283496
 1.43150115 1.43643296 1.4386855  1.44082787 1.44259457 1.44473466
 1.44612639 1.44783212]
pre:
[1.16805764 0.67592603 0.50513542 0.40929353 0.34604279 0.30485499
 0.27608805 0.2489631  0.23062265 0.21289793 0.2019127  0.18822878
 0.17690119 0.1691972  0.16016993 0.15230167 0.14510945 0.13918791
 0.13325396 0.128297  ]
start predicting (next-new):  2022-07-24 05:34:32.834152
hit:
[0.0603862  0.12305975 0.15325285 0.19579767 0.23834249 0.27585513
 0.32297466 0.36323213 0.40165971 0.43139533 0.46662061 0.49132406
 0.5192298  0.5494229  0.56863669 0.59059531 0.60843668 0.62444818
 0.64640679 0.66836541]
mrr:
[0.0603862  0.09172297 0.10178734 0.11242355 0.12093251 0.12718462
 0.13391598 0.13894816 0.14321789 0.14619145 0.14939375 0.15145237
 0.15359897 0.15575562 0.15703654 0.15840895 0.15945844 0.16034797
 0.16150369 0.16260162]
pre:
[0.0603862  0.06152988 0.05108428 0.04894942 0.0476685  0.04597585
 0.04613924 0.04540402 0.04462886 0.04313953 0.04242006 0.04094367
 0.03994075 0.03924449 0.03790911 0.03691221 0.03579039 0.03469157
 0.03402141 0.03341827]
-------------------------------------------------------
epoch:  14
start training:  2022-07-24 05:41:21.989324
[0/17] Loss: 7.6632
[4/17] Loss: 7.5962
[8/17] Loss: 7.8247
[12/17] Loss: 8.2328
[16/17] Loss: 8.7014
	Loss:	134.838
start predicting (next-one):  2022-07-24 05:41:26.754606
hit:
[1.16805764 1.35185206 1.51540625 1.63717414 1.73021394 1.82912995
 1.93261633 1.99170477 2.07560382 2.12897929 2.22103973 2.25874533
 2.29971549 2.36876082 2.40254896 2.43682679 2.46686069 2.50538243
 2.53182533 2.56593992]
mrr:
[1.16805764 1.25995485 1.31447291 1.34491488 1.36352285 1.38000885
 1.39479262 1.40217867 1.41150079 1.41683833 1.42520747 1.4283496
 1.43150115 1.43643296 1.4386855  1.44082787 1.44259457 1.44473466
 1.44612639 1.44783212]
pre:
[1.16805764 0.67592603 0.50513542 0.40929353 0.34604279 0.30485499
 0.27608805 0.2489631  0.23062265 0.21289793 0.2019127  0.18822878
 0.17690119 0.1691972  0.16016993 0.15230167 0.14510945 0.13918791
 0.13325396 0.128297  ]
start predicting (next-new):  2022-07-24 06:01:53.908906
hit:
[0.0603862  0.12305975 0.15325285 0.19579767 0.23834249 0.27585513
 0.32297466 0.36323213 0.40165971 0.43139533 0.46662061 0.49132406
 0.5192298  0.5494229  0.56863669 0.59059531 0.60843668 0.62444818
 0.64640679 0.66836541]
mrr:
[0.0603862  0.09172297 0.10178734 0.11242355 0.12093251 0.12718462
 0.13391598 0.13894816 0.14321789 0.14619145 0.14939375 0.15145237
 0.15359897 0.15575562 0.15703654 0.15840895 0.15945844 0.16034797
 0.16150369 0.16260162]
pre:
[0.0603862  0.06152988 0.05108428 0.04894942 0.0476685  0.04597585
 0.04613924 0.04540402 0.04462886 0.04313953 0.04242006 0.04094367
 0.03994075 0.03924449 0.03790911 0.03691221 0.03579039 0.03469157
 0.03402141 0.03341827]
-------------------------------------------------------
epoch:  15
start training:  2022-07-24 06:08:46.123334
[0/17] Loss: 7.6631
[4/17] Loss: 7.5962
[8/17] Loss: 7.8247
[12/17] Loss: 8.2328
[16/17] Loss: 8.7014
	Loss:	134.838
start predicting (next-one):  2022-07-24 06:08:50.993782
hit:
[1.16805764 1.35185206 1.51540625 1.63717414 1.73021394 1.82912995
 1.93261633 1.99170477 2.07560382 2.12897929 2.22103973 2.25874533
 2.29971549 2.36876082 2.40254896 2.43682679 2.46686069 2.50538243
 2.53182533 2.56593992]
mrr:
[1.16805764 1.25995485 1.31447291 1.34491488 1.36352285 1.38000885
 1.39479262 1.40217867 1.41150079 1.41683833 1.42520747 1.4283496
 1.43150115 1.43643296 1.4386855  1.44082787 1.44259457 1.44473466
 1.44612639 1.44783212]
pre:
[1.16805764 0.67592603 0.50513542 0.40929353 0.34604279 0.30485499
 0.27608805 0.2489631  0.23062265 0.21289793 0.2019127  0.18822878
 0.17690119 0.1691972  0.16016993 0.15230167 0.14510945 0.13918791
 0.13325396 0.128297  ]
start predicting (next-new):  2022-07-24 06:29:20.391332
hit:
[0.0603862  0.12305975 0.15325285 0.19579767 0.23834249 0.27585513
 0.32297466 0.36323213 0.40165971 0.43139533 0.46662061 0.49132406
 0.5192298  0.5494229  0.56863669 0.59059531 0.60843668 0.62444818
 0.64640679 0.66836541]
mrr:
[0.0603862  0.09172297 0.10178734 0.11242355 0.12093251 0.12718462
 0.13391598 0.13894816 0.14321789 0.14619145 0.14939375 0.15145237
 0.15359897 0.15575562 0.15703654 0.15840895 0.15945844 0.16034797
 0.16150369 0.16260162]
pre:
[0.0603862  0.06152988 0.05108428 0.04894942 0.0476685  0.04597585
 0.04613924 0.04540402 0.04462886 0.04313953 0.04242006 0.04094367
 0.03994075 0.03924449 0.03790911 0.03691221 0.03579039 0.03469157
 0.03402141 0.03341827]
-------------------------------------------------------
epoch:  16
start training:  2022-07-24 06:36:07.400441
[0/17] Loss: 7.6631
[4/17] Loss: 7.5962
[8/17] Loss: 7.8247
[12/17] Loss: 8.2328
[16/17] Loss: 8.7014
	Loss:	134.838
start predicting (next-one):  2022-07-24 06:36:12.525146
hit:
[1.16805764 1.35185206 1.51540625 1.63717414 1.73021394 1.82912995
 1.93261633 1.99170477 2.07560382 2.12897929 2.22103973 2.25874533
 2.29971549 2.36876082 2.40254896 2.43682679 2.46686069 2.50538243
 2.53182533 2.56593992]
mrr:
[1.16805764 1.25995485 1.31447291 1.34491488 1.36352285 1.38000885
 1.39479262 1.40217867 1.41150079 1.41683833 1.42520747 1.4283496
 1.43150115 1.43643296 1.4386855  1.44082787 1.44259457 1.44473466
 1.44612639 1.44783212]
pre:
[1.16805764 0.67592603 0.50513542 0.40929353 0.34604279 0.30485499
 0.27608805 0.2489631  0.23062265 0.21289793 0.2019127  0.18822878
 0.17690119 0.1691972  0.16016993 0.15230167 0.14510945 0.13918791
 0.13325396 0.128297  ]
start predicting (next-new):  2022-07-24 06:56:39.134029
hit:
[0.0603862  0.12305975 0.15325285 0.19579767 0.23834249 0.27585513
 0.32297466 0.36323213 0.40165971 0.43139533 0.46662061 0.49132406
 0.5192298  0.5494229  0.56863669 0.59059531 0.60843668 0.62444818
 0.64640679 0.66836541]
mrr:
[0.0603862  0.09172297 0.10178734 0.11242355 0.12093251 0.12718462
 0.13391598 0.13894816 0.14321789 0.14619145 0.14939375 0.15145237
 0.15359897 0.15575562 0.15703654 0.15840895 0.15945844 0.16034797
 0.16150369 0.16260162]
pre:
[0.0603862  0.06152988 0.05108428 0.04894942 0.0476685  0.04597585
 0.04613924 0.04540402 0.04462886 0.04313953 0.04242006 0.04094367
 0.03994075 0.03924449 0.03790911 0.03691221 0.03579039 0.03469157
 0.03402141 0.03341827]
-------------------------------------------------------
epoch:  17
start training:  2022-07-24 07:03:30.094347
[0/17] Loss: 7.6631
[4/17] Loss: 7.5962
[8/17] Loss: 7.8247
[12/17] Loss: 8.2328
[16/17] Loss: 8.7014
	Loss:	134.838
start predicting (next-one):  2022-07-24 07:03:35.421264
hit:
[1.16805764 1.35185206 1.51540625 1.63717414 1.73021394 1.82912995
 1.93261633 1.99170477 2.07560382 2.12897929 2.22103973 2.25874533
 2.29971549 2.36876082 2.40254896 2.43682679 2.46686069 2.50538243
 2.53182533 2.56593992]
mrr:
[1.16805764 1.25995485 1.31447291 1.34491488 1.36352285 1.38000885
 1.39479262 1.40217867 1.41150079 1.41683833 1.42520747 1.4283496
 1.43150115 1.43643296 1.4386855  1.44082787 1.44259457 1.44473466
 1.44612639 1.44783212]
pre:
[1.16805764 0.67592603 0.50513542 0.40929353 0.34604279 0.30485499
 0.27608805 0.2489631  0.23062265 0.21289793 0.2019127  0.18822878
 0.17690119 0.1691972  0.16016993 0.15230167 0.14510945 0.13918791
 0.13325396 0.128297  ]
start predicting (next-new):  2022-07-24 07:24:00.382777
hit:
[0.0603862  0.12305975 0.15325285 0.19579767 0.23834249 0.27585513
 0.32297466 0.36323213 0.40165971 0.43139533 0.46662061 0.49132406
 0.5192298  0.5494229  0.56863669 0.59059531 0.60843668 0.62444818
 0.64640679 0.66836541]
mrr:
[0.0603862  0.09172297 0.10178734 0.11242355 0.12093251 0.12718462
 0.13391598 0.13894816 0.14321789 0.14619145 0.14939375 0.15145237
 0.15359897 0.15575562 0.15703654 0.15840895 0.15945844 0.16034797
 0.16150369 0.16260162]
pre:
[0.0603862  0.06152988 0.05108428 0.04894942 0.0476685  0.04597585
 0.04613924 0.04540402 0.04462886 0.04313953 0.04242006 0.04094367
 0.03994075 0.03924449 0.03790911 0.03691221 0.03579039 0.03469157
 0.03402141 0.03341827]
-------------------------------------------------------
epoch:  18
start training:  2022-07-24 07:30:58.635034
[0/17] Loss: 7.6631
[4/17] Loss: 7.5962
[8/17] Loss: 7.8247
[12/17] Loss: 8.2328
[16/17] Loss: 8.7014
	Loss:	134.838
start predicting (next-one):  2022-07-24 07:31:03.761200
hit:
[1.16805764 1.35185206 1.51540625 1.63717414 1.73021394 1.82912995
 1.93261633 1.99170477 2.07560382 2.12897929 2.22103973 2.25874533
 2.29971549 2.36876082 2.40254896 2.43682679 2.46686069 2.50538243
 2.53182533 2.56593992]
mrr:
[1.16805764 1.25995485 1.31447291 1.34491488 1.36352285 1.38000885
 1.39479262 1.40217867 1.41150079 1.41683833 1.42520747 1.4283496
 1.43150115 1.43643296 1.4386855  1.44082787 1.44259457 1.44473466
 1.44612639 1.44783212]
pre:
[1.16805764 0.67592603 0.50513542 0.40929353 0.34604279 0.30485499
 0.27608805 0.2489631  0.23062265 0.21289793 0.2019127  0.18822878
 0.17690119 0.1691972  0.16016993 0.15230167 0.14510945 0.13918791
 0.13325396 0.128297  ]
start predicting (next-new):  2022-07-24 07:51:36.924139
hit:
[0.0603862  0.12305975 0.15325285 0.19579767 0.23834249 0.27585513
 0.32297466 0.36323213 0.40165971 0.43139533 0.46662061 0.49132406
 0.5192298  0.5494229  0.56863669 0.59059531 0.60843668 0.62444818
 0.64640679 0.66836541]
mrr:
[0.0603862  0.09172297 0.10178734 0.11242355 0.12093251 0.12718462
 0.13391598 0.13894816 0.14321789 0.14619145 0.14939375 0.15145237
 0.15359897 0.15575562 0.15703654 0.15840895 0.15945844 0.16034797
 0.16150369 0.16260162]
pre:
[0.0603862  0.06152988 0.05108428 0.04894942 0.0476685  0.04597585
 0.04613924 0.04540402 0.04462886 0.04313953 0.04242006 0.04094367
 0.03994075 0.03924449 0.03790911 0.03691221 0.03579039 0.03469157
 0.03402141 0.03341827]
-------------------------------------------------------
epoch:  19
start training:  2022-07-24 07:58:31.568697
[0/17] Loss: 7.6631
[4/17] Loss: 7.5962
[8/17] Loss: 7.8247
[12/17] Loss: 8.2328
[16/17] Loss: 8.7014
	Loss:	134.838
start predicting (next-one):  2022-07-24 07:58:36.291270
hit:
[1.16805764 1.35185206 1.51540625 1.63717414 1.73021394 1.82912995
 1.93261633 1.99170477 2.07560382 2.12897929 2.22103973 2.25874533
 2.29971549 2.36876082 2.40254896 2.43682679 2.46686069 2.50538243
 2.53182533 2.56593992]
mrr:
[1.16805764 1.25995485 1.31447291 1.34491488 1.36352285 1.38000885
 1.39479262 1.40217867 1.41150079 1.41683833 1.42520747 1.4283496
 1.43150115 1.43643296 1.4386855  1.44082787 1.44259457 1.44473466
 1.44612639 1.44783212]
pre:
[1.16805764 0.67592603 0.50513542 0.40929353 0.34604279 0.30485499
 0.27608805 0.2489631  0.23062265 0.21289793 0.2019127  0.18822878
 0.17690119 0.1691972  0.16016993 0.15230167 0.14510945 0.13918791
 0.13325396 0.128297  ]
start predicting (next-new):  2022-07-24 08:19:29.863737
hit:
[0.0603862  0.12305975 0.15325285 0.19579767 0.23834249 0.27585513
 0.32297466 0.36323213 0.40165971 0.43139533 0.46662061 0.49132406
 0.5192298  0.5494229  0.56863669 0.59059531 0.60843668 0.62444818
 0.64640679 0.66836541]
mrr:
[0.0603862  0.09172297 0.10178734 0.11242355 0.12093251 0.12718462
 0.13391598 0.13894816 0.14321789 0.14619145 0.14939375 0.15145237
 0.15359897 0.15575562 0.15703654 0.15840895 0.15945844 0.16034797
 0.16150369 0.16260162]
pre:
[0.0603862  0.06152988 0.05108428 0.04894942 0.0476685  0.04597585
 0.04613924 0.04540402 0.04462886 0.04313953 0.04242006 0.04094367
 0.03994075 0.03924449 0.03790911 0.03691221 0.03579039 0.03469157
 0.03402141 0.03341827]
-------------------------------------------------------
epoch:  20
start training:  2022-07-24 08:26:26.325811
[0/17] Loss: 7.6631
[4/17] Loss: 7.5962
[8/17] Loss: 7.8247
[12/17] Loss: 8.2328
[16/17] Loss: 8.7014
	Loss:	134.838
start predicting (next-one):  2022-07-24 08:26:31.430646
hit:
[1.16805764 1.35185206 1.51540625 1.63717414 1.73021394 1.82912995
 1.93261633 1.99170477 2.07560382 2.12897929 2.22103973 2.25874533
 2.29971549 2.36876082 2.40254896 2.43682679 2.46686069 2.50538243
 2.53182533 2.56593992]
mrr:
[1.16805764 1.25995485 1.31447291 1.34491488 1.36352285 1.38000885
 1.39479262 1.40217867 1.41150079 1.41683833 1.42520747 1.4283496
 1.43150115 1.43643296 1.4386855  1.44082787 1.44259457 1.44473466
 1.44612639 1.44783212]
pre:
[1.16805764 0.67592603 0.50513542 0.40929353 0.34604279 0.30485499
 0.27608805 0.2489631  0.23062265 0.21289793 0.2019127  0.18822878
 0.17690119 0.1691972  0.16016993 0.15230167 0.14510945 0.13918791
 0.13325396 0.128297  ]
start predicting (next-new):  2022-07-24 08:47:31.504958
hit:
[0.0603862  0.12305975 0.15325285 0.19579767 0.23834249 0.27585513
 0.32297466 0.36323213 0.40165971 0.43139533 0.46662061 0.49132406
 0.5192298  0.5494229  0.56863669 0.59059531 0.60843668 0.62444818
 0.64640679 0.66836541]
mrr:
[0.0603862  0.09172297 0.10178734 0.11242355 0.12093251 0.12718462
 0.13391598 0.13894816 0.14321789 0.14619145 0.14939375 0.15145237
 0.15359897 0.15575562 0.15703654 0.15840895 0.15945844 0.16034797
 0.16150369 0.16260162]
pre:
[0.0603862  0.06152988 0.05108428 0.04894942 0.0476685  0.04597585
 0.04613924 0.04540402 0.04462886 0.04313953 0.04242006 0.04094367
 0.03994075 0.03924449 0.03790911 0.03691221 0.03579039 0.03469157
 0.03402141 0.03341827]
-------------------------------------------------------
epoch:  21
start training:  2022-07-24 08:54:22.702345
[0/17] Loss: 7.6631
[4/17] Loss: 7.5962
[8/17] Loss: 7.8247
[12/17] Loss: 8.2328
[16/17] Loss: 8.7014
	Loss:	134.838
start predicting (next-one):  2022-07-24 08:54:28.135304
hit:
[1.16805764 1.35185206 1.51540625 1.63717414 1.73021394 1.82912995
 1.93261633 1.99170477 2.07560382 2.12897929 2.22103973 2.25874533
 2.29971549 2.36876082 2.40254896 2.43682679 2.46686069 2.50538243
 2.53182533 2.56593992]
mrr:
[1.16805764 1.25995485 1.31447291 1.34491488 1.36352285 1.38000885
 1.39479262 1.40217867 1.41150079 1.41683833 1.42520747 1.4283496
 1.43150115 1.43643296 1.4386855  1.44082787 1.44259457 1.44473466
 1.44612639 1.44783212]
pre:
[1.16805764 0.67592603 0.50513542 0.40929353 0.34604279 0.30485499
 0.27608805 0.2489631  0.23062265 0.21289793 0.2019127  0.18822878
 0.17690119 0.1691972  0.16016993 0.15230167 0.14510945 0.13918791
 0.13325396 0.128297  ]
start predicting (next-new):  2022-07-24 09:14:58.688102
hit:
[0.0603862  0.12305975 0.15325285 0.19579767 0.23834249 0.27585513
 0.32297466 0.36323213 0.40165971 0.43139533 0.46662061 0.49132406
 0.5192298  0.5494229  0.56863669 0.59059531 0.60843668 0.62444818
 0.64640679 0.66836541]
mrr:
[0.0603862  0.09172297 0.10178734 0.11242355 0.12093251 0.12718462
 0.13391598 0.13894816 0.14321789 0.14619145 0.14939375 0.15145237
 0.15359897 0.15575562 0.15703654 0.15840895 0.15945844 0.16034797
 0.16150369 0.16260162]
pre:
[0.0603862  0.06152988 0.05108428 0.04894942 0.0476685  0.04597585
 0.04613924 0.04540402 0.04462886 0.04313953 0.04242006 0.04094367
 0.03994075 0.03924449 0.03790911 0.03691221 0.03579039 0.03469157
 0.03402141 0.03341827]
-------------------------------------------------------
epoch:  22
start training:  2022-07-24 09:21:53.717141
[0/17] Loss: 7.6631
[4/17] Loss: 7.5962
[8/17] Loss: 7.8247
[12/17] Loss: 8.2328
[16/17] Loss: 8.7014
	Loss:	134.838
start predicting (next-one):  2022-07-24 09:21:58.768972
hit:
[1.16805764 1.35185206 1.51540625 1.63717414 1.73021394 1.82912995
 1.93261633 1.99170477 2.07560382 2.12897929 2.22103973 2.25874533
 2.29971549 2.36876082 2.40254896 2.43682679 2.46686069 2.50538243
 2.53182533 2.56593992]
mrr:
[1.16805764 1.25995485 1.31447291 1.34491488 1.36352285 1.38000885
 1.39479262 1.40217867 1.41150079 1.41683833 1.42520747 1.4283496
 1.43150115 1.43643296 1.4386855  1.44082787 1.44259457 1.44473466
 1.44612639 1.44783212]
pre:
[1.16805764 0.67592603 0.50513542 0.40929353 0.34604279 0.30485499
 0.27608805 0.2489631  0.23062265 0.21289793 0.2019127  0.18822878
 0.17690119 0.1691972  0.16016993 0.15230167 0.14510945 0.13918791
 0.13325396 0.128297  ]
start predicting (next-new):  2022-07-24 09:42:52.143769
hit:
[0.0603862  0.12305975 0.15325285 0.19579767 0.23834249 0.27585513
 0.32297466 0.36323213 0.40165971 0.43139533 0.46662061 0.49132406
 0.5192298  0.5494229  0.56863669 0.59059531 0.60843668 0.62444818
 0.64640679 0.66836541]
mrr:
[0.0603862  0.09172297 0.10178734 0.11242355 0.12093251 0.12718462
 0.13391598 0.13894816 0.14321789 0.14619145 0.14939375 0.15145237
 0.15359897 0.15575562 0.15703654 0.15840895 0.15945844 0.16034797
 0.16150369 0.16260162]
pre:
[0.0603862  0.06152988 0.05108428 0.04894942 0.0476685  0.04597585
 0.04613924 0.04540402 0.04462886 0.04313953 0.04242006 0.04094367
 0.03994075 0.03924449 0.03790911 0.03691221 0.03579039 0.03469157
 0.03402141 0.03341827]
-------------------------------------------------------
epoch:  23
start training:  2022-07-24 09:49:45.599719
[0/17] Loss: 7.6631
[4/17] Loss: 7.5962
[8/17] Loss: 7.8247
[12/17] Loss: 8.2328
[16/17] Loss: 8.7014
	Loss:	134.838
start predicting (next-one):  2022-07-24 09:49:50.456018
hit:
[1.16805764 1.35185206 1.51540625 1.63717414 1.73021394 1.82912995
 1.93261633 1.99170477 2.07560382 2.12897929 2.22103973 2.25874533
 2.29971549 2.36876082 2.40254896 2.43682679 2.46686069 2.50538243
 2.53182533 2.56593992]
mrr:
[1.16805764 1.25995485 1.31447291 1.34491488 1.36352285 1.38000885
 1.39479262 1.40217867 1.41150079 1.41683833 1.42520747 1.4283496
 1.43150115 1.43643296 1.4386855  1.44082787 1.44259457 1.44473466
 1.44612639 1.44783212]
pre:
[1.16805764 0.67592603 0.50513542 0.40929353 0.34604279 0.30485499
 0.27608805 0.2489631  0.23062265 0.21289793 0.2019127  0.18822878
 0.17690119 0.1691972  0.16016993 0.15230167 0.14510945 0.13918791
 0.13325396 0.128297  ]
start predicting (next-new):  2022-07-24 10:10:08.857797
hit:
[0.0603862  0.12305975 0.15325285 0.19579767 0.23834249 0.27585513
 0.32297466 0.36323213 0.40165971 0.43139533 0.46662061 0.49132406
 0.5192298  0.5494229  0.56863669 0.59059531 0.60843668 0.62444818
 0.64640679 0.66836541]
mrr:
[0.0603862  0.09172297 0.10178734 0.11242355 0.12093251 0.12718462
 0.13391598 0.13894816 0.14321789 0.14619145 0.14939375 0.15145237
 0.15359897 0.15575562 0.15703654 0.15840895 0.15945844 0.16034797
 0.16150369 0.16260162]
pre:
[0.0603862  0.06152988 0.05108428 0.04894942 0.0476685  0.04597585
 0.04613924 0.04540402 0.04462886 0.04313953 0.04242006 0.04094367
 0.03994075 0.03924449 0.03790911 0.03691221 0.03579039 0.03469157
 0.03402141 0.03341827]
-------------------------------------------------------
epoch:  24
start training:  2022-07-24 10:16:48.547573
[0/17] Loss: 7.6631
[4/17] Loss: 7.5962
[8/17] Loss: 7.8247
[12/17] Loss: 8.2328
[16/17] Loss: 8.7014
	Loss:	134.838
start predicting (next-one):  2022-07-24 10:16:53.788316
hit:
[1.16805764 1.35185206 1.51540625 1.63717414 1.73021394 1.82912995
 1.93261633 1.99170477 2.07560382 2.12897929 2.22103973 2.25874533
 2.29971549 2.36876082 2.40254896 2.43682679 2.46686069 2.50538243
 2.53182533 2.56593992]
mrr:
[1.16805764 1.25995485 1.31447291 1.34491488 1.36352285 1.38000885
 1.39479262 1.40217867 1.41150079 1.41683833 1.42520747 1.4283496
 1.43150115 1.43643296 1.4386855  1.44082787 1.44259457 1.44473466
 1.44612639 1.44783212]
pre:
[1.16805764 0.67592603 0.50513542 0.40929353 0.34604279 0.30485499
 0.27608805 0.2489631  0.23062265 0.21289793 0.2019127  0.18822878
 0.17690119 0.1691972  0.16016993 0.15230167 0.14510945 0.13918791
 0.13325396 0.128297  ]
start predicting (next-new):  2022-07-24 10:37:18.527152
hit:
[0.0603862  0.12305975 0.15325285 0.19579767 0.23834249 0.27585513
 0.32297466 0.36323213 0.40165971 0.43139533 0.46662061 0.49132406
 0.5192298  0.5494229  0.56863669 0.59059531 0.60843668 0.62444818
 0.64640679 0.66836541]
mrr:
[0.0603862  0.09172297 0.10178734 0.11242355 0.12093251 0.12718462
 0.13391598 0.13894816 0.14321789 0.14619145 0.14939375 0.15145237
 0.15359897 0.15575562 0.15703654 0.15840895 0.15945844 0.16034797
 0.16150369 0.16260162]
pre:
[0.0603862  0.06152988 0.05108428 0.04894942 0.0476685  0.04597585
 0.04613924 0.04540402 0.04462886 0.04313953 0.04242006 0.04094367
 0.03994075 0.03924449 0.03790911 0.03691221 0.03579039 0.03469157
 0.03402141 0.03341827]
-------------------------------------------------------
Run time: 42054.062385 s
