nohup: ignoring input
Namespace(itera=1, valid_portion=8)
lastfm
+++++++++++++ start top_n_item is: 50 ++++++++++++++++
+++++++++++++ start top_n_item is: 50 ++++++++++++++++
record_num_next is: 248402
record_num_next_new is: 107182
~~~~~~~~~~~~~ testing next item epoch: 0 ~~~~~~~~~~~~~
recall_all_avg_next:
 [0.00941216 0.01695236 0.02336133 0.02901748 0.03416639 0.03910999
 0.04414618 0.04859462 0.05295851 0.05753174 0.06216939 0.06671846
 0.07125546 0.07537781 0.07908954 0.08307904 0.08687531 0.09048236
 0.09402501 0.09738247]
MRR_all_avg_next:
 [0.00941216 0.01318226 0.01531858 0.01673262 0.0177624  0.01858634
 0.01930579 0.01986185 0.02034672 0.02080405 0.02122565 0.02160474
 0.02195374 0.0222482  0.02249564 0.02274499 0.0229683  0.02316869
 0.02335514 0.02352302]
=========== testing next new item epoch: 0 ===========
recall_all_avg_next_new:
 [0. 0. 0. 0. 0. 0. 0. 0. 0. 0. 0. 0. 0. 0. 0. 0. 0. 0. 0. 0.]
MRR_all_avg_next_new:
 [0. 0. 0. 0. 0. 0. 0. 0. 0. 0. 0. 0. 0. 0. 0. 0. 0. 0. 0. 0.]
------------- end top_n_item is: 0 -----------------
------------- end top_n_item is: 0 -----------------
30Music
+++++++++++++ start top_n_item is: 50 ++++++++++++++++
+++++++++++++ start top_n_item is: 50 ++++++++++++++++
record_num_next is: 616081
record_num_next_new is: 337035
~~~~~~~~~~~~~ testing next item epoch: 0 ~~~~~~~~~~~~~
recall_all_avg_next:
 [0.00857842 0.01481136 0.02081707 0.02632121 0.03065831 0.03621439
 0.04011323 0.04384164 0.04790604 0.05110205 0.0545675  0.05777812
 0.06085563 0.06374649 0.06659027 0.06952982 0.07216908 0.07462168
 0.07739891 0.07995053]
MRR_all_avg_next:
 [0.00857842 0.01169489 0.01369679 0.01507283 0.01594025 0.01686626
 0.01742324 0.01788929 0.01834089 0.01866049 0.01897553 0.01924308
 0.01947981 0.0196863  0.01987589 0.02005961 0.02021486 0.02035112
 0.02049729 0.02062487]
=========== testing next new item epoch: 0 ===========
recall_all_avg_next_new:
 [0. 0. 0. 0. 0. 0. 0. 0. 0. 0. 0. 0. 0. 0. 0. 0. 0. 0. 0. 0.]
MRR_all_avg_next_new:
 [0. 0. 0. 0. 0. 0. 0. 0. 0. 0. 0. 0. 0. 0. 0. 0. 0. 0. 0. 0.]
------------- end top_n_item is: 0 -----------------
------------- end top_n_item is: 0 -----------------
xiami
+++++++++++++ start top_n_item is: 10 ++++++++++++++++
+++++++++++++ start top_n_item is: 10 ++++++++++++++++
record_num_next is: 612641
record_num_next_new is: 218593
~~~~~~~~~~~~~ testing next item epoch: 0 ~~~~~~~~~~~~~
recall_all_avg_next:
 [0.04315252 0.06607459 0.08381091 0.09888499 0.11213908 0.12392739
 0.13465145 0.14460345 0.15398904 0.16361295 0.17194572 0.18005651
 0.18792898 0.19612954 0.20378982 0.21070415 0.21735405 0.22383582
 0.23024251 0.23650719]
MRR_all_avg_next:
 [0.04315252 0.05461355 0.06052566 0.06429418 0.066945   0.06890971
 0.07044172 0.07168572 0.07272857 0.07369096 0.07444848 0.07512438
 0.07572996 0.07631571 0.0768264  0.07725854 0.07764971 0.07800981
 0.078347   0.07866024]
=========== testing next new item epoch: 0 ===========
recall_all_avg_next_new:
 [0. 0. 0. 0. 0. 0. 0. 0. 0. 0. 0. 0. 0. 0. 0. 0. 0. 0. 0. 0.]
MRR_all_avg_next_new:
 [0. 0. 0. 0. 0. 0. 0. 0. 0. 0. 0. 0. 0. 0. 0. 0. 0. 0. 0. 0.]
------------- end top_n_item is: 0 -----------------
------------- end top_n_item is: 0 -----------------
