nohup: ignoring input
2022-07-09_11-50-27
Namespace(batchSize=256, cuda_device='2', data_size=1, dataset='last', detail='SRGNN', drop_portion=1, epoch=25, hiddenSize=100, l2=1e-05, lr=0.001, lr_dc=0.1, lr_dc_step=3, mode='next-one-item', nonhybrid=False, output='display', slide_step=1, step=1, valid_portion=8, windowLenth=5)
================	 dataset: last 	================
================	 Total train records: 896  	================
================	 Total test records: 896  	================
================	 Total split train records: 1006775 	================
================	 Total split test records: 248402  	================
-------------------------------------------------------
epoch:  0
/home/wh/miniconda3/envs/pytorch/lib/python3.6/site-packages/torch/optim/lr_scheduler.py:136: UserWarning: Detected call of `lr_scheduler.step()` before `optimizer.step()`. In PyTorch 1.1.0 and later, you should call them in the opposite order: `optimizer.step()` before `lr_scheduler.step()`.  Failure to do this will result in PyTorch skipping the first value of the learning rate schedule. See more details at https://pytorch.org/docs/stable/optim.html#how-to-adjust-learning-rate
  "https://pytorch.org/docs/stable/optim.html#how-to-adjust-learning-rate", UserWarning)
start training:  2022-07-09 11:52:40.728251
[0/3933] Loss: 11.1103
[787/3933] Loss: 9.9867
[1574/3933] Loss: 10.3388
[2361/3933] Loss: 11.0796
[3148/3933] Loss: 10.1110
	Loss:	38581.422
start predicting:  2022-07-09 12:05:21.816789
hit: [ 2.18275215  4.17790517  6.00760058  7.71249829  9.26643103 10.5699632
 11.7197124  12.70923745 13.65810259 14.46526195 15.15929823 15.76959928
 16.28006216 16.73617765 17.15042552 17.5691017  17.93141762 18.28769495
 18.60693553 18.94590221]
mrr: [2.18275215 3.18032866 3.79022713 4.21645156 4.52723811 4.74449347
 4.90874335 5.03243398 5.13786345 5.21857938 5.28167359 5.33253201
 5.37179838 5.40437806 5.43199459 5.45816185 5.47947455 5.49926773
 5.51606987 5.5330182 ]
pre: [2.18275215 2.08895258 2.00253353 1.92812457 1.85328621 1.76166053
 1.67424463 1.58865468 1.51756695 1.4465262  1.37811802 1.31413327
 1.25231247 1.19544126 1.1433617  1.09806886 1.05478927 1.01598305
 0.9793124  0.94729511]
-------------------------------------------------------
epoch:  1
start training:  2022-07-09 12:10:21.551069
[0/3933] Loss: 9.5186
[787/3933] Loss: 7.9424
[1574/3933] Loss: 8.6218
[2361/3933] Loss: 10.0685
[3148/3933] Loss: 5.9642
	Loss:	30890.061
start predicting:  2022-07-09 12:21:25.669576
hit: [ 6.20848463 10.87752917 14.38595502 17.14398435 19.406446   21.35288766
 22.94828544 24.30093155 25.45068075 26.43336205 27.27755815 28.03117527
 28.68374651 29.30048872 29.85120893 30.35523063 30.83107221 31.258605
 31.66439884 32.05489489]
mrr: [ 6.20848463  8.5430069   9.71248219 10.40198952 10.85448185 11.17888879
 11.40680276 11.57588352 11.70363343 11.80190156 11.87864666 11.94144809
 11.99164588 12.03569889 12.07241357 12.10391493 12.13190561 12.15565743
 12.177015   12.19653981]
pre: [6.20848463 5.43876458 4.79531834 4.28599609 3.8812892  3.55881461
 3.27832649 3.03761644 2.82785342 2.64333621 2.47977801 2.33593127
 2.20644204 2.09289205 1.9900806  1.89720191 1.81359248 1.73658917
 1.66654731 1.60274474]
-------------------------------------------------------
epoch:  2
start training:  2022-07-09 12:26:43.091636
[0/3933] Loss: 7.6183
[787/3933] Loss: 6.6930
[1574/3933] Loss: 7.0900
[2361/3933] Loss: 8.4860
[3148/3933] Loss: 4.4246
	Loss:	24943.789
start predicting:  2022-07-09 12:38:29.017298
hit: [10.02004815 17.68061449 21.74740944 24.65117028 26.80695002 28.58914179
 30.0923503  31.38944131 32.46833761 33.42887738 34.2698529  34.95946087
 35.60518836 36.13940306 36.63497073 37.06250352 37.45098671 37.84430077
 38.1885009  38.53994734]
mrr: [10.02004815 13.85033132 15.20592964 15.93186985 16.36302579 16.66005776
 16.87480183 17.0369382  17.15681557 17.25286955 17.32932187 17.3867892
 17.43646054 17.47461874 17.50765658 17.53437738 17.55722933 17.57908011
 17.59719591 17.61476823]
pre: [10.02004815  8.84030724  7.24913648  6.16279257  5.36139     4.76485697
  4.29890719  3.92368016  3.60759307  3.34288774  3.11544117  2.91328841
  2.73886064  2.58138593  2.44233138  2.31640647  2.20299922  2.10246115
  2.0099211   1.92699737]
-------------------------------------------------------
epoch:  3
start training:  2022-07-09 12:43:40.962543
[0/3933] Loss: 6.9415
[787/3933] Loss: 6.1697
[1574/3933] Loss: 6.4777
[2361/3933] Loss: 8.1613
[3148/3933] Loss: 4.0826
	Loss:	23366.480
start predicting:  2022-07-09 12:55:30.463980
hit: [11.88396229 19.30137439 23.28644697 26.0774873  28.16482959 29.88059677
 31.27148735 32.44861152 33.48121191 34.3841837  35.19094049 35.87289957
 36.47353886 36.9997021  37.47192052 37.92119226 38.32577838 38.69453547
 39.05363081 39.38655888]
mrr: [11.88396229 15.59266834 16.92102586 17.61878595 18.0362544  18.3222156
 18.52091426 18.66805478 18.78278815 18.87308533 18.94642686 19.00325678
 19.0494598  19.08704289 19.11852412 19.14660361 19.17040279 19.19088929
 19.20978905 19.22643545]
pre: [11.88396229  9.65068719  7.76214899  6.51937182  5.63296592  4.98009946
  4.46735534  4.05607644  3.72013466  3.43841837  3.19917641  2.9894083
  2.80565684  2.64283586  2.49812803  2.37007452  2.25445755  2.14969642
  2.05545425  1.96932794]
-------------------------------------------------------
epoch:  4
start training:  2022-07-09 13:00:49.011796
[0/3933] Loss: 6.3174
[787/3933] Loss: 5.9507
[1574/3933] Loss: 6.1544
[2361/3933] Loss: 7.9495
[3148/3933] Loss: 3.8998
	Loss:	22423.252
start predicting:  2022-07-09 13:08:33.973277
hit: [13.74868157 20.511107   24.29328266 26.8419739  28.88946144 30.45667909
 31.78154765 32.93894574 33.91961417 34.74810992 35.52547886 36.21065853
 36.81210296 37.35517427 37.82739269 38.2682104  38.68366599 39.0552411
 39.40105152 39.72069468]
mrr: [13.74868157 17.12989428 18.39061951 19.02779232 19.43728982 19.69849277
 19.8877597  20.03243446 20.14139762 20.2242472  20.2949171  20.35201541
 20.39828036 20.43707117 20.4685524  20.49610351 20.52054207 20.54118513
 20.55938568 20.57536784]
pre: [13.74868157 10.2555535   8.09776089  6.71049347  5.77789229  5.07611318
  4.54022109  4.11736822  3.76884602  3.47481099  3.22958899  3.01755488
  2.83170023  2.66822673  2.52182618  2.39176315  2.27550976  2.16973562
  2.07373955  1.98603473]
-------------------------------------------------------
epoch:  5
start training:  2022-07-09 13:14:10.291973
[0/3933] Loss: 5.7924
[787/3933] Loss: 5.8264
[1574/3933] Loss: 5.8953
[2361/3933] Loss: 7.6672
[3148/3933] Loss: 3.8366
	Loss:	21558.523
start predicting:  2022-07-09 13:21:49.070625
hit: [14.73619375 21.49700888 25.17974896 27.66282075 29.54927899 31.04242317
 32.33186528 33.43451341 34.39867634 35.21751033 35.96146569 36.62691927
 37.24527178 37.79357654 38.27344385 38.70902811 39.08704439 39.45459376
 39.78832699 40.12487822]
mrr: [14.73619375 18.11660132 19.34418134 19.96494929 20.34224094 20.5910983
 20.77530432 20.91313533 21.02026455 21.10214795 21.16978025 21.22523472
 21.27280029 21.31196492 21.34395607 21.37118009 21.39341634 21.41383575
 21.43140066 21.44822822]
pre: [14.73619375 10.74850444  8.39324965  6.91570519  5.9098558   5.17373719
  4.6188379   4.17931418  3.82207515  3.52175103  3.26922415  3.05224327
  2.86502091  2.69954118  2.55156292  2.41931426  2.29923791  2.19192188
  2.09412247  2.00624391]
-------------------------------------------------------
epoch:  6
start training:  2022-07-09 13:27:06.967268
[0/3933] Loss: 5.7365
[787/3933] Loss: 5.7572
[1574/3933] Loss: 5.8461
[2361/3933] Loss: 7.6330
[3148/3933] Loss: 3.8018
	Loss:	21402.004
start predicting:  2022-07-09 13:35:13.734518
hit: [14.96525793 21.77116126 25.36895838 27.80211109 29.65877891 31.15675397
 32.40996449 33.50214572 34.47677555 35.31815364 36.03755203 36.71548538
 37.29881402 37.84752136 38.33382984 38.74606485 39.14662523 39.51216174
 39.86763392 40.17761532]
mrr: [14.96525793 18.3682096  19.5674753  20.17576348 20.54709704 20.79675955
 20.97578963 21.11231228 21.22060448 21.30474229 21.37014215 21.42663659
 21.47150803 21.51070141 21.54312197 21.56888666 21.59244904 21.61275662
 21.63146568 21.64696475]
pre: [14.96525793 10.88558063  8.45631946  6.95052777  5.93175578  5.19279233
  4.62999493  4.18776821  3.83075284  3.53181536  3.27614109  3.05962378
  2.86913954  2.70339438  2.55558866  2.42162905  2.30274266  2.1951201
  2.09829652  2.00888077]
-------------------------------------------------------
epoch:  7
start training:  2022-07-09 13:39:51.433276
[0/3933] Loss: 5.6697
[787/3933] Loss: 5.7279
[1574/3933] Loss: 5.8127
[2361/3933] Loss: 7.6062
[3148/3933] Loss: 3.7735
	Loss:	21288.615
start predicting:  2022-07-09 13:47:46.503226
hit: [15.19754269 21.94265747 25.48409433 27.87860001 29.72922923 31.23807377
 32.46149387 33.54924679 34.50737112 35.3624367  36.09713287 36.74487323
 37.34068164 37.8708706  38.3495302  38.76377807 39.17923366 39.52343379
 39.86763392 40.19854913]
mrr: [15.19754269 18.57010008 19.75057903 20.34920545 20.7193313  20.97080539
 21.14557969 21.2815488  21.38800706 21.47351362 21.54030418 21.59428254
 21.64011396 21.6779846  21.70989524 21.73578573 21.7602243  21.77934653
 21.79746232 21.81400808]
pre: [15.19754269 10.97132873  8.49469811  6.96965     5.94584585  5.20634563
  4.63735627  4.19365585  3.83415235  3.53624367  3.28155753  3.06207277
  2.87236013  2.70506219  2.55663535  2.42273613  2.3046608   2.19574632
  2.09829652  2.00992746]
-------------------------------------------------------
epoch:  8
start training:  2022-07-09 13:52:16.504987
[0/3933] Loss: 5.6071
[787/3933] Loss: 5.7182
[1574/3933] Loss: 5.7997
[2361/3933] Loss: 7.5814
[3148/3933] Loss: 3.7418
	Loss:	21212.693
start predicting:  2022-07-09 14:01:09.319305
hit: [15.22008679 21.94306004 25.53401341 27.89993639 29.7537862  31.22760686
 32.44337807 33.54039017 34.52025346 35.37531904 36.1088075  36.757353
 37.34470737 37.88375295 38.35798424 38.7859196  39.18647998 39.54758818
 39.87528281 40.17922561]
mrr: [15.22008679 18.58157342 19.77855788 20.37003862 20.74080858 20.98644536
 21.16012696 21.29725347 21.40612717 21.49163373 21.5583145  21.61235996
 21.65754106 21.69604432 21.72765974 21.7544057  21.77796807 21.79802964
 21.81527672 21.83047386]
pre: [15.22008679 10.97153002  8.5113378   6.9749841   5.95075724  5.20460114
  4.6347683   4.19254877  3.83558372  3.5375319   3.28261886  3.06311275
  2.8726698   2.70598235  2.55719895  2.42411997  2.30508706  2.19708823
  2.0986991   2.00896128]
-------------------------------------------------------
epoch:  9
start training:  2022-07-09 14:05:39.932220
[0/3933] Loss: 5.5910
[787/3933] Loss: 5.7049
[1574/3933] Loss: 5.7885
[2361/3933] Loss: 7.5718
[3148/3933] Loss: 3.7409
	Loss:	21179.842
start predicting:  2022-07-09 14:12:31.089962
hit: [15.19915299 21.91890564 25.50100241 27.8697434  29.74855275 31.20345247
 32.44539094 33.54200047 34.50857884 35.37008559 36.10035346 36.76178131
 37.34913568 37.88012979 38.36402283 38.77585527 39.18003881 39.56167825
 39.87206222 40.16835613]
mrr: [15.19915299 18.55902932 19.75306157 20.34524682 20.72100869 20.96349197
 21.14091176 21.27798795 21.38538554 21.47153622 21.53792421 21.59304319
 21.6382243  21.67615245 21.70841199 21.73415151 21.75792702 21.77912921
 21.79546521 21.8102799 ]
pre: [15.19915299 10.95945282  8.50033414  6.96743585  5.94971055  5.20057541
  4.63505585  4.19275006  3.83428654  3.53700856  3.28185031  3.06348178
  2.87301044  2.70572356  2.55760152  2.42349095  2.30470817  2.19787101
  2.09852959  2.00841781]
-------------------------------------------------------
epoch:  10
start training:  2022-07-09 14:17:12.215348
[0/3933] Loss: 5.5798
[787/3933] Loss: 5.7000
[1574/3933] Loss: 5.7830
[2361/3933] Loss: 7.5657
[3148/3933] Loss: 3.7404
	Loss:	21161.086
start predicting:  2022-07-09 14:24:12.098568
hit: [15.18305006 21.91930822 25.48047117 27.86048422 29.73285239 31.19016755
 32.45827328 33.55890854 34.51179942 35.35680067 36.11766411 36.76258645
 37.34994082 37.87449376 38.34751733 38.77263468 39.16313073 39.54678304
 39.87729567 40.16473297]
mrr: [15.18305006 18.55117914 19.73823345 20.33323672 20.70771035 20.95059621
 21.13175417 21.26933358 21.37521034 21.45971047 21.52887987 21.5826234
 21.62780451 21.66527257 21.69680748 21.72337731 21.74634767 21.76766169
 21.78505709 21.79942895]
pre: [15.18305006 10.95965411  8.49349039  6.96512105  5.94657048  5.19836126
  4.63689618  4.19486357  3.83464438  3.53568007  3.28342401  3.06354887
  2.87307237  2.70532098  2.55650116  2.42328967  2.30371357  2.1970435
  2.09880504  2.00823665]
-------------------------------------------------------
epoch:  11
start training:  2022-07-09 14:29:55.225630
[0/3933] Loss: 5.5706
[787/3933] Loss: 5.6992
[1574/3933] Loss: 5.7851
[2361/3933] Loss: 7.5627
[3148/3933] Loss: 3.7375
	Loss:	21146.732
start predicting:  2022-07-09 14:40:12.318820
hit: [15.19271181 21.92212623 25.47443257 27.85806878 29.73164467 31.1893624
 32.45545527 33.55729825 34.5105917  35.35196979 36.11122294 36.76057359
 37.34792796 37.87328604 38.34188131 38.76619351 39.15991015 39.54638046
 39.87810082 40.15708408]
mrr: [15.19271181 18.55741902 19.74152114 20.33743019 20.71214537 20.95509832
 21.13596873 21.2736991  21.3796206  21.46375841 21.53278142 21.58689397
 21.63207508 21.66960066 21.70084034 21.72735985 21.75051966 21.77199023
 21.7894492  21.80339836]
pre: [15.19271181 10.96106312  8.49147752  6.96451719  5.94632893  5.19822707
  4.63649361  4.19466228  3.83451019  3.53519698  3.28283845  3.06338113
  2.87291754  2.70523472  2.55612542  2.42288709  2.30352413  2.19702114
  2.09884741  2.0078542 ]
-------------------------------------------------------
epoch:  12
start training:  2022-07-09 14:46:41.355413
[0/3933] Loss: 5.5697
[787/3933] Loss: 5.6986
[1574/3933] Loss: 5.7843
[2361/3933] Loss: 7.5622
[3148/3933] Loss: 3.7374
	Loss:	21145.117
start predicting:  2022-07-09 14:55:56.358013
hit: [15.18828351 21.92091851 25.47282228 27.85887392 29.72359321 31.19057012
 32.4550527  33.55085708 34.50857884 35.35358008 36.10437919 36.75614528
 37.34672024 37.86845517 38.34188131 38.76297292 39.1651436  39.54718561
 39.87045193 40.1538635 ]
mrr: [15.18828351 18.55460101 19.73856893 20.33508184 20.7080257  20.95252185
 21.13316222 21.27013777 21.3765513  21.46105142 21.52930589 21.58361973
 21.62904857 21.66631535 21.69787709 21.72419532 21.74785242 21.76907697
 21.78609099 21.80026157]
pre: [15.18828351 10.96045926  8.49094076  6.96471848  5.94471864  5.19842835
  4.6364361   4.19385713  3.83428654  3.53535801  3.28221629  3.06301211
  2.87282463  2.70488965  2.55612542  2.42268581  2.30383198  2.19706587
  2.09844484  2.00769317]
-------------------------------------------------------
epoch:  13
start training:  2022-07-09 15:02:39.376346
[0/3933] Loss: 5.5687
[787/3933] Loss: 5.6980
[1574/3933] Loss: 5.7836
[2361/3933] Loss: 7.5616
[3148/3933] Loss: 3.7374
	Loss:	21143.570
start predicting:  2022-07-09 15:12:42.999396
hit: [15.17982947 21.92212623 25.47241971 27.85645848 29.72198291 31.18815468
 32.4534424  33.54803907 34.50898141 35.35800839 36.10075603 36.7633916
 37.34510994 37.86523458 38.33503756 38.76015491 39.15789728 39.54517274
 39.86521848 40.14863004]
mrr: [15.17982947 18.55097785 19.73440901 20.3304187  20.70352359 20.94788555
 21.12864094 21.26546552 21.37223689 21.45713959 21.5246621  21.57988174
 21.6246293  21.66178106 21.69310126 21.71967109 21.7430677  21.76458301
 21.78142752 21.7955981 ]
pre: [15.17982947 10.96106312  8.49080657  6.96411462  5.94439658  5.19802578
  4.63620606  4.19350488  3.83433127  3.53580084  3.28188691  3.06361597
  2.87270076  2.70465961  2.55566917  2.42250968  2.30340572  2.19695404
  2.09816939  2.0074315 ]
-------------------------------------------------------
epoch:  14
start training:  2022-07-09 15:19:09.116237
[0/3933] Loss: 5.5678
[787/3933] Loss: 5.6978
[1574/3933] Loss: 5.7837
[2361/3933] Loss: 7.5613
[3148/3933] Loss: 3.7371
	Loss:	21142.020
start predicting:  2022-07-09 15:29:06.468250
hit: [15.17902432 21.92172366 25.47121199 27.85645848 29.72278806 31.1893624
 32.45384498 33.54683135 34.50898141 35.35720324 36.09995089 36.76258645
 37.34551252 37.86523458 38.33584271 38.76055748 39.15749471 39.5443676
 39.86562105 40.14822747]
mrr: [15.17902432 18.55037399 19.73353677 20.32984839 20.70311431 20.94754336
 21.12818373 21.26480703 21.37171259 21.45653477 21.52405729 21.57927692
 21.62411738 21.66124039 21.69261426 21.71915894 21.74250819 21.76400112
 21.7809092  21.79503952]
pre: [15.17902432 10.96086183  8.490404    6.96411462  5.94455761  5.19822707
  4.63626357  4.19335392  3.83433127  3.53572032  3.28181372  3.06354887
  2.87273173  2.70465961  2.55572285  2.42253484  2.30338204  2.19690931
  2.09819058  2.00741137]
-------------------------------------------------------
epoch:  15
start training:  2022-07-09 15:35:34.823255
[0/3933] Loss: 5.5677
[787/3933] Loss: 5.6977
[1574/3933] Loss: 5.7837
[2361/3933] Loss: 7.5613
[3148/3933] Loss: 3.7371
	Loss:	21141.883
start predicting:  2022-07-09 15:44:46.256165
hit: [15.17821918 21.92051594 25.47201713 27.85605591 29.7207752  31.18895983
 32.45465012 33.54522105 34.50978656 35.35599552 36.09954831 36.76298903
 37.34510994 37.86523458 38.33584271 38.75975234 39.15668956 39.54356245
 39.86562105 40.14822747]
mrr: [15.17821918 18.54936756 19.73320129 20.32921098 20.70215484 20.94685228
 21.12766518 21.26398654 21.37116049 21.45578139 21.52337709 21.57866382
 21.62344235 21.66059411 21.69196799 21.71846234 21.74181159 21.76330453
 21.78025498 21.7943853 ]
pre: [15.17821918 10.96025797  8.49067238  6.96401398  5.94415504  5.19815997
  4.63637859  4.19315263  3.83442073  3.53559955  3.28177712  3.06358242
  2.87270076  2.70465961  2.55572285  2.42248452  2.30333468  2.19686458
  2.09819058  2.00741137]
-------------------------------------------------------
epoch:  16
start training:  2022-07-09 15:51:28.355188
[0/3933] Loss: 5.5677
[787/3933] Loss: 5.6977
[1574/3933] Loss: 5.7836
[2361/3933] Loss: 7.5612
[3148/3933] Loss: 3.7371
	Loss:	21141.760
start predicting:  2022-07-09 16:01:58.870710
hit: [15.17982947 21.92132108 25.47161456 27.85605591 29.7191649  31.18734954
 32.4534424  33.54240304 34.5105917  35.35720324 36.09874317 36.76178131
 37.34752538 37.86523458 38.33503756 38.75773947 39.15548184 39.5443676
 39.86562105 40.14822747]
mrr: [15.17982947 18.55057528 19.73400644 20.33011677 20.70273857 20.94743601
 21.12830642 21.2644265  21.37200302 21.45666417 21.52407689 21.57933007
 21.62438731 21.66136654 21.69268673 21.7191056  21.74250221 21.76410698
 21.78101505 21.79514538]
pre: [15.17982947 10.96066054  8.49053819  6.96401398  5.94383298  5.19789159
  4.63620606  4.19280038  3.83451019  3.53572032  3.28170392  3.06348178
  2.87288657  2.70465961  2.55566917  2.42235872  2.30326364  2.19690931
  2.09819058  2.00741137]
-------------------------------------------------------
epoch:  17
start training:  2022-07-09 16:08:25.782793
[0/3933] Loss: 5.5676
[787/3933] Loss: 5.6977
[1574/3933] Loss: 5.7836
[2361/3933] Loss: 7.5612
[3148/3933] Loss: 3.7371
	Loss:	21141.625
start predicting:  2022-07-09 16:17:54.817790
hit: [15.17982947 21.92132108 25.47161456 27.85605591 29.7191649  31.18734954
 32.4534424  33.54240304 34.5105917  35.35720324 36.09874317 36.76178131
 37.34752538 37.86523458 38.33503756 38.75773947 39.15548184 39.5443676
 39.86562105 40.14822747]
mrr: [15.17982947 18.55057528 19.73400644 20.33011677 20.70273857 20.94743601
 21.12830642 21.2644265  21.37200302 21.45666417 21.52407689 21.57933007
 21.62438731 21.66136654 21.69268673 21.7191056  21.74250221 21.76410698
 21.78101505 21.79514538]
pre: [15.17982947 10.96066054  8.49053819  6.96401398  5.94383298  5.19789159
  4.63620606  4.19280038  3.83451019  3.53572032  3.28170392  3.06348178
  2.87288657  2.70465961  2.55566917  2.42235872  2.30326364  2.19690931
  2.09819058  2.00741137]
-------------------------------------------------------
epoch:  18
start training:  2022-07-09 16:24:26.711669
[0/3933] Loss: 5.5676
[787/3933] Loss: 5.6977
[1574/3933] Loss: 5.7836
[2361/3933] Loss: 7.5612
[3148/3933] Loss: 3.7371
	Loss:	21141.623
start predicting:  2022-07-09 16:31:38.095960
hit: [15.17982947 21.92132108 25.47161456 27.85605591 29.7191649  31.18694697
 32.45303983 33.54240304 34.5105917  35.35720324 36.09874317 36.76178131
 37.34752538 37.86523458 38.33503756 38.75773947 39.15588441 39.5443676
 39.86562105 40.14822747]
mrr: [15.17982947 18.55057528 19.73400644 20.33011677 20.70273857 20.94736892
 21.12823932 21.26440973 21.37198624 21.4566474  21.52406012 21.5793133
 21.62437053 21.66134976 21.69266996 21.71908883 21.74250912 21.76409152
 21.7809996  21.79512992]
pre: [15.17982947 10.96066054  8.49053819  6.96401398  5.94383298  5.19782449
  4.63614855  4.19280038  3.83451019  3.53572032  3.28170392  3.06348178
  2.87288657  2.70465961  2.55566917  2.42235872  2.30328732  2.19690931
  2.09819058  2.00741137]
-------------------------------------------------------
epoch:  19
start training:  2022-07-09 16:38:02.643836
[0/3933] Loss: 5.5676
[787/3933] Loss: 5.6977
[1574/3933] Loss: 5.7836
[2361/3933] Loss: 7.5612
[3148/3933] Loss: 3.7371
	Loss:	21141.619
start predicting:  2022-07-09 16:45:09.259576
hit: [15.17982947 21.92091851 25.47161456 27.85605591 29.7191649  31.18694697
 32.45303983 33.54240304 34.5105917  35.35720324 36.09874317 36.76178131
 37.34752538 37.86523458 38.33544013 38.75773947 39.15588441 39.54396502
 39.86562105 40.14822747]
mrr: [15.17982947 18.55037399 19.73393934 20.33004968 20.70267148 20.94730182
 21.12817223 21.26434263 21.37191915 21.4565803  21.52399302 21.5792462
 21.62430344 21.66128267 21.6926297  21.71902341 21.7424437  21.76400374
 21.780933   21.79506332]
pre: [15.17982947 10.96045926  8.49053819  6.96401398  5.94383298  5.19782449
  4.63614855  4.19280038  3.83451019  3.53572032  3.28170392  3.06348178
  2.87288657  2.70465961  2.55569601  2.42235872  2.30328732  2.19688695
  2.09819058  2.00741137]
-------------------------------------------------------
epoch:  20
start training:  2022-07-09 16:51:19.616457
[0/3933] Loss: 5.5676
[787/3933] Loss: 5.6977
[1574/3933] Loss: 5.7836
[2361/3933] Loss: 7.5612
[3148/3933] Loss: 3.7371
	Loss:	21141.617
start predicting:  2022-07-09 16:58:35.206032
hit: [15.17982947 21.92091851 25.47161456 27.85605591 29.7191649  31.18694697
 32.45303983 33.54240304 34.5105917  35.35720324 36.09874317 36.76178131
 37.34752538 37.86523458 38.33544013 38.75773947 39.15588441 39.54396502
 39.86562105 40.14822747]
mrr: [15.17982947 18.55037399 19.73393934 20.33004968 20.70267148 20.94730182
 21.12817223 21.26434263 21.37191915 21.4565803  21.52399302 21.5792462
 21.62430344 21.66128267 21.6926297  21.71902341 21.7424437  21.76400374
 21.780933   21.79506332]
pre: [15.17982947 10.96045926  8.49053819  6.96401398  5.94383298  5.19782449
  4.63614855  4.19280038  3.83451019  3.53572032  3.28170392  3.06348178
  2.87288657  2.70465961  2.55569601  2.42235872  2.30328732  2.19688695
  2.09819058  2.00741137]
-------------------------------------------------------
epoch:  21
start training:  2022-07-09 17:04:36.186557
[0/3933] Loss: 5.5676
[787/3933] Loss: 5.6977
[1574/3933] Loss: 5.7836
[2361/3933] Loss: 7.5612
[3148/3933] Loss: 3.7371
	Loss:	21141.615
start predicting:  2022-07-09 17:12:14.778193
hit: [15.17982947 21.92091851 25.47161456 27.85605591 29.7191649  31.18694697
 32.45303983 33.54240304 34.5105917  35.35720324 36.09874317 36.76178131
 37.34752538 37.86523458 38.33544013 38.75773947 39.15588441 39.54396502
 39.86562105 40.14822747]
mrr: [15.17982947 18.55037399 19.73393934 20.33004968 20.70267148 20.94730182
 21.12817223 21.26434263 21.37191915 21.4565803  21.52399302 21.5792462
 21.62430344 21.66128267 21.6926297  21.71902341 21.7424437  21.76400374
 21.780933   21.79506332]
pre: [15.17982947 10.96045926  8.49053819  6.96401398  5.94383298  5.19782449
  4.63614855  4.19280038  3.83451019  3.53572032  3.28170392  3.06348178
  2.87288657  2.70465961  2.55569601  2.42235872  2.30328732  2.19688695
  2.09819058  2.00741137]
-------------------------------------------------------
epoch:  22
start training:  2022-07-09 17:18:13.296140
[0/3933] Loss: 5.5676
[787/3933] Loss: 5.6977
[1574/3933] Loss: 5.7836
[2361/3933] Loss: 7.5612
[3148/3933] Loss: 3.7371
	Loss:	21141.617
start predicting:  2022-07-09 17:25:04.496348
hit: [15.17982947 21.92091851 25.47161456 27.85605591 29.7191649  31.18694697
 32.45303983 33.54240304 34.5105917  35.35720324 36.09874317 36.76178131
 37.34752538 37.86523458 38.33544013 38.75773947 39.15588441 39.54396502
 39.86562105 40.14822747]
mrr: [15.17982947 18.55037399 19.73393934 20.33004968 20.70267148 20.94730182
 21.12817223 21.26434263 21.37191915 21.4565803  21.52399302 21.5792462
 21.62430344 21.66128267 21.6926297  21.71902341 21.7424437  21.76400374
 21.780933   21.79506332]
pre: [15.17982947 10.96045926  8.49053819  6.96401398  5.94383298  5.19782449
  4.63614855  4.19280038  3.83451019  3.53572032  3.28170392  3.06348178
  2.87288657  2.70465961  2.55569601  2.42235872  2.30328732  2.19688695
  2.09819058  2.00741137]
-------------------------------------------------------
epoch:  23
start training:  2022-07-09 17:31:06.668102
[0/3933] Loss: 5.5676
[787/3933] Loss: 5.6977
[1574/3933] Loss: 5.7836
[2361/3933] Loss: 7.5612
[3148/3933] Loss: 3.7371
	Loss:	21141.617
start predicting:  2022-07-09 17:38:24.891545
hit: [15.17982947 21.92091851 25.47161456 27.85605591 29.7191649  31.18694697
 32.45303983 33.54240304 34.5105917  35.35720324 36.09874317 36.76178131
 37.34752538 37.86523458 38.33544013 38.75773947 39.15588441 39.54396502
 39.86562105 40.14822747]
mrr: [15.17982947 18.55037399 19.73393934 20.33004968 20.70267148 20.94730182
 21.12817223 21.26434263 21.37191915 21.4565803  21.52399302 21.5792462
 21.62430344 21.66128267 21.6926297  21.71902341 21.7424437  21.76400374
 21.780933   21.79506332]
pre: [15.17982947 10.96045926  8.49053819  6.96401398  5.94383298  5.19782449
  4.63614855  4.19280038  3.83451019  3.53572032  3.28170392  3.06348178
  2.87288657  2.70465961  2.55569601  2.42235872  2.30328732  2.19688695
  2.09819058  2.00741137]
-------------------------------------------------------
epoch:  24
start training:  2022-07-09 17:44:25.007276
[0/3933] Loss: 5.5676
[787/3933] Loss: 5.6977
[1574/3933] Loss: 5.7836
[2361/3933] Loss: 7.5612
[3148/3933] Loss: 3.7371
	Loss:	21141.617
start predicting:  2022-07-09 17:51:26.753266
hit: [15.17982947 21.92091851 25.47161456 27.85605591 29.7191649  31.18694697
 32.45303983 33.54240304 34.5105917  35.35720324 36.09874317 36.76178131
 37.34752538 37.86523458 38.33544013 38.75773947 39.15588441 39.54396502
 39.86562105 40.14822747]
mrr: [15.17982947 18.55037399 19.73393934 20.33004968 20.70267148 20.94730182
 21.12817223 21.26434263 21.37191915 21.4565803  21.52399302 21.5792462
 21.62430344 21.66128267 21.6926297  21.71902341 21.7424437  21.76400374
 21.780933   21.79506332]
pre: [15.17982947 10.96045926  8.49053819  6.96401398  5.94383298  5.19782449
  4.63614855  4.19280038  3.83451019  3.53572032  3.28170392  3.06348178
  2.87288657  2.70465961  2.55569601  2.42235872  2.30328732  2.19688695
  2.09819058  2.00741137]
-------------------------------------------------------
Run time: 21893.177997 s
