nohup: ignoring input
2022-07-08_19-30-00
Namespace(batchSize=256, cuda_device='0', data_size=1, dataset='30Music', detail='SRGNN', drop_portion=1, epoch=25, hiddenSize=100, l2=1e-05, lr=0.001, lr_dc=0.1, lr_dc_step=3, mode='next-new-item', nonhybrid=False, output='display', slide_step=1, step=1, valid_portion=8, windowLenth=5)
================	 dataset: 30Music 	================
================	 Total train records: 2965  	================
================	 Total test records: 2965  	================
================	 Total split train records: 2504978 	================
================	 Total split test records: 337035  	================
-------------------------------------------------------
epoch:  0
/usr/local/lib/python3.8/dist-packages/torch/optim/lr_scheduler.py:131: UserWarning: Detected call of `lr_scheduler.step()` before `optimizer.step()`. In PyTorch 1.1.0 and later, you should call them in the opposite order: `optimizer.step()` before `lr_scheduler.step()`.  Failure to do this will result in PyTorch skipping the first value of the learning rate schedule. See more details at https://pytorch.org/docs/stable/optim.html#how-to-adjust-learning-rate
  warnings.warn("Detected call of `lr_scheduler.step()` before `optimizer.step()`. "
start training:  2022-07-08 19:36:32.710319
[0/9786] Loss: 11.4202
[1958/9786] Loss: 9.2562
[3916/9786] Loss: 8.3176
[5874/9786] Loss: 7.0618
[7832/9786] Loss: 8.5981
	Loss:	87439.250
start predicting:  2022-07-08 19:57:23.646615
hit: [ 5.93172816 10.0381266  12.9758037  15.20376222 17.08724613 18.58679366
 19.84749358 20.86489534 21.74640616 22.49974038 23.1655466  23.75242927
 24.27641046 24.74045722 25.17483347 25.58755025 25.94923376 26.27768629
 26.59338051 26.90017357]
mrr: [ 5.93172816  7.98492738  8.96415308  9.52114271  9.89783949 10.14776408
 10.32786407 10.45503929 10.55298494 10.62831836 10.6888462  10.73775309
 10.77805933 10.81120553 10.84016394 10.86595874 10.88723424 10.90548161
 10.92209709 10.93743674]
pre: [5.93172816 5.0190633  4.3252679  3.80094056 3.41744923 3.09779894
 2.83535623 2.60811192 2.41626735 2.24997404 2.10595878 1.97936911
 1.86741619 1.76717552 1.67832223 1.59922189 1.52642552 1.45987146
 1.39965161 1.34500868]
-------------------------------------------------------
epoch:  1
start training:  2022-07-08 20:03:54.927702
[0/9786] Loss: 4.8681
[1958/9786] Loss: 5.3935
[3916/9786] Loss: 5.6260
[5874/9786] Loss: 6.0198
[7832/9786] Loss: 7.3297
	Loss:	71705.367
start predicting:  2022-07-08 20:30:52.029134
hit: [11.90855549 15.81853517 18.29275891 20.20294628 21.6906256  22.95132553
 23.96308989 24.81908407 25.57716558 26.22754313 26.80789829 27.30220897
 27.79206907 28.22585191 28.6216565  28.97028499 29.30140787 29.61888231
 29.90579613 30.17075378]
mrr: [11.90855549 13.86354533 14.68828658 15.16583342 15.46336928 15.67348594
 15.8180237  15.92502298 16.00925426 16.07429201 16.12705157 16.16824413
 16.20592567 16.23691016 16.26329714 16.28508642 16.30456423 16.3222017
 16.33730243 16.35055031]
pre: [11.90855549  7.90926758  6.0975863   5.05073657  4.33812512  3.82522092
  3.42329856  3.10238551  2.84190729  2.62275431  2.43708166  2.27518408
  2.13785147  2.01613228  1.90811043  1.81064281  1.72361223  1.64549346
  1.57398927  1.50853769]
-------------------------------------------------------
epoch:  2
start training:  2022-07-08 20:37:07.585410
[0/9786] Loss: 4.1518
[1958/9786] Loss: 4.5509
[3916/9786] Loss: 4.9504
[5874/9786] Loss: 4.9701
[7832/9786] Loss: 4.7535
	Loss:	58589.070
start predicting:  2022-07-08 20:57:48.124606
hit: [18.88527898 22.17099114 24.12420075 25.59704482 26.81857967 27.78079428
 28.64657973 29.38448529 30.05296186 30.66714139 31.18429837 31.65783969
 32.11535894 32.5268889  32.87551738 33.22473927 33.53182904 33.81132523
 34.07301912 34.33115255]
mrr: [18.88527898 20.52813506 21.17920493 21.54741595 21.79172292 21.95209202
 22.07577565 22.16801385 22.24228902 22.30370698 22.35072125 22.39018302
 22.42537681 22.45477181 22.47801371 22.49984008 22.51790418 22.53343175
 22.54720511 22.56011178]
pre: [18.88527898 11.08549557  8.04140025  6.3992612   5.36371593  4.63013238
  4.09236853  3.67306066  3.33921798  3.06671414  2.83493622  2.63815331
  2.47041223  2.32334921  2.19170116  2.0765462   1.97246053  1.87840696
  1.7933168   1.71655763]
-------------------------------------------------------
epoch:  3
start training:  2022-07-08 21:04:41.448197
[0/9786] Loss: 3.1127
[1958/9786] Loss: 3.7213
[3916/9786] Loss: 4.8053
[5874/9786] Loss: 4.5365
[7832/9786] Loss: 4.4930
	Loss:	54972.277
start predicting:  2022-07-08 21:18:57.776275
hit: [20.04153871 23.29995401 25.13359147 26.47914905 27.6247274  28.56973311
 29.39754031 30.12417108 30.73953744 31.28666162 31.78898334 32.23077722
 32.65476879 33.01526548 33.35677304 33.66237928 33.95730414 34.22819588
 34.4970107  34.7305176 ]
mrr: [20.04153871 21.67074636 22.28195885 22.61834824 22.84746391 23.00496487
 23.12322304 23.21405188 23.28242592 23.33713834 23.38280395 23.41962011
 23.45223484 23.47798461 23.50075178 23.51985217 23.53720069 23.55225023
 23.56639838 23.57807372]
pre: [20.04153871 11.64997701  8.37786382  6.61978726  5.52494548  4.76162219
  4.19964862  3.76552139  3.41550416  3.12866616  2.88990758  2.6858981
  2.51190529  2.35823325  2.22378487  2.1038987   1.99748848  1.90156644
  1.81563214  1.73652588]
-------------------------------------------------------
epoch:  4
start training:  2022-07-08 21:25:49.173230
[0/9786] Loss: 2.9451
[1958/9786] Loss: 3.4168
[3916/9786] Loss: 4.7380
[5874/9786] Loss: 4.3295
[7832/9786] Loss: 4.3361
	Loss:	53169.328
start predicting:  2022-07-08 21:44:31.492582
hit: [20.71001528 23.79871527 25.60713279 26.88652514 27.9629712  28.85100954
 29.64528906 30.29477651 30.86979097 31.40742059 31.86286291 32.29456881
 32.69868115 33.05443055 33.37398193 33.67157714 33.95611732 34.19318468
 34.43944991 34.67918762]
mrr: [20.71001528 22.25436527 22.85717111 23.1770192  23.39230842 23.5403148
 23.65378331 23.73496924 23.79885973 23.8526227  23.89402654 23.93000204
 23.9610876  23.98649827 24.0078017  24.0264014  24.04313905 24.05630946
 24.06927079 24.08125768]
pre: [20.71001528 11.89935763  8.53571093  6.72163128  5.59259424  4.80850159
  4.23504129  3.78684706  3.42997677  3.14074206  2.8966239   2.69121407
  2.51528317  2.36103075  2.22493213  2.10447357  1.99741867  1.89962137
  1.81260263  1.73395938]
-------------------------------------------------------
epoch:  5
start training:  2022-07-08 21:51:00.892216
[0/9786] Loss: 2.8149
[1958/9786] Loss: 3.1957
[3916/9786] Loss: 4.6350
[5874/9786] Loss: 3.9915
[7832/9786] Loss: 3.8719
	Loss:	50385.250
start predicting:  2022-07-08 22:15:36.180092
hit: [21.73097749 24.50427997 26.14060854 27.37638524 28.39942439 29.25423176
 29.99362084 30.64904238 31.22019968 31.73290608 32.18122747 32.59572448
 32.97253994 33.32769594 33.64428027 33.943359   34.2175145  34.48395567
 34.71123177 34.94414527]
mrr: [21.73097749 23.11762873 23.66307159 23.97201576 24.17662359 24.31909149
 24.4247185  24.50664619 24.57010812 24.62137876 24.66213525 24.69667666
 24.72566247 24.75103075 24.77213638 24.7908288  24.80695559 24.82175788
 24.83371978 24.84536545]
pre: [21.73097749 12.25213999  8.71353618  6.84409631  5.67988488  4.87570529
  4.28480298  3.8311303   3.46891108  3.17329061  2.92556613  2.71631037
  2.53634923  2.38054971  2.24295202  2.12145994  2.01279497  1.91577532
  1.82690694  1.74720726]
-------------------------------------------------------
epoch:  6
start training:  2022-07-08 22:21:54.652443
[0/9786] Loss: 2.7351
[1958/9786] Loss: 3.1300
[3916/9786] Loss: 4.6089
[5874/9786] Loss: 3.9574
[7832/9786] Loss: 3.8431
	Loss:	50009.328
start predicting:  2022-07-08 22:45:12.011294
hit: [21.89624223 24.63245657 26.24148827 27.46420995 28.45579836 29.31861676
 30.05325856 30.71787797 31.29556278 31.78601629 32.24857952 32.65120833
 33.03514472 33.39089412 33.71281914 34.0015132  34.26736096 34.53053837
 34.76582551 35.00734345]
mrr: [21.89624223 23.2643494  23.8006933  24.10637372 24.3046914  24.44849447
 24.5534433  24.63652072 24.70070792 24.74975328 24.79180448 24.82535688
 24.85489045 24.88030112 24.90176279 24.91980617 24.93544427 24.95006524
 24.96244877 24.97452467]
pre: [21.89624223 12.31622828  8.74716276  6.86605249  5.69115967  4.88643613
  4.29332265  3.83973475  3.47728475  3.17860163  2.93168905  2.72093403
  2.54116498  2.38506387  2.24752128  2.12509457  2.01572712  1.91836324
  1.82978029  1.75036717]
-------------------------------------------------------
epoch:  7
start training:  2022-07-08 22:51:47.020602
[0/9786] Loss: 2.7024
[1958/9786] Loss: 3.0941
[3916/9786] Loss: 4.5965
[5874/9786] Loss: 3.9376
[7832/9786] Loss: 3.8258
	Loss:	49769.504
start predicting:  2022-07-08 23:09:42.786035
hit: [21.9935615  24.68705031 26.30171941 27.51999051 28.49347991 29.35956206
 30.10280831 30.75318587 31.33413444 31.81331316 32.28003026 32.70491195
 33.06511193 33.41017995 33.74011601 34.02673313 34.28100939 34.55457148
 34.79964989 35.0453217 ]
mrr: [21.9935615  23.3403059  23.87852894 24.18309671 24.37779459 24.52214162
 24.62831965 24.70961685 24.77416669 24.82208456 24.86451339 24.8999202
 24.92762789 24.9522756  24.97427134 24.99218491 25.00714234 25.02234023
 25.03523909 25.04752268]
pre: [21.9935615  12.34352515  8.7672398   6.87999763  5.69869598  4.89326034
  4.30040119  3.84414823  3.48157049  3.18133132  2.93454821  2.72540933
  2.54347015  2.38644143  2.24934107  2.12667082  2.01652996  1.91969842
  1.83156052  1.75226609]
-------------------------------------------------------
epoch:  8
start training:  2022-07-08 23:16:46.635733
[0/9786] Loss: 2.6773
[1958/9786] Loss: 3.0311
[3916/9786] Loss: 4.6191
[5874/9786] Loss: 3.8678
[7832/9786] Loss: 3.7612
	Loss:	49497.211
start predicting:  2022-07-08 23:31:18.467256
hit: [21.9701218  24.6517424  26.26136751 27.47815509 28.47300725 29.30971561
 30.06393995 30.70511965 31.29734301 31.78512617 32.24531577 32.67998873
 33.06689216 33.41641076 33.722017   34.01783198 34.27833904 34.52668121
 34.76345187 34.99784889]
mrr: [21.9701218  23.3109321  23.8474738  24.1516707  24.35064113 24.49009252
 24.59783886 24.67798632 24.74378891 24.79256723 24.83440265 24.8706254
 24.9003872  24.92535281 24.94572656 24.964215   24.97953894 24.99333573
 25.00579734 25.01751719]
pre: [21.9701218  12.3258712   8.75378917  6.86953877  5.69460145  4.8849526
  4.29484856  3.83813996  3.47748256  3.17851262  2.93139234  2.72333239
  2.54360709  2.38688648  2.24813447  2.1261145   2.01637288  1.91814896
  1.82965536  1.74989244]
-------------------------------------------------------
epoch:  9
start training:  2022-07-08 23:38:22.680308
[0/9786] Loss: 2.6705
[1958/9786] Loss: 3.0314
[3916/9786] Loss: 4.6056
[5874/9786] Loss: 3.8678
[7832/9786] Loss: 3.7611
	Loss:	49406.312
start predicting:  2022-07-08 23:58:34.741592
hit: [21.90365986 24.62711588 26.2254662  27.44581423 28.46113905 29.29399024
 30.04168707 30.6968119  31.28488139 31.76287329 32.23137063 32.65773584
 33.04641951 33.40365244 33.72439064 34.01545834 34.27032801 34.52757132
 34.76790244 35.00229946]
mrr: [21.90365986 23.26538787 23.79817131 24.10325832 24.30632328 24.44513181
 24.55194564 24.63383625 24.6991773  24.74697649 24.78956716 24.82509759
 24.85499634 24.88051298 24.90189552 24.92008725 24.93507959 24.94937088
 24.96201989 24.97373974]
pre: [21.90365986 12.31355794  8.74182207  6.86145356  5.69222781  4.88233171
  4.29166958  3.83710149  3.47609793  3.17628733  2.9301246   2.72147799
  2.54203227  2.38597517  2.24829271  2.12596615  2.01590165  1.91819841
  1.8298896   1.75011497]
-------------------------------------------------------
epoch:  10
start training:  2022-07-09 00:05:00.898307
[0/9786] Loss: 2.6683
[1958/9786] Loss: 3.0320
[3916/9786] Loss: 4.5993
[5874/9786] Loss: 3.8678
[7832/9786] Loss: 3.7609
	Loss:	49371.941
start predicting:  2022-07-09 00:31:08.395947
hit: [21.8885279  24.61435756 26.22398267 27.44225377 28.45461154 29.28390227
 30.03397273 30.69384485 31.28339787 31.76287329 32.23077722 32.66248312
 33.04938656 33.40394914 33.72290712 34.01990891 34.2813061  34.52994496
 34.7711662  35.00793686]
mrr: [21.8885279  23.25144273 23.78798443 24.09255221 24.29502376 24.43323888
 24.54039181 24.62287582 24.68838171 24.73632925 24.77886597 24.81484147
 24.84460327 24.86992917 24.89119303 24.90975565 24.92513195 24.93894522
 24.95164108 24.96347961]
pre: [21.8885279  12.30717878  8.74132756  6.86056344  5.69092231  4.88065038
  4.29056753  3.83673061  3.4759331   3.17628733  2.93007066  2.72187359
  2.5422605   2.38599637  2.24819381  2.12624431  2.01654742  1.91833028
  1.83006138  1.75039684]
-------------------------------------------------------
epoch:  11
start training:  2022-07-09 00:37:44.874986
[0/9786] Loss: 2.6660
[1958/9786] Loss: 3.0320
[3916/9786] Loss: 4.6047
[5874/9786] Loss: 3.8553
[7832/9786] Loss: 3.7456
	Loss:	49354.633
start predicting:  2022-07-09 01:01:06.599206
hit: [21.91167089 24.62592906 26.23021348 27.44818787 28.45668847 29.29072648
 30.04168707 30.69829543 31.28606821 31.76643375 32.23730473 32.65981278
 33.04819974 33.40632279 33.72409394 34.01575504 34.27982257 34.52727462
 34.76463869 35.00229946]
mrr: [21.91167089 23.26879998 23.80356145 24.10805505 24.30975517 24.4487615
 24.55604159 24.63811763 24.70342572 24.75146227 24.79426873 24.82947773
 24.85935365 24.88493387 24.90611861 24.92434743 24.93988081 24.95362815
 24.966121   24.97800403]
pre: [21.91167089 12.31296453  8.74340449  6.86204697  5.69133769  4.88178775
  4.29166958  3.83728693  3.4762298   3.17664338  2.93066407  2.72165106
  2.54216921  2.38616591  2.24827293  2.12598469  2.01646015  1.91818192
  1.82971783  1.75011497]
-------------------------------------------------------
epoch:  12
start training:  2022-07-09 01:08:09.835994
[0/9786] Loss: 2.6670
[1958/9786] Loss: 3.0305
[3916/9786] Loss: 4.6032
[5874/9786] Loss: 3.8562
[7832/9786] Loss: 3.7491
	Loss:	49342.664
start predicting:  2022-07-09 01:26:01.703683
hit: [21.9238358  24.63364339 26.23347724 27.45471539 28.458172   29.29250671
 30.0434673  30.70185589 31.28962867 31.76613705 32.24353554 32.65358197
 33.04730963 33.40305903 33.72350053 34.00922753 34.27804234 34.51778005
 34.76908926 35.00467311]
mrr: [21.9238358  23.2787396  23.81201755 24.11732708 24.31801841 24.45707419
 24.56435427 24.64665285 24.71196094 24.75961177 24.80301164 24.83718217
 24.86746891 24.89287959 24.91424235 24.93210029 24.94791293 24.96123169
 24.97445849 24.98623768]
pre: [21.9238358  12.3168217   8.74449241  6.86367885  5.6916344   4.88208445
  4.2919239   3.83773199  3.47662541  3.1766137   2.9312305   2.72113183
  2.54210074  2.38593279  2.24823337  2.12557672  2.01635543  1.91765445
  1.82995207  1.75023366]
-------------------------------------------------------
epoch:  13
start training:  2022-07-09 01:33:06.721511
[0/9786] Loss: 2.6679
[1958/9786] Loss: 3.0297
[3916/9786] Loss: 4.6021
[5874/9786] Loss: 3.8569
[7832/9786] Loss: 3.7516
	Loss:	49334.617
start predicting:  2022-07-09 01:48:49.050183
hit: [21.93155014 24.63661044 26.23822452 27.45382527 28.46232587 29.29102319
 30.03931342 30.70126248 31.2914089  31.76999421 32.24027178 32.65150504
 33.04493599 33.40246562 33.72231371 34.00893082 34.2756687  34.51510971
 34.76226505 35.00259617]
mrr: [21.93155014 23.28408029 23.81795165 24.12185184 24.32355196 24.46166817
 24.56856678 24.65131041 24.71688224 24.76474077 24.80749327 24.84176271
 24.87202663 24.89756446 24.91888767 24.93680124 24.9524917  24.96579398
 24.97880216 24.99081871]
pre: [21.93155014 12.31830522  8.74607484  6.86345632  5.69246517  4.8818372
  4.29133049  3.83765781  3.47682321  3.17699942  2.9309338   2.72095875
  2.54191815  2.3858904   2.24815425  2.12555818  2.01621581  1.91750609
  1.8295929   1.75012981]
-------------------------------------------------------
epoch:  14
start training:  2022-07-09 01:55:35.517655
[0/9786] Loss: 2.6686
[1958/9786] Loss: 3.0295
[3916/9786] Loss: 4.6025
[5874/9786] Loss: 3.8556
[7832/9786] Loss: 3.7493
	Loss:	49328.809
start predicting:  2022-07-09 02:16:06.412790
hit: [21.93333037 24.63690715 26.23763111 27.45382527 28.46321599 29.29013307
 30.04020354 30.70126248 31.29348584 31.7694008  32.23997508 32.65180174
 33.04434258 33.4015755  33.72290712 34.00893082 34.2756687  34.51510971
 34.76256175 35.00289287]
mrr: [21.93333037 23.28511876 23.81869341 24.12274195 24.32462009 24.46243961
 24.56959253 24.6522249  24.7180275  24.76561899 24.80839847 24.84271736
 24.87291281 24.89842945 24.91985155 24.93772804 24.9534185  24.96672078
 24.97974457 24.99176112]
pre: [21.93333037 12.31845357  8.74587704  6.86345632  5.6926432   4.88168885
  4.29145765  3.83765781  3.47705398  3.17694008  2.93090683  2.72098348
  2.54187251  2.38582682  2.24819381  2.12555818  2.01621581  1.91750609
  1.82960851  1.75014464]
-------------------------------------------------------
epoch:  15
start training:  2022-07-09 02:22:24.427050
[0/9786] Loss: 2.6686
[1958/9786] Loss: 3.0295
[3916/9786] Loss: 4.6025
[5874/9786] Loss: 3.8556
[7832/9786] Loss: 3.7495
	Loss:	49328.301
start predicting:  2022-07-09 02:47:35.345621
hit: [21.93392378 24.63839067 26.23822452 27.45204504 28.46351269 29.2916166
 30.04079695 30.70037236 31.29318913 31.7691041  32.24027178 32.65180174
 33.04434258 33.4015755  33.72290712 34.00833741 34.27418517 34.51510971
 34.76107823 35.00318958]
mrr: [21.93392378 23.28615722 23.81943517 24.1228903  24.32518383 24.46320115
 24.57022692 24.65267384 24.71854237 24.76613387 24.80896729 24.84326146
 24.87345691 24.89897354 24.92039565 24.93823505 24.95387315 24.96725785
 24.98020356 24.99230912]
pre: [21.93392378 12.31919534  8.74607484  6.86301126  5.69270254  4.8819361
  4.29154242  3.83754655  3.47702101  3.17691041  2.9309338   2.72098348
  2.54187251  2.38582682  2.24819381  2.12552109  2.01612854  1.91750609
  1.82953043  1.75015948]
-------------------------------------------------------
epoch:  16
start training:  2022-07-09 02:53:39.427023
[0/9786] Loss: 2.6687
[1958/9786] Loss: 3.0295
[3916/9786] Loss: 4.6024
[5874/9786] Loss: 3.8556
[7832/9786] Loss: 3.7496
	Loss:	49327.773
start predicting:  2022-07-09 03:16:35.635869
hit: [21.93422048 24.63839067 26.23881793 27.45293516 28.46291928 29.29221001
 30.04109365 30.70007566 31.29259572 31.76969751 32.23997508 32.65239515
 33.04404587 33.4012788  33.72231371 34.00833741 34.27448188 34.51392289
 34.7595947  35.00229946]
mrr: [21.93422048 23.28630558 23.81978133 24.12331064 24.32530746 24.46352258
 24.57050596 24.65287871 24.71871427 24.76642445 24.80917696 24.8435453
 24.87367228 24.89918891 24.92059124 24.93846772 24.95412328 24.96742556
 24.98035565 24.99249089]
pre: [21.93422048 12.31919534  8.74627264  6.86323379  5.69258386  4.882035
  4.29158481  3.83750946  3.47695508  3.17696975  2.93090683  2.72103293
  2.54184968  2.38580563  2.24815425  2.12552109  2.01614599  1.91744016
  1.82945235  1.75011497]
-------------------------------------------------------
epoch:  17
start training:  2022-07-09 03:23:04.662463
[0/9786] Loss: 2.6687
[1958/9786] Loss: 3.0294
[3916/9786] Loss: 4.6024
[5874/9786] Loss: 3.8555
[7832/9786] Loss: 3.7494
	Loss:	49327.320
start predicting:  2022-07-09 03:40:48.118974
hit: [21.93392378 24.63809397 26.23881793 27.45293516 28.46291928 29.29221001
 30.04109365 30.70007566 31.29289243 31.76969751 32.23997508 32.65239515
 33.04404587 33.4012788  33.72231371 34.00833741 34.27448188 34.51392289
 34.7595947  35.00229946]
mrr: [21.93392378 23.28600887 23.81958352 24.12311283 24.32510966 24.46332478
 24.57030816 24.65268091 24.71854944 24.76622995 24.80898245 24.84335079
 24.87347777 24.89899441 24.92039673 24.93827322 24.95392877 24.96723105
 24.98016115 24.99229638]
pre: [21.93392378 12.31904698  8.74627264  6.86323379  5.69258386  4.882035
  4.29158481  3.83750946  3.47698805  3.17696975  2.93090683  2.72103293
  2.54184968  2.38580563  2.24815425  2.12552109  2.01614599  1.91744016
  1.82945235  1.75011497]
-------------------------------------------------------
epoch:  18
start training:  2022-07-09 03:47:37.565486
[0/9786] Loss: 2.6687
[1958/9786] Loss: 3.0294
[3916/9786] Loss: 4.6024
[5874/9786] Loss: 3.8555
[7832/9786] Loss: 3.7494
	Loss:	49327.312
start predicting:  2022-07-09 04:01:43.803701
hit: [21.93392378 24.63809397 26.23881793 27.45293516 28.46291928 29.29221001
 30.04109365 30.70007566 31.29289243 31.76969751 32.23997508 32.65239515
 33.04404587 33.4012788  33.72231371 34.00833741 34.27448188 34.51392289
 34.7595947  35.00229946]
mrr: [21.93392378 23.28600887 23.81958352 24.12311283 24.32510966 24.46332478
 24.57030816 24.65268091 24.71854944 24.76622995 24.80898245 24.84335079
 24.87347777 24.89899441 24.92039673 24.93827322 24.95392877 24.96723105
 24.98016115 24.99229638]
pre: [21.93392378 12.31904698  8.74627264  6.86323379  5.69258386  4.882035
  4.29158481  3.83750946  3.47698805  3.17696975  2.93090683  2.72103293
  2.54184968  2.38580563  2.24815425  2.12552109  2.01614599  1.91744016
  1.82945235  1.75011497]
-------------------------------------------------------
epoch:  19
start training:  2022-07-09 04:07:50.411416
[0/9786] Loss: 2.6687
[1958/9786] Loss: 3.0294
[3916/9786] Loss: 4.6024
[5874/9786] Loss: 3.8555
[7832/9786] Loss: 3.7494
	Loss:	49327.301
start predicting:  2022-07-09 04:19:30.130451
hit: [21.93392378 24.63809397 26.23881793 27.45323186 28.46291928 29.29221001
 30.04109365 30.70007566 31.29289243 31.76969751 32.23997508 32.65239515
 33.04404587 33.4012788  33.72231371 34.00833741 34.27448188 34.51421959
 34.7595947  35.00229946]
mrr: [21.93392378 23.28600887 23.81958352 24.12318701 24.32512449 24.46333961
 24.57032299 24.65269574 24.71856427 24.76624478 24.80899729 24.84336563
 24.8734926  24.89900924 24.92041157 24.93828805 24.95394361 24.96726237
 24.98017685 24.99231209]
pre: [21.93392378 12.31904698  8.74627264  6.86330797  5.69258386  4.882035
  4.29158481  3.83750946  3.47698805  3.17696975  2.93090683  2.72103293
  2.54184968  2.38580563  2.24815425  2.12552109  2.01614599  1.91745664
  1.82945235  1.75011497]
-------------------------------------------------------
epoch:  20
start training:  2022-07-09 04:25:35.973254
[0/9786] Loss: 2.6687
[1958/9786] Loss: 3.0294
[3916/9786] Loss: 4.6024
[5874/9786] Loss: 3.8555
[7832/9786] Loss: 3.7494
	Loss:	49327.277
start predicting:  2022-07-09 04:37:06.179998
hit: [21.93392378 24.63809397 26.23881793 27.45323186 28.46291928 29.29221001
 30.04109365 30.70007566 31.29289243 31.76969751 32.23997508 32.65239515
 33.04404587 33.4012788  33.72231371 34.00833741 34.27448188 34.51421959
 34.7595947  35.00229946]
mrr: [21.93392378 23.28600887 23.81958352 24.12318701 24.32512449 24.46333961
 24.57032299 24.65269574 24.71856427 24.76624478 24.80899729 24.84336563
 24.8734926  24.89900924 24.92041157 24.93828805 24.95394361 24.96726237
 24.98017685 24.99231209]
pre: [21.93392378 12.31904698  8.74627264  6.86330797  5.69258386  4.882035
  4.29158481  3.83750946  3.47698805  3.17696975  2.93090683  2.72103293
  2.54184968  2.38580563  2.24815425  2.12552109  2.01614599  1.91745664
  1.82945235  1.75011497]
-------------------------------------------------------
epoch:  21
start training:  2022-07-09 04:43:07.655414
[0/9786] Loss: 2.6687
[1958/9786] Loss: 3.0294
[3916/9786] Loss: 4.6024
[5874/9786] Loss: 3.8555
[7832/9786] Loss: 3.7494
	Loss:	49327.277
start predicting:  2022-07-09 04:54:34.547225
hit: [21.93392378 24.63809397 26.23881793 27.45323186 28.46291928 29.29221001
 30.04109365 30.70007566 31.29289243 31.76969751 32.23997508 32.65239515
 33.04404587 33.4012788  33.72231371 34.00833741 34.27448188 34.51421959
 34.7595947  35.00229946]
mrr: [21.93392378 23.28600887 23.81958352 24.12318701 24.32512449 24.46333961
 24.57032299 24.65269574 24.71856427 24.76624478 24.80899729 24.84336563
 24.8734926  24.89900924 24.92041157 24.93828805 24.95394361 24.96726237
 24.98017685 24.99231209]
pre: [21.93392378 12.31904698  8.74627264  6.86330797  5.69258386  4.882035
  4.29158481  3.83750946  3.47698805  3.17696975  2.93090683  2.72103293
  2.54184968  2.38580563  2.24815425  2.12552109  2.01614599  1.91745664
  1.82945235  1.75011497]
-------------------------------------------------------
epoch:  22
start training:  2022-07-09 05:00:40.469594
[0/9786] Loss: 2.6687
[1958/9786] Loss: 3.0294
[3916/9786] Loss: 4.6024
[5874/9786] Loss: 3.8555
[7832/9786] Loss: 3.7494
	Loss:	49327.273
start predicting:  2022-07-09 05:13:21.249632
hit: [21.93392378 24.63809397 26.23881793 27.45323186 28.46291928 29.29221001
 30.04109365 30.70007566 31.29289243 31.76969751 32.23997508 32.65239515
 33.04404587 33.4012788  33.72231371 34.00833741 34.27448188 34.51421959
 34.7595947  35.00229946]
mrr: [21.93392378 23.28600887 23.81958352 24.12318701 24.32512449 24.46333961
 24.57032299 24.65269574 24.71856427 24.76624478 24.80899729 24.84336563
 24.8734926  24.89900924 24.92041157 24.93828805 24.95394361 24.96726237
 24.98017685 24.99231209]
pre: [21.93392378 12.31904698  8.74627264  6.86330797  5.69258386  4.882035
  4.29158481  3.83750946  3.47698805  3.17696975  2.93090683  2.72103293
  2.54184968  2.38580563  2.24815425  2.12552109  2.01614599  1.91745664
  1.82945235  1.75011497]
-------------------------------------------------------
epoch:  23
start training:  2022-07-09 05:19:40.193893
[0/9786] Loss: 2.6687
[1958/9786] Loss: 3.0294
[3916/9786] Loss: 4.6024
[5874/9786] Loss: 3.8555
[7832/9786] Loss: 3.7494
	Loss:	49327.277
start predicting:  2022-07-09 05:31:06.875993
hit: [21.93392378 24.63809397 26.23881793 27.45323186 28.46291928 29.29221001
 30.04109365 30.70007566 31.29289243 31.76969751 32.23997508 32.65239515
 33.04404587 33.4012788  33.72231371 34.00833741 34.27448188 34.51421959
 34.7595947  35.00229946]
mrr: [21.93392378 23.28600887 23.81958352 24.12318701 24.32512449 24.46333961
 24.57032299 24.65269574 24.71856427 24.76624478 24.80899729 24.84336563
 24.8734926  24.89900924 24.92041157 24.93828805 24.95394361 24.96726237
 24.98017685 24.99231209]
pre: [21.93392378 12.31904698  8.74627264  6.86330797  5.69258386  4.882035
  4.29158481  3.83750946  3.47698805  3.17696975  2.93090683  2.72103293
  2.54184968  2.38580563  2.24815425  2.12552109  2.01614599  1.91745664
  1.82945235  1.75011497]
-------------------------------------------------------
epoch:  24
start training:  2022-07-09 05:37:05.568340
[0/9786] Loss: 2.6687
[1958/9786] Loss: 3.0294
[3916/9786] Loss: 4.6024
[5874/9786] Loss: 3.8555
[7832/9786] Loss: 3.7494
	Loss:	49327.273
start predicting:  2022-07-09 05:48:21.753949
hit: [21.93392378 24.63809397 26.23881793 27.45323186 28.46291928 29.29221001
 30.04109365 30.70007566 31.29289243 31.76969751 32.23997508 32.65239515
 33.04404587 33.4012788  33.72231371 34.00833741 34.27448188 34.51421959
 34.7595947  35.00229946]
mrr: [21.93392378 23.28600887 23.81958352 24.12318701 24.32512449 24.46333961
 24.57032299 24.65269574 24.71856427 24.76624478 24.80899729 24.84336563
 24.8734926  24.89900924 24.92041157 24.93828805 24.95394361 24.96726237
 24.98017685 24.99231209]
pre: [21.93392378 12.31904698  8.74627264  6.86330797  5.69258386  4.882035
  4.29158481  3.83750946  3.47698805  3.17696975  2.93090683  2.72103293
  2.54184968  2.38580563  2.24815425  2.12552109  2.01614599  1.91745664
  1.82945235  1.75011497]
-------------------------------------------------------
Run time: 37114.986806 s
