nohup: ignoring input
2022-07-07_11-15-54
Namespace(batchSize=256, cuda_device='1', data_size=1, dataset='xiami', detail='SRGNN', drop_portion=1, epoch=25, hiddenSize=100, l2=1e-05, lr=0.001, lr_dc=0.1, lr_dc_step=3, mode='next-one-item', nonhybrid=False, output='display', slide_step=1, step=1, valid_portion=8, windowLenth=5)
================	 dataset: xiami 	================
================	 Total train records: 3982  	================
================	 Total test records: 3982  	================
================	 Total split train records: 2502354 	================
================	 Total split test records: 612641  	================
-------------------------------------------------------
epoch:  0
/home/wh/miniconda3/envs/pytorch/lib/python3.6/site-packages/torch/optim/lr_scheduler.py:136: UserWarning: Detected call of `lr_scheduler.step()` before `optimizer.step()`. In PyTorch 1.1.0 and later, you should call them in the opposite order: `optimizer.step()` before `lr_scheduler.step()`.  Failure to do this will result in PyTorch skipping the first value of the learning rate schedule. See more details at https://pytorch.org/docs/stable/optim.html#how-to-adjust-learning-rate
  "https://pytorch.org/docs/stable/optim.html#how-to-adjust-learning-rate", UserWarning)
start training:  2022-07-07 11:21:47.737904
[0/9775] Loss: 11.0743
[1956/9775] Loss: 10.2793
[3912/9775] Loss: 10.3299
[5868/9775] Loss: 7.6452
[7824/9775] Loss: 8.6261
	Loss:	86651.055
start predicting:  2022-07-07 11:34:43.718132
hit: [11.5823133  14.24374144 16.20720781 17.75689188 19.15983423 20.26309046
 21.28065213 22.15081916 22.90313577 23.53662259 24.1082461  24.62176054
 25.08630666 25.49143789 25.88677545 26.26807543 26.61721955 26.93094324
 27.23177195 27.50599454]
mrr: [11.5823133  12.91302737 13.56751616 13.95493718 14.23552564 14.41940168
 14.56476764 14.67353852 14.75712925 14.82047793 14.87244371 14.91523658
 14.95097089 14.97990884 15.00626467 15.03009592 15.05063381 15.06806291
 15.083896   15.09760713]
pre: [11.5823133   7.12187072  5.4024026   4.43922297  3.83196685  3.37718174
  3.04009316  2.76885239  2.54479286  2.35366226  2.19165874  2.05181338
  1.9297159   1.82081699  1.72578503  1.64175471  1.5657188   1.49616351
  1.43325116  1.37529973]
-------------------------------------------------------
epoch:  1
start training:  2022-07-07 11:45:50.756066
[0/9775] Loss: 7.6777
[1956/9775] Loss: 9.7270
[3912/9775] Loss: 9.2032
[5868/9775] Loss: 5.4911
[7824/9775] Loss: 7.6027
	Loss:	74773.781
start predicting:  2022-07-07 11:58:16.268243
hit: [13.34876379 16.7834017  19.13926753 20.99875784 22.52885458 23.81019227
 24.93270937 25.89575298 26.71874719 27.40658885 28.04513573 28.62035025
 29.15002424 29.6259963  30.04940903 30.44817438 30.79552299 31.18596372
 31.51682633 31.84311856]
mrr: [13.34876379 15.06608275 15.85137136 16.31624393 16.62226328 16.83581956
 16.99617915 17.1165596  17.2080034  17.27678757 17.33483728 17.38277183
 17.42351598 17.45751399 17.4857415  17.51066434 17.53109661 17.55278776
 17.57020158 17.58651619]
pre: [13.34876379  8.39170085  6.37975584  5.24968946  4.50577092  3.96836538
  3.56181562  3.23696912  2.96874969  2.74065889  2.54955779  2.38502919
  2.24230956  2.11614259  2.00329394  1.9030109   1.81150135  1.73255354
  1.65878033  1.59215593]
-------------------------------------------------------
epoch:  2
start training:  2022-07-07 12:09:00.273794
[0/9775] Loss: 7.4870
[1956/9775] Loss: 9.3515
[3912/9775] Loss: 7.9149
[5868/9775] Loss: 2.9247
[7824/9775] Loss: 4.5717
	Loss:	62155.375
start predicting:  2022-07-07 12:21:18.407709
hit: [14.61590067 18.73952282 21.39262635 23.64745422 25.5280009  27.05858733
 28.32556097 29.38931609 30.26944001 31.00249575 31.71433188 32.29787102
 32.85953764 33.33632584 33.78781374 34.19294497 34.57065394 34.93155045
 35.27449191 35.57515739]
mrr: [14.61590067 16.67771174 17.56207959 18.12578655 18.50189589 18.75699363
 18.93798986 19.07095925 19.1687508  19.24205637 19.30676875 19.35539701
 19.39860214 19.43265844 19.46275763 19.48807833 19.51029651 19.53034631
 19.54839586 19.56342914]
pre: [14.61590067  9.36976141  7.13087545  5.91186355  5.10560018  4.50976455
  4.04650871  3.67366451  3.36327111  3.10024958  2.88312108  2.69148925
  2.52765674  2.38116613  2.25252092  2.13705906  2.03356788  1.94064169
  1.85655221  1.77875787]
-------------------------------------------------------
epoch:  3
start training:  2022-07-07 12:32:03.772961
[0/9775] Loss: 7.2063
[1956/9775] Loss: 9.0419
[3912/9775] Loss: 7.3270
[5868/9775] Loss: 2.6178
[7824/9775] Loss: 4.3608
	Loss:	58781.461
start predicting:  2022-07-07 12:44:35.662456
hit: [15.27191291 19.58455278 22.40333246 24.70680219 26.6934469  28.33290622
 29.64509395 30.71929564 31.63532966 32.40674392 33.06895882 33.66980009
 34.22738602 34.7329023  35.17410686 35.60355902 35.99448943 36.35456981
 36.67988267 36.99621801]
mrr: [15.27191291 17.42823285 18.36782607 18.94369351 19.34102245 19.61426567
 19.80172106 19.93599627 20.03777783 20.11491925 20.17512061 20.22519071
 20.26808194 20.30419024 20.33360388 20.36044464 20.38344055 20.40344501
 20.42056674 20.43638351]
pre: [15.27191291  9.79227639  7.46777749  6.17670055  5.33868938  4.72215104
  4.23501342  3.83991195  3.51503663  3.24067439  3.00626898  2.80581667
  2.63287585  2.48092159  2.34494046  2.22522244  2.11732291  2.01969832
  1.93052014  1.8498109 ]
-------------------------------------------------------
epoch:  4
start training:  2022-07-07 12:56:00.509147
[0/9775] Loss: 7.0759
[1956/9775] Loss: 8.8260
[3912/9775] Loss: 6.9735
[5868/9775] Loss: 2.3562
[7824/9775] Loss: 4.1541
	Loss:	56680.164
start predicting:  2022-07-07 13:08:48.395518
hit: [15.83439567 20.28626879 23.21800206 25.5650536  27.51170751 29.10807471
 30.40671454 31.4848337  32.36773249 33.14812427 33.84233181 34.4456215
 35.02116248 35.52227161 35.97424919 36.3868889  36.76508755 37.12549438
 37.47773982 37.77301878]
mrr: [15.83439567 18.06033223 19.03757666 19.62433954 20.01367032 20.27973152
 20.4652515  20.60001639 20.69811626 20.77615544 20.83926521 20.88953935
 20.93381174 20.96960525 20.99973709 21.02552707 21.04777405 21.06779665
 21.08633588 21.10109983]
pre: [15.83439567 10.1431344   7.73933402  6.3912634   5.5023415   4.85134579
  4.34381636  3.93560421  3.59641472  3.31481243  3.07657562  2.87046846
  2.69393558  2.53730511  2.39828328  2.27418056  2.16265221  2.06252747
  1.97251262  1.88865094]
-------------------------------------------------------
epoch:  5
start training:  2022-07-07 13:20:03.021449
[0/9775] Loss: 6.9723
[1956/9775] Loss: 8.6489
[3912/9775] Loss: 6.5695
[5868/9775] Loss: 1.8333
[7824/9775] Loss: 3.5245
	Loss:	53655.219
start predicting:  2022-07-07 13:35:48.977796
hit: [15.96954823 20.53094716 23.47786061 25.83193094 27.79294889 29.44285479
 30.78181186 31.84148629 32.73972849 33.50706205 34.20812515 34.8146794
 35.36459362 35.85052257 36.26871202 36.68706469 37.07424087 37.42240562
 37.76273544 38.08184565]
mrr: [15.96954823 18.2502477  19.23255218 19.82106976 20.21327335 20.48825767
 20.67953725 20.81199655 20.91180124 20.9885346  21.05226761 21.1028138
 21.14511489 21.1798241  21.2077034  21.23385044 21.25662551 21.27596799
 21.29388009 21.3098356 ]
pre: [15.96954823 10.26547358  7.82595354  6.45798273  5.55858978  4.90714246
  4.39740169  3.98018579  3.63774761  3.3507062   3.10982956  2.90122328
  2.72035336  2.56075161  2.41791413  2.29294154  2.1808377   2.07902253
  1.98751239  1.90409228]
-------------------------------------------------------
epoch:  6
start training:  2022-07-07 13:52:20.583088
[0/9775] Loss: 6.8717
[1956/9775] Loss: 8.6067
[3912/9775] Loss: 6.5179
[5868/9775] Loss: 1.7995
[7824/9775] Loss: 3.5091
	Loss:	53306.785
start predicting:  2022-07-07 14:09:46.742164
hit: [16.08282828 20.69270584 23.64533226 25.99679094 27.99877906 29.65439793
 30.93377688 31.99769522 32.86476093 33.63062544 34.3426248  34.95962562
 35.48701442 35.98453254 36.4381424  36.85796413 37.2297969  37.57681905
 37.89446021 38.19333019]
mrr: [16.08282828 18.38776706 19.37197587 19.95984054 20.36023816 20.63617464
 20.81894306 20.95193285 21.04827349 21.12485994 21.18958715 21.24100389
 21.28157226 21.31710927 21.34734992 21.37358878 21.3954613  21.41474031
 21.43145826 21.44640176]
pre: [16.08282828 10.34635292  7.88177742  6.49919774  5.59975581  4.94239965
  4.41911098  3.9997119   3.6516401   3.36306254  3.1220568   2.91330214
  2.72977034  2.57032375  2.42920949  2.30362276  2.18998805  2.08760106
  1.99444527  1.90966651]
-------------------------------------------------------
epoch:  7
start training:  2022-07-07 14:25:10.386621
[0/9775] Loss: 6.8082
[1956/9775] Loss: 8.5745
[3912/9775] Loss: 6.4754
[5868/9775] Loss: 1.7821
[7824/9775] Loss: 3.4908
	Loss:	53042.477
start predicting:  2022-07-07 14:40:46.897606
hit: [16.18729403 20.83177587 23.77770995 26.11790592 28.13034061 29.77175866
 31.0380794  32.08077814 32.96694149 33.72480784 34.42162702 35.05233897
 35.58658333 36.10009777 36.53444676 36.93566053 37.31891924 37.65745355
 38.00121115 38.30497796]
mrr: [16.18729403 18.50953495 19.49151297 20.07656197 20.4790489  20.75261858
 20.93352154 21.06385889 21.16232148 21.23810811 21.30145531 21.35401464
 21.39511036 21.43178997 21.46074656 21.48582242 21.50836705 21.52717452
 21.54526702 21.56045536]
pre: [16.18729403 10.41588793  7.92590332  6.52947648  5.62606812  4.96195978
  4.43401134  4.01009727  3.6629935   3.37248078  3.12923882  2.92102825
  2.73742949  2.57857841  2.43562978  2.30847878  2.19523054  2.09208075
  2.00006374  1.9152489 ]
-------------------------------------------------------
epoch:  8
start training:  2022-07-07 14:54:00.875157
[0/9775] Loss: 6.7586
[1956/9775] Loss: 8.5561
[3912/9775] Loss: 6.4196
[5868/9775] Loss: 1.6763
[7824/9775] Loss: 3.4120
	Loss:	52658.219
start predicting:  2022-07-07 15:16:03.463239
hit: [16.14175349 20.75456915 23.68613919 26.0824855  28.09508342 29.745479
 31.04003813 32.08485883 32.99158888 33.74521131 34.42848259 35.04825828
 35.57548385 36.10532106 36.54538302 36.95557431 37.3363846  37.68569195
 38.02030879 38.32179041]
mrr: [16.14175349 18.44816132 19.42535133 20.02443791 20.42695749 20.70202343
 20.88696044 21.01756303 21.11831081 21.19367306 21.25578863 21.3074366
 21.34799242 21.38583793 21.41517539 21.44081235 21.46321296 21.48261892
 21.50023033 21.51530441]
pre: [16.14175349 10.37728458  7.89537973  6.52062138  5.61901668  4.95757983
  4.43429116  4.01060735  3.6657321   3.37452113  3.12986205  2.92068819
  2.73657568  2.5789515   2.43635887  2.30972339  2.19625792  2.09364955
  2.00106888  1.91608952]
-------------------------------------------------------
epoch:  9
start training:  2022-07-07 15:28:00.416146
[0/9775] Loss: 6.7462
[1956/9775] Loss: 8.5472
[3912/9775] Loss: 6.4143
[5868/9775] Loss: 1.6831
[7824/9775] Loss: 3.4158
	Loss:	52615.668
start predicting:  2022-07-07 15:42:08.876792
hit: [16.11726933 20.73840961 23.68189527 26.08623974 28.10650936 29.78024651
 31.06370615 32.10607844 33.00007672 33.7610444  34.43860271 35.03960721
 35.59670345 36.11266631 36.55648251 36.97124417 37.34732086 37.70397345
 38.02536885 38.32750338]
mrr: [16.11726933 18.42783947 19.40900136 20.01008747 20.4141414  20.69309759
 20.87644897 21.0067455  21.10607864 21.18217541 21.24377162 21.29385533
 21.33670889 21.37356338 21.40315112 21.42907373 21.45119589 21.47100992
 21.48792547 21.50303219]
pre: [16.11726933 10.3692048   7.89396509  6.52155993  5.62130187  4.96337442
  4.43767231  4.0132598   3.66667519  3.37610444  3.13078206  2.91996727
  2.73820796  2.57947616  2.43709883  2.31070276  2.19690123  2.09466519
  2.0013352   1.91637517]
-------------------------------------------------------
epoch:  10
start training:  2022-07-07 15:55:00.697931
[0/9775] Loss: 6.7377
[1956/9775] Loss: 8.5430
[3912/9775] Loss: 6.4097
[5868/9775] Loss: 1.6874
[7824/9775] Loss: 3.4173
	Loss:	52587.059
start predicting:  2022-07-07 16:11:58.744364
hit: [16.13016432 20.73759347 23.70605297 26.10386833 28.11940435 29.794937
 31.08215088 32.12125862 33.02325505 33.77965236 34.45002865 35.0583784
 35.61531141 36.1343756  36.57868148 36.9878934  37.36919338 37.7095232
 38.04103872 38.34513198]
mrr: [16.13016432 18.43387889 19.4233654  20.02281924 20.42592644 20.70518188
 20.88906958 21.01895805 21.11917987 21.1948196  21.2557629  21.30645871
 21.34929972 21.38637573 21.41599612 21.44157187 21.46400128 21.48290849
 21.50035667 21.51556134]
pre: [16.13016432 10.36879673  7.90201766  6.52596708  5.62388087  4.96582283
  4.44030727  4.01515733  3.66925056  3.37796524  3.13182079  2.92153153
  2.73963934  2.58102683  2.43857877  2.31174334  2.19818785  2.09497351
  2.00215993  1.9172566 ]
-------------------------------------------------------
epoch:  11
start training:  2022-07-07 16:29:02.282495
[0/9775] Loss: 6.7304
[1956/9775] Loss: 8.5459
[3912/9775] Loss: 6.4036
[5868/9775] Loss: 1.6761
[7824/9775] Loss: 3.4092
	Loss:	52547.559
start predicting:  2022-07-07 16:46:08.381746
hit: [16.13293919 20.75342656 23.70817493 26.09358499 28.10863132 29.77518645
 31.06746039 32.112934   33.00121931 33.76332958 34.43337942 35.04156594
 35.59099048 36.11282954 36.55648251 36.95867564 37.3363846  37.69156815
 38.02438949 38.32636079]
mrr: [16.13293919 18.44318288 19.428099   20.02445151 20.42746078 20.70521997
 20.88983053 21.02051473 21.1192131  21.19542413 21.25633775 21.30701996
 21.34928339 21.3865576  21.41613447 21.44127154 21.46348971 21.48322213
 21.50073905 21.51583761]
pre: [16.13293919 10.37671328  7.90272498  6.52339625  5.62172626  4.96253107
  4.43820863  4.01411675  3.66680215  3.37633296  3.13030722  2.9201305
  2.7377685   2.57948782  2.43709883  2.30991723  2.19625792  2.09397601
  2.00128366  1.91631804]
-------------------------------------------------------
epoch:  12
start training:  2022-07-07 17:02:34.065517
[0/9775] Loss: 6.7321
[1956/9775] Loss: 8.5421
[3912/9775] Loss: 6.4018
[5868/9775] Loss: 1.6768
[7824/9775] Loss: 3.4085
	Loss:	52542.383
start predicting:  2022-07-07 17:19:19.203613
hit: [16.13375533 20.74999878 23.70540006 26.08705588 28.10242867 29.76996316
 31.06664425 32.10869008 33.00301482 33.76479863 34.43060455 35.04172917
 35.58984789 36.11315599 36.55648251 36.95590076 37.33589492 37.68765068
 38.02357335 38.32358592]
mrr: [16.13375533 18.44187705 19.42701082 20.02242477 20.42549933 20.70342174
 20.8886619  21.01891763 21.11828704 21.19446542 21.25499323 21.30592029
 21.34808326 21.38546242 21.41501752 21.43998116 21.46233375 21.48187574
 21.49955588 21.51455651]
pre: [16.13375533 10.37499939  7.90180002  6.52176397  5.62048573  4.96166053
  4.43809204  4.01358626  3.66700165  3.37647986  3.13005496  2.9201441
  2.73768061  2.57951114  2.43709883  2.3097438   2.19622911  2.09375837
  2.0012407   1.9161793 ]
-------------------------------------------------------
epoch:  13
start training:  2022-07-07 17:32:09.531085
[0/9775] Loss: 6.7317
[1956/9775] Loss: 8.5406
[3912/9775] Loss: 6.4011
[5868/9775] Loss: 1.6771
[7824/9775] Loss: 3.4083
	Loss:	52538.734
start predicting:  2022-07-07 17:47:54.390341
hit: [16.11106668 20.7472239  23.7032781  26.0795474  28.09932734 29.76702506
 31.06843976 32.11211786 33.0053     33.7639825  34.43109423 35.04026012
 35.59360213 36.11397213 36.55631928 36.95655367 37.33915948 37.68471258
 38.02341012 38.32472851]
mrr: [16.11106668 18.42914529 19.41449669 20.00856401 20.41252    20.69046962
 20.87638601 21.00684577 21.10608823 21.18195648 21.242603   21.29336683
 21.3359316  21.37310088 21.40259069 21.42760534 21.45011156 21.46930896
 21.48713515 21.50220107]
pre: [16.11106668 10.37361195  7.9010927   6.51988685  5.61986547  4.96117084
  4.43834854  4.01401473  3.66725556  3.37639825  3.13009948  2.92002168
  2.73796939  2.57956944  2.43708795  2.3097846   2.19642115  2.09359514
  2.00123211  1.91623643]
-------------------------------------------------------
epoch:  14
start training:  2022-07-07 18:05:07.615215
[0/9775] Loss: 6.7308
[1956/9775] Loss: 8.5410
[3912/9775] Loss: 6.4006
[5868/9775] Loss: 1.6760
[7824/9775] Loss: 3.4077
	Loss:	52533.926
start predicting:  2022-07-07 18:22:11.813741
hit: [16.11041377 20.74591808 23.70278842 26.08020031 28.09949057 29.76588247
 31.06778684 32.10950622 33.00546323 33.76381927 34.430931   35.03960721
 35.59311244 36.11478827 36.55550314 36.95557431 37.33964916 37.68373321
 38.02341012 38.32179041]
mrr: [16.11041377 18.42816592 19.41378937 20.00814234 20.41200039 20.68973238
 20.87571872 21.00593364 21.10548442 21.18132002 21.24196654 21.29268956
 21.33526689 21.37252944 21.40191044 21.42691488 21.44950752 21.4686233
 21.48650104 21.50142005]
pre: [16.11041377 10.37295904  7.90092947  6.52005008  5.61989811  4.96098041
  4.43825526  4.01368828  3.66727369  3.37638193  3.13008464  2.91996727
  2.73793173  2.57962773  2.43703354  2.30972339  2.19644995  2.09354073
  2.00123211  1.91608952]
-------------------------------------------------------
epoch:  15
start training:  2022-07-07 18:39:28.217668
[0/9775] Loss: 6.7307
[1956/9775] Loss: 8.5409
[3912/9775] Loss: 6.4006
[5868/9775] Loss: 1.6760
[7824/9775] Loss: 3.4077
	Loss:	52533.570
start predicting:  2022-07-07 18:56:20.034624
hit: [16.11057699 20.74624454 23.70197228 26.0795474  28.10014348 29.76604569
 31.06827653 32.10836363 33.00595292 33.76349281 34.43125746 35.03862784
 35.59278599 36.11527795 36.55746187 36.95639045 37.33964916 37.68356999
 38.02292044 38.32179041]
mrr: [16.11057699 18.42841077 19.41365335 20.00804713 20.41216634 20.68981671
 20.87584969 21.00586058 21.10559272 21.18134671 21.24205258 21.29266678
 21.33529433 21.37261519 21.40209412 21.42702715 21.44957178 21.46867849
 21.48653904 21.50148254]
pre: [16.11057699 10.37312227  7.90065743  6.51988685  5.6200287   4.96100762
  4.43832522  4.01354545  3.6673281   3.37634928  3.13011431  2.91988565
  2.73790661  2.57966271  2.43716412  2.3097744   2.19644995  2.09353167
  2.00120634  1.91608952]
-------------------------------------------------------
epoch:  16
start training:  2022-07-07 19:13:25.608332
[0/9775] Loss: 6.7306
[1956/9775] Loss: 8.5408
[3912/9775] Loss: 6.4005
[5868/9775] Loss: 1.6760
[7824/9775] Loss: 3.4076
	Loss:	52533.266
start predicting:  2022-07-07 19:29:39.226384
hit: [16.11057699 20.74608131 23.7032781  26.07922095 28.09965379 29.76555601
 31.06713393 32.10869008 33.00676905 33.76218699 34.43174714 35.0389543
 35.59278599 36.11348245 36.55729865 36.95769627 37.33981239 37.68324353
 38.02226753 38.32162718]
mrr: [16.11057699 18.42832915 19.41406142 20.00804713 20.4121337  20.68978407
 20.87572377 21.00591829 21.10570484 21.18124663 21.24211574 21.29271633
 21.33531877 21.37251138 21.40209912 21.42712397 21.44960139 21.4686809
 21.48652427 21.50149225]
pre: [16.11057699 10.37304066  7.9010927   6.51980524  5.61993076  4.960926
  4.43816199  4.01358626  3.66741878  3.3762187   3.13015883  2.91991286
  2.73790661  2.57953446  2.43715324  2.30985602  2.19645955  2.09351353
  2.00117198  1.91608136]
-------------------------------------------------------
epoch:  17
start training:  2022-07-07 19:43:24.807925
[0/9775] Loss: 6.7305
[1956/9775] Loss: 8.5408
[3912/9775] Loss: 6.4005
[5868/9775] Loss: 1.6759
[7824/9775] Loss: 3.4076
	Loss:	52532.871
start predicting:  2022-07-07 20:00:13.567158
hit: [16.11057699 20.74608131 23.7032781  26.07922095 28.09965379 29.76555601
 31.06713393 32.10852685 33.00676905 33.76218699 34.43174714 35.0389543
 35.59278599 36.11348245 36.55729865 36.95769627 37.33981239 37.68324353
 38.02243075 38.32162718]
mrr: [16.11057699 18.42832915 19.41406142 20.00804713 20.4121337  20.68978407
 20.87572377 21.00589788 21.10570257 21.18124437 21.24211347 21.29271407
 21.33531651 21.37250911 21.40209686 21.42712171 21.44959913 21.46867863
 21.48653059 21.50149042]
pre: [16.11057699 10.37304066  7.9010927   6.51980524  5.61993076  4.960926
  4.43816199  4.01356586  3.66741878  3.3762187   3.13015883  2.91991286
  2.73790661  2.57953446  2.43715324  2.30985602  2.19645955  2.09351353
  2.00118057  1.91608136]
-------------------------------------------------------
epoch:  18
start training:  2022-07-07 20:16:29.865928
[0/9775] Loss: 6.7305
[1956/9775] Loss: 8.5408
[3912/9775] Loss: 6.4005
[5868/9775] Loss: 1.6759
[7824/9775] Loss: 3.4076
	Loss:	52532.855
start predicting:  2022-07-07 20:41:06.158821
hit: [16.11057699 20.74608131 23.7032781  26.07922095 28.09965379 29.76571924
 31.06713393 32.10852685 33.00676905 33.76218699 34.43174714 35.0389543
 35.59278599 36.11364568 36.55729865 36.95769627 37.33981239 37.68324353
 38.02243075 38.32162718]
mrr: [16.11057699 18.42832915 19.41406142 20.00804713 20.4121337  20.68981127
 20.87572766 21.00590177 21.10570646 21.18124825 21.24211736 21.29271795
 21.33532039 21.37252466 21.40210152 21.42712637 21.44960379 21.4686833
 21.48653526 21.50149508]
pre: [16.11057699 10.37304066  7.9010927   6.51980524  5.61993076  4.96095321
  4.43816199  4.01356586  3.66741878  3.3762187   3.13015883  2.91991286
  2.73790661  2.57954612  2.43715324  2.30985602  2.19645955  2.09351353
  2.00118057  1.91608136]
-------------------------------------------------------
epoch:  19
start training:  2022-07-07 20:59:48.536760
[0/9775] Loss: 6.7305
[1956/9775] Loss: 8.5408
[3912/9775] Loss: 6.4005
[5868/9775] Loss: 1.6759
[7824/9775] Loss: 3.4076
	Loss:	52532.836
start predicting:  2022-07-07 21:21:37.323667
hit: [16.11057699 20.74608131 23.7032781  26.07922095 28.09949057 29.76571924
 31.06713393 32.10852685 33.00660583 33.76218699 34.43174714 35.0389543
 35.59278599 36.11364568 36.55729865 36.95769627 37.33981239 37.68324353
 38.02243075 38.32162718]
mrr: [16.11057699 18.42832915 19.41406142 20.00804713 20.41210105 20.68980583
 20.87572221 21.00589633 21.10568288 21.181241   21.2421101  21.2927107
 21.33531314 21.3725174  21.40209427 21.42711912 21.44959654 21.46867604
 21.486528   21.50148782]
pre: [16.11057699 10.37304066  7.9010927   6.51980524  5.61989811  4.96095321
  4.43816199  4.01356586  3.66740065  3.3762187   3.13015883  2.91991286
  2.73790661  2.57954612  2.43715324  2.30985602  2.19645955  2.09351353
  2.00118057  1.91608136]
-------------------------------------------------------
epoch:  20
start training:  2022-07-07 21:39:42.900041
[0/9775] Loss: 6.7305
[1956/9775] Loss: 8.5408
[3912/9775] Loss: 6.4005
[5868/9775] Loss: 1.6759
[7824/9775] Loss: 3.4076
	Loss:	52532.832
start predicting:  2022-07-07 22:06:37.917260
hit: [16.11057699 20.74608131 23.7032781  26.07922095 28.09965379 29.76571924
 31.06713393 32.10852685 33.00660583 33.76218699 34.43174714 35.0389543
 35.59278599 36.11364568 36.55746187 36.95769627 37.33981239 37.68324353
 38.02243075 38.32162718]
mrr: [16.11057699 18.42832915 19.41406142 20.00804713 20.4121337  20.68981127
 20.87572766 21.00590177 21.10568832 21.18124644 21.24211554 21.29271614
 21.33531858 21.37252284 21.40211059 21.42712524 21.44960266 21.46868216
 21.48653412 21.50149395]
pre: [16.11057699 10.37304066  7.9010927   6.51980524  5.61993076  4.96095321
  4.43816199  4.01356586  3.66740065  3.3762187   3.13015883  2.91991286
  2.73790661  2.57954612  2.43716412  2.30985602  2.19645955  2.09351353
  2.00118057  1.91608136]
-------------------------------------------------------
epoch:  21
start training:  2022-07-07 22:25:19.238047
[0/9775] Loss: 6.7305
[1956/9775] Loss: 8.5408
[3912/9775] Loss: 6.4005
[5868/9775] Loss: 1.6759
[7824/9775] Loss: 3.4076
	Loss:	52532.832
start predicting:  2022-07-07 22:46:53.841256
hit: [16.11057699 20.74608131 23.7032781  26.07922095 28.09949057 29.76571924
 31.06713393 32.10852685 33.00660583 33.76218699 34.43174714 35.0389543
 35.59278599 36.11364568 36.55729865 36.95769627 37.33981239 37.68324353
 38.02243075 38.32162718]
mrr: [16.11057699 18.42832915 19.41406142 20.00804713 20.41210105 20.68980583
 20.87572221 21.00589633 21.10568288 21.181241   21.2421101  21.2927107
 21.33531314 21.3725174  21.40209427 21.42711912 21.44959654 21.46867604
 21.486528   21.50148782]
pre: [16.11057699 10.37304066  7.9010927   6.51980524  5.61989811  4.96095321
  4.43816199  4.01356586  3.66740065  3.3762187   3.13015883  2.91991286
  2.73790661  2.57954612  2.43715324  2.30985602  2.19645955  2.09351353
  2.00118057  1.91608136]
-------------------------------------------------------
epoch:  22
start training:  2022-07-07 23:05:10.679297
[0/9775] Loss: 6.7305
[1956/9775] Loss: 8.5408
