nohup: ignoring input
2022-07-08_11-30-43
Namespace(batchSize=256, cuda_device='0', data_size=1, dataset='30Music', detail='default', drop_portion=1, epoch=25, hiddenSize=100, l2=1e-05, lr=0.001, lr_dc=0.1, lr_dc_step=3, mode='next-one-item', nonhybrid=False, output='display', slide_step=1, step=1, valid_portion=8, windowLenth=5)
================	 dataset: 30Music 	================
================	 Total train records: 2965  	================
================	 Total test records: 2965  	================
================	 Total split train records: 2504978 	================
================	 Total split test records: 616081  	================
-------------------------------------------------------
epoch:  0
/usr/local/lib/python3.8/dist-packages/torch/optim/lr_scheduler.py:131: UserWarning: Detected call of `lr_scheduler.step()` before `optimizer.step()`. In PyTorch 1.1.0 and later, you should call them in the opposite order: `optimizer.step()` before `lr_scheduler.step()`.  Failure to do this will result in PyTorch skipping the first value of the learning rate schedule. See more details at https://pytorch.org/docs/stable/optim.html#how-to-adjust-learning-rate
  warnings.warn("Detected call of `lr_scheduler.step()` before `optimizer.step()`. "
start training:  2022-07-08 11:42:30.470740
[0/9786] Loss: 11.4202
[1958/9786] Loss: 9.2562
[3916/9786] Loss: 8.3176
[5874/9786] Loss: 7.0618
[7832/9786] Loss: 8.5981
	Loss:	87439.250
start predicting:  2022-07-08 12:09:34.276191
hit: [ 7.40113719 11.89453984 15.03389976 17.41962502 19.40929845 21.01282137
 22.39608103 23.5077855  24.46675031 25.31225602 26.04397798 26.69194473
 27.27011546 27.78043796 28.260245   28.71732775 29.11532737 29.48475931
 29.84461459 30.18807592]
mrr: [ 7.40113719  9.64783851 10.69429182 11.29072314 11.68865782 11.95591164
 12.15352017 12.29248322 12.39903487 12.48358544 12.55010562 12.60410285
 12.64857752 12.68502913 12.71701626 12.74558393 12.76899568 12.78951967
 12.80845942 12.82563249]
pre: [7.40113719 5.94726992 5.01129992 4.35490625 3.88185969 3.50213689
 3.19944015 2.93847319 2.71852781 2.5312256  2.36763436 2.22432873
 2.09770119 1.984317   1.88401633 1.79483298 1.71266632 1.63804218
 1.57076919 1.5094038 ]
-------------------------------------------------------
epoch:  1
start training:  2022-07-08 12:31:27.282888
[0/9786] Loss: 4.8681
[1958/9786] Loss: 5.3935
[3916/9786] Loss: 5.6260
[5874/9786] Loss: 6.0198
[7832/9786] Loss: 7.3297
	Loss:	71705.367
start predicting:  2022-07-08 12:59:22.240414
hit: [12.84279178 17.25276384 20.06781576 22.21315054 23.92623697 25.33579188
 26.50820266 27.50303937 28.34692191 29.10104353 29.78796619 30.39097132
 30.9438207  31.43547683 31.90879121 32.31977613 32.71177004 33.08444831
 33.40940558 33.74134245]
mrr: [12.84279178 15.04777781 15.98612845 16.52246214 16.86507943 17.10000525
 17.2674925  17.39184709 17.48561182 17.56102398 17.62347149 17.67372192
 17.7162488  17.75136709 17.78292138 17.80860794 17.83166641 17.85237075
 17.86947377 17.88607061]
pre: [12.84279178  8.62638192  6.68927192  5.55328764  4.78524739  4.22263198
  3.78688609  3.43787992  3.14965799  2.91010435  2.70799693  2.53258094
  2.3802939   2.2453912   2.12725275  2.01998601  1.92422177  1.83802491
  1.75838977  1.68706712]
-------------------------------------------------------
epoch:  2
start training:  2022-07-08 13:18:45.552520
[0/9786] Loss: 4.1518
[1958/9786] Loss: 4.5509
[3916/9786] Loss: 4.9504
[5874/9786] Loss: 4.9701
[7832/9786] Loss: 4.7535
	Loss:	58589.070
start predicting:  2022-07-08 13:46:43.696191
hit: [19.29957262 23.31836236 25.80602226 27.63548949 29.10802313 30.35315161
 31.40057882 32.30597925 33.13687648 33.8999255  34.52273321 35.08775632
 35.61187571 36.08454083 36.49958366 36.91511343 37.29282351 37.62281258
 37.93738161 38.24140008]
mrr: [19.29957262 21.30896749 22.13818746 22.59555426 22.89006099 23.09758241
 23.24721486 23.36038992 23.45271183 23.52901673 23.58563562 23.63272088
 23.67303775 23.70679955 23.73446907 23.76043968 23.78265792 23.80099065
 23.81754691 23.83274783]
pre: [19.29957262 11.65918118  8.60200742  6.90887237  5.82160463  5.0588586
  4.48579697  4.03824741  3.68187516  3.38999255  3.13843029  2.92397969
  2.73937505  2.5774672   2.43330558  2.30719459  2.1936955   2.09015625
  1.9967043   1.91207   ]
-------------------------------------------------------
epoch:  3
start training:  2022-07-08 14:08:06.193362
[0/9786] Loss: 3.1127
[1958/9786] Loss: 3.7213
[3916/9786] Loss: 4.8053
[5874/9786] Loss: 4.5365
[7832/9786] Loss: 4.4930
	Loss:	54972.277
start predicting:  2022-07-08 14:34:44.774081
hit: [20.32362628 24.3034601  26.66353937 28.43067713 29.91457292 31.14087271
 32.16638721 33.05214736 33.85009439 34.53295914 35.13223099 35.68215868
 36.19442898 36.6273266  37.03961005 37.43403871 37.79957506 38.12859023
 38.44299694 38.73273157]
mrr: [20.32362628 22.31354319 23.10023628 23.54202072 23.83879988 24.04318317
 24.18968525 24.30040527 24.38906605 24.45735252 24.51183178 24.55765909
 24.5970645  24.62798575 24.65547132 24.68012311 24.70162525 24.71990387
 24.73645159 24.75093832]
pre: [20.32362628 12.15173005  8.88784646  7.10766928  5.98291458  5.19014545
  4.59519817  4.13151842  3.7611216   3.45329591  3.19383918  2.97351322
  2.78418684  2.61623761  2.46930734  2.33962742  2.22350442  2.11825501
  2.02331563  1.93663658]
-------------------------------------------------------
epoch:  4
start training:  2022-07-08 14:54:57.361324
[0/9786] Loss: 2.9451
[1958/9786] Loss: 3.4168
[3916/9786] Loss: 4.7380
[5874/9786] Loss: 4.3295
[7832/9786] Loss: 4.3361
	Loss:	53169.328
start predicting:  2022-07-08 15:22:56.933554
hit: [20.89351887 24.7610298  27.10000795 28.79816128 30.19424394 31.33760009
 32.35532341 33.21397673 33.99552981 34.66540926 35.23871049 35.80324665
 36.28954634 36.73948718 37.13894764 37.50610715 37.86433927 38.18118072
 38.49152952 38.77087591]
mrr: [20.89351887 22.82727434 23.60693372 24.03147205 24.31068858 24.50124794
 24.64663699 24.75396865 24.84080788 24.90779583 24.95991412 25.0069588
 25.04436647 25.0765051  25.1031358  25.12608327 25.14715575 25.16475805
 25.1810922  25.19505952]
pre: [20.89351887 12.3805149   9.03333598  7.19954032  6.03884879  5.22293335
  4.62218906  4.15174709  3.77728109  3.46654093  3.20351914  2.98360389
  2.79150356  2.62424908  2.47592984  2.3441317   2.22731407  2.12117671
  2.02586997  1.9385438 ]
-------------------------------------------------------
epoch:  5
start training:  2022-07-08 15:44:10.675259
[0/9786] Loss: 2.8149
[1958/9786] Loss: 3.1957
[3916/9786] Loss: 4.6350
[5874/9786] Loss: 3.9915
[7832/9786] Loss: 3.8719
	Loss:	50385.250
start predicting:  2022-07-08 16:08:43.794178
hit: [21.91091756 25.4921025  27.69100167 29.35620478 30.69872306 31.78867714
 32.76127652 33.62869493 34.38492666 35.05448147 35.62697113 36.14313702
 36.61628909 37.06282128 37.45692531 37.82814273 38.16235203 38.48925709
 38.77509613 39.05298167]
mrr: [21.91091756 23.70151003 24.43447642 24.8507772  25.11928085 25.30093987
 25.43988263 25.54830994 25.63233568 25.69929116 25.75133568 25.7943495
 25.83074582 25.86264097 25.88891457 25.91211566 25.93177503 25.94993643
 25.96498059 25.97887486]
pre: [21.91091756 12.74605125  9.23033389  7.3390512   6.13974461  5.29811286
  4.68018236  4.20358687  3.82054741  3.50544815  3.23881556  3.01192809
  2.81663762  2.64734438  2.49712835  2.36425892  2.24484424  2.13829206
  2.04079453  1.95264908]
-------------------------------------------------------
epoch:  6
start training:  2022-07-08 16:31:21.399347
[0/9786] Loss: 2.7351
[1958/9786] Loss: 3.1300
[3916/9786] Loss: 4.6089
[5874/9786] Loss: 3.9574
[7832/9786] Loss: 3.8431
	Loss:	50009.328
start predicting:  2022-07-08 16:59:27.320248
hit: [22.05895004 25.60783403 27.82475032 29.471774   30.79140568 31.8977537
 32.85639388 33.72283839 34.46770798 35.10658501 35.71299878 36.22526908
 36.70118053 37.12807245 37.52396195 37.89160841 38.22208443 38.53973747
 38.84830079 39.12180379]
mrr: [22.05895004 23.83339204 24.57236413 24.98412005 25.24804639 25.43243773
 25.56938632 25.67769189 25.76045517 25.82434288 25.8794714  25.92216059
 25.95876917 25.98926145 26.01565408 26.03863198 26.05807175 26.07571914
 26.09195932 26.10563447]
pre: [22.05895004 12.80391702  9.27491677  7.3679435   6.15828114  5.31629228
  4.69377055  4.2153548   3.82974533  3.5106585   3.24663625  3.01877242
  2.82316773  2.65200517  2.50159746  2.36822553  2.24835791  2.14109653
  2.04464741  1.95609019]
-------------------------------------------------------
epoch:  7
start training:  2022-07-08 17:21:23.012948
[0/9786] Loss: 2.7024
[1958/9786] Loss: 3.0941
[3916/9786] Loss: 4.5965
[5874/9786] Loss: 3.9376
[7832/9786] Loss: 3.8258
	Loss:	49769.504
start predicting:  2022-07-08 17:46:09.018284
hit: [22.18393361 25.72080619 27.89454633 29.54092076 30.8443208  31.94320227
 32.90119319 33.76926086 34.51299423 35.13612658 35.73474916 36.26601048
 36.72536566 37.14966052 37.5463616  37.91287185 38.23799143 38.55856616
 38.86014988 39.15394242]
mrr: [22.18393361 23.9523699  24.67694995 25.08854355 25.34922356 25.53237047
 25.66922632 25.77773478 25.86037182 25.92268505 25.97710529 26.02137706
 26.05671208 26.08701885 26.11346559 26.13637248 26.15549716 26.17330687
 26.1891797  26.20386933]
pre: [22.18393361 12.8604031   9.29818211  7.38523019  6.16886416  5.32386705
  4.70017046  4.22115761  3.83477714  3.51361266  3.24861356  3.02216754
  2.82502813  2.65354718  2.50309077  2.36955449  2.24929361  2.14214256
  2.04527105  1.95769712]
-------------------------------------------------------
epoch:  8
start training:  2022-07-08 18:08:11.753571
[0/9786] Loss: 2.6773
[1958/9786] Loss: 3.0311
[3916/9786] Loss: 4.6191
[5874/9786] Loss: 3.8678
[7832/9786] Loss: 3.7612
	Loss:	49497.211
start predicting:  2022-07-08 18:36:20.302471
hit: [22.15195729 25.64662764 27.8624077  29.49498524 30.84643091 31.92015336
 32.893402   33.73111653 34.48604972 35.12654992 35.71640742 36.24198766
 36.71903532 37.14933588 37.52623438 37.90199665 38.23490742 38.54184758
 38.83888645 39.12634865]
mrr: [22.15195729 23.89929246 24.63788582 25.0460302  25.31631934 25.49527308
 25.6343086  25.73902291 25.82290438 25.8869544  25.94057781 25.98437616
 26.02107214 26.05180789 26.07693446 26.1004196  26.12000259 26.13705482
 26.15268844 26.16706155]
pre: [22.15195729 12.82331382  9.28746923  7.37374631  6.16928618  5.32002556
  4.69905743  4.21638957  3.8317833   3.51265499  3.24694613  3.02016564
  2.82454118  2.65352399  2.50174896  2.36887479  2.2491122   2.14121375
  2.04415192  1.95631743]
-------------------------------------------------------
epoch:  9
start training:  2022-07-08 18:56:22.633384
[0/9786] Loss: 2.6705
[1958/9786] Loss: 3.0314
[3916/9786] Loss: 4.6056
[5874/9786] Loss: 3.8678
[7832/9786] Loss: 3.7611
	Loss:	49406.312
start predicting:  2022-07-08 19:19:54.151644
hit: [22.09319878 25.62325409 27.84000805 29.47713044 30.83652961 31.92729527
 32.87570953 33.72657167 34.47874549 35.11502546 35.71170025 36.22299665
 36.70572538 37.13846069 37.52526048 37.90329518 38.23506974 38.55061266
 38.84732689 39.13349056]
mrr: [22.09319878 23.85822643 24.59714442 25.00642502 25.27830485 25.46009913
 25.59558688 25.70194465 25.78551952 25.84914752 25.90339068 25.94599871
 25.98313169 26.01404136 26.03982801 26.06345518 26.08297133 26.10050149
 26.11611803 26.13042621]
pre: [22.09319878 12.81162704  9.28000268  7.36928261  6.16730592  5.32121588
  4.69652993  4.21582146  3.83097172  3.51150255  3.2465182   3.01858305
  2.82351734  2.65274719  2.50168403  2.36895595  2.24912175  2.1417007
  2.04459615  1.95667453]
-------------------------------------------------------
epoch:  10
start training:  2022-07-08 19:31:09.816181
[0/9786] Loss: 2.6683
[1958/9786] Loss: 3.0320
[3916/9786] Loss: 4.5993
[5874/9786] Loss: 3.8678
[7832/9786] Loss: 3.7609
	Loss:	49371.941
start predicting:  2022-07-08 19:51:53.570291
hit: [22.09173794 25.62000776 27.84114427 29.47615654 30.82890075 31.92680833
 32.88074133 33.73403822 34.47760928 35.11713557 35.70975245 36.22672993
 36.70816013 37.14268091 37.52801985 37.90102276 38.24432177 38.55272278
 38.85609197 39.13900932]
mrr: [22.09173794 23.85587285 24.59625168 25.00500475 25.27555359 25.45853819
 25.59481433 25.70147644 25.78409545 25.84804808 25.90192234 25.9450038
 25.98203689 26.01307409 26.03876335 26.06207603 26.08227009 26.09940348
 26.11537028 26.12951615]
pre: [22.09173794 12.81000388  9.28038142  7.36903914  6.16578015  5.32113472
  4.69724876  4.21675478  3.83084548  3.51171356  3.24634113  3.01889416
  2.82370463  2.65304864  2.50186799  2.36881392  2.24966599  2.14181793
  2.04505747  1.95695047]
-------------------------------------------------------
epoch:  11
start training:  2022-07-08 20:03:51.974982
[0/9786] Loss: 2.6660
[1958/9786] Loss: 3.0320
[3916/9786] Loss: 4.6047
[5874/9786] Loss: 3.8553
[7832/9786] Loss: 3.7456
	Loss:	49354.633
start predicting:  2022-07-08 20:30:49.603698
hit: [22.1092681  25.63088295 27.84439059 29.4836231  30.83393255 31.92323737
 32.88707167 33.73631065 34.47696001 35.11437619 35.71348573 36.22137349
 36.7039399  37.14544029 37.52964302 37.89972422 38.24286092 38.54931413
 38.85122249 39.12910802]
mrr: [22.1092681  23.87007553 24.60791141 25.01771953 25.28778142 25.46933223
 25.60702284 25.71317771 25.79547209 25.8592137  25.91367821 25.95600219
 25.99312268 26.02465842 26.05027194 26.07340201 26.09358652 26.1106117
 26.12650162 26.14039589]
pre: [22.1092681  12.81544148  9.28146353  7.37090577  6.16678651  5.32053956
  4.6981531   4.21703883  3.83077333  3.51143762  3.24668052  3.01844779
  2.82337999  2.65324574  2.5019762   2.36873276  2.24958005  2.14162856
  2.04480118  1.9564554 ]
-------------------------------------------------------
epoch:  12
start training:  2022-07-08 20:42:50.568742
[0/9786] Loss: 2.6670
[1958/9786] Loss: 3.0305
[3916/9786] Loss: 4.6032
[5874/9786] Loss: 3.8562
[7832/9786] Loss: 3.7491
	Loss:	49342.664
start predicting:  2022-07-08 21:03:52.196991
hit: [22.12403888 25.63786255 27.84455291 29.49190123 30.83620498 31.92632138
 32.88512387 33.73777149 34.47907012 35.11210377 35.7162451  36.216504
 36.70182979 37.1415447  37.52655901 37.89696485 38.23539437 38.54136063
 38.85317028 39.12975729]
mrr: [22.12403888 23.88095072 24.61651417 25.02835125 25.297212   25.47889807
 25.61586985 25.7224508  25.80481732 25.86812068 25.92304262 25.96473086
 26.00206362 26.03347183 26.05913945 26.08228981 26.10219743 26.11919556
 26.13560659 26.14943594]
pre: [22.12403888 12.81893128  9.28151764  7.37297531  6.167241    5.32105356
  4.69787484  4.21722144  3.83100779  3.51121038  3.24693137  3.018042
  2.82321768  2.65296748  2.5017706   2.3685603   2.24914085  2.1411867
  2.0449037   1.95648786]
-------------------------------------------------------
epoch:  13
start training:  2022-07-08 21:16:48.881246
[0/9786] Loss: 2.6679
[1958/9786] Loss: 3.0297
[3916/9786] Loss: 4.6021
[5874/9786] Loss: 3.8569
[7832/9786] Loss: 3.7516
	Loss:	49334.617
start predicting:  2022-07-08 21:36:23.136771
hit: [22.12988227 25.63981035 27.84666302 29.49498524 30.83896436 31.92583443
 32.87863122 33.73436285 34.47971939 35.11210377 35.71364804 36.21260841
 36.69809652 37.13846069 37.52379963 37.89696485 38.2306872  38.53778967
 38.84911237 39.12813413]
mrr: [22.12988227 23.88484631 24.62046387 25.03254442 25.30134025 25.48248526
 25.61859908 25.72556554 25.80838293 25.87162137 25.92630721 25.96788724
 26.00523248 26.03668707 26.06237633 26.08569916 26.10532988 26.12239113
 26.13877654 26.15272762]
pre: [22.12988227 12.81990517  9.28222101  7.37374631  6.16779287  5.3209724
  4.69694732  4.21679536  3.83107993  3.51121038  3.24669528  3.01771737
  2.8229305   2.65274719  2.50158664  2.3685603   2.24886395  2.14098832
  2.04469012  1.95640671]
-------------------------------------------------------
epoch:  14
start training:  2022-07-08 21:48:54.198091
[0/9786] Loss: 2.6686
[1958/9786] Loss: 3.0295
[3916/9786] Loss: 4.6025
[5874/9786] Loss: 3.8556
[7832/9786] Loss: 3.7493
	Loss:	49328.809
start predicting:  2022-07-08 22:13:21.455971
hit: [22.1311808  25.6412712  27.8465007  29.49514755 30.83977594 31.92583443
 32.87928048 33.73420054 34.48036865 35.11177913 35.71413499 36.21260841
 36.69728493 37.13829837 37.52477353 37.89664021 38.23084951 38.53730272
 38.84992395 39.12813413]
mrr: [22.1311808  23.886226   24.6213025  25.03346421 25.30238989 25.48339964
 25.61960622 25.72647123 25.80937879 25.87251984 25.92727947 25.96881892
 26.00610173 26.03760269 26.0633677  26.08660936 26.10626874 26.12329391
 26.13974766 26.15365817]
pre: [22.1311808  12.8206356   9.2821669   7.37378689  6.16795519  5.3209724
  4.69704007  4.21677507  3.83115207  3.51117791  3.24673954  3.01771737
  2.82286807  2.6527356   2.50165157  2.36854001  2.2488735   2.14096126
  2.04473284  1.95640671]
-------------------------------------------------------
epoch:  15
start training:  2022-07-08 22:25:26.990833
[0/9786] Loss: 2.6686
[1958/9786] Loss: 3.0295
[3916/9786] Loss: 4.6025
[5874/9786] Loss: 3.8556
[7832/9786] Loss: 3.7495
	Loss:	49328.301
start predicting:  2022-07-08 22:48:22.848008
hit: [22.13166775 25.64354362 27.84731229 29.49401134 30.84010057 31.92680833
 32.87960512 33.73306432 34.48036865 35.1114545  35.71462194 36.21277072
 36.69679799 37.13781142 37.52477353 37.8964779  38.22987562 38.53778967
 38.84862542 39.12797181]
mrr: [22.13166775 23.88760569 24.62219524 25.03387001 25.30308785 25.48420581
 25.62031964 25.72700204 25.81003585 25.87314444 25.92797784 25.96949024
 26.00672311 26.03822407 26.06402154 26.08725306 26.10686469 26.12397103
 26.14033081 26.15429813]
pre: [22.13166775 12.82177181  9.28243743  7.37350283  6.16802011  5.32113472
  4.69708645  4.21663304  3.83115207  3.51114545  3.24678381  3.01773089
  2.82283061  2.65270082  2.50165157  2.36852987  2.24881621  2.14098832
  2.0446645   1.95639859]
-------------------------------------------------------
epoch:  16
start training:  2022-07-08 23:00:33.770241
[0/9786] Loss: 2.6687
[1958/9786] Loss: 3.0295
[3916/9786] Loss: 4.6024
[5874/9786] Loss: 3.8556
[7832/9786] Loss: 3.7496
	Loss:	49327.773
start predicting:  2022-07-08 23:19:20.168595
hit: [22.13166775 25.64338131 27.84796155 29.4946606  30.83977594 31.92729527
 32.87976743 33.732902   34.48004402 35.1114545  35.71364804 36.21325767
 36.69744725 37.13797374 37.52477353 37.89582863 38.23003793 38.53762736
 38.84797616 39.12683559]
mrr: [22.13166775 23.88752453 24.62238461 25.03405937 25.30308244 25.48433566
 25.62040311 25.72704494 25.81006072 25.87320176 25.92794663 25.96958077
 26.00682612 26.0382923  26.06407895 26.08726989 26.10692926 26.12401757
 26.14035171 26.15429468]
pre: [22.13166775 12.82169065  9.28265385  7.37366515  6.16795519  5.32121588
  4.69710963  4.21661275  3.831116    3.51114545  3.24669528  3.01777147
  2.82288056  2.65271241  2.50165157  2.36848929  2.24882576  2.1409793
  2.04463032  1.95634178]
-------------------------------------------------------
epoch:  17
start training:  2022-07-08 23:32:02.884155
[0/9786] Loss: 2.6687
[1958/9786] Loss: 3.0294
[3916/9786] Loss: 4.6024
[5874/9786] Loss: 3.8555
[7832/9786] Loss: 3.7494
	Loss:	49327.320
start predicting:  2022-07-08 23:51:47.974080
hit: [22.13150544 25.64321899 27.84796155 29.4946606  30.83977594 31.92729527
 32.87992975 33.732902   34.48020634 35.1114545  35.71364804 36.21325767
 36.69744725 37.13797374 37.52493584 37.89566632 38.23003793 38.53746504
 38.84797616 39.12683559]
mrr: [22.13150544 23.88736221 24.6222764  25.03395116 25.30297423 25.48422745
 25.62031809 25.72693962 25.80997344 25.87309825 25.92784312 25.96947726
 26.00672261 26.03818879 26.06398626 26.08715692 26.10682584 26.12390512
 26.14024781 26.15419078]
pre: [22.13150544 12.8216095   9.28265385  7.37366515  6.16795519  5.32121588
  4.69713282  4.21661275  3.83113404  3.51114545  3.24669528  3.01777147
  2.82288056  2.65271241  2.50166239  2.36847914  2.24882576  2.14097028
  2.04463032  1.95634178]
-------------------------------------------------------
epoch:  18
start training:  2022-07-09 00:04:12.498939
[0/9786] Loss: 2.6687
[1958/9786] Loss: 3.0294
[3916/9786] Loss: 4.6024
[5874/9786] Loss: 3.8555
[7832/9786] Loss: 3.7494
	Loss:	49327.312
start predicting:  2022-07-09 00:29:57.668319
hit: [22.13150544 25.64321899 27.84796155 29.4946606  30.83977594 31.92729527
 32.87992975 33.732902   34.48020634 35.1114545  35.71364804 36.21325767
 36.69744725 37.13797374 37.52493584 37.89566632 38.22987562 38.53762736
 38.84797616 39.12683559]
mrr: [22.13150544 23.88736221 24.6222764  25.03395116 25.30297423 25.48422745
 25.62031809 25.72693962 25.80997344 25.87309825 25.92784312 25.96947726
 26.00672261 26.03818879 26.06398626 26.08715692 26.10681629 26.12391361
 26.14024775 26.15419073]
pre: [22.13150544 12.8216095   9.28265385  7.37366515  6.16795519  5.32121588
  4.69713282  4.21661275  3.83113404  3.51114545  3.24669528  3.01777147
  2.82288056  2.65271241  2.50166239  2.36847914  2.24881621  2.1409793
  2.04463032  1.95634178]
-------------------------------------------------------
epoch:  19
start training:  2022-07-09 00:42:07.583828
[0/9786] Loss: 2.6687
[1958/9786] Loss: 3.0294
[3916/9786] Loss: 4.6024
[5874/9786] Loss: 3.8555
[7832/9786] Loss: 3.7494
	Loss:	49327.301
start predicting:  2022-07-09 01:05:11.076878
hit: [22.13150544 25.64305668 27.84796155 29.49482292 30.83993825 31.92729527
 32.87992975 33.73306432 34.48020634 35.1114545  35.71381036 36.21325767
 36.69744725 37.13764911 37.52493584 37.89566632 38.22987562 38.53762736
 38.84797616 39.12683559]
mrr: [22.13150544 23.88728106 24.62224935 25.03396469 25.30298776 25.48421393
 25.62030457 25.72694639 25.80996217 25.87308698 25.92784661 25.96946722
 26.00671257 26.03815556 26.06397467 26.08714533 26.1068047  26.12390202
 26.14023617 26.15417914]
pre: [22.13150544 12.82152834  9.28265385  7.37370573  6.16798765  5.32121588
  4.69713282  4.21663304  3.83113404  3.51114545  3.24671003  3.01777147
  2.82288056  2.65268922  2.50166239  2.36847914  2.24881621  2.1409793
  2.04463032  1.95634178]
-------------------------------------------------------
epoch:  20
start training:  2022-07-09 01:17:34.560124
[0/9786] Loss: 2.6687
[1958/9786] Loss: 3.0294
[3916/9786] Loss: 4.6024
[5874/9786] Loss: 3.8555
[7832/9786] Loss: 3.7494
	Loss:	49327.277
start predicting:  2022-07-09 01:37:39.646979
hit: [22.13150544 25.64305668 27.84796155 29.49482292 30.83993825 31.92729527
 32.87992975 33.73306432 34.48020634 35.1114545  35.71381036 36.21325767
 36.69744725 37.13764911 37.52493584 37.89566632 38.22987562 38.53762736
 38.84797616 39.12683559]
mrr: [22.13150544 23.88728106 24.62224935 25.03396469 25.30298776 25.48421393
 25.62030457 25.72694639 25.80996217 25.87308698 25.92784661 25.96946722
 26.00671257 26.03815556 26.06397467 26.08714533 26.1068047  26.12390202
 26.14023617 26.15417914]
pre: [22.13150544 12.82152834  9.28265385  7.37370573  6.16798765  5.32121588
  4.69713282  4.21663304  3.83113404  3.51114545  3.24671003  3.01777147
  2.82288056  2.65268922  2.50166239  2.36847914  2.24881621  2.1409793
  2.04463032  1.95634178]
-------------------------------------------------------
epoch:  21
start training:  2022-07-09 01:50:00.385977
[0/9786] Loss: 2.6687
[1958/9786] Loss: 3.0294
[3916/9786] Loss: 4.6024
[5874/9786] Loss: 3.8555
[7832/9786] Loss: 3.7494
	Loss:	49327.277
start predicting:  2022-07-09 02:09:37.507121
hit: [22.13150544 25.64305668 27.84796155 29.49482292 30.83993825 31.92729527
 32.87992975 33.73306432 34.48020634 35.1114545  35.71381036 36.21325767
 36.69744725 37.13764911 37.52493584 37.89566632 38.22987562 38.53762736
 38.84797616 39.12683559]
mrr: [22.13150544 23.88728106 24.62224935 25.03396469 25.30298776 25.48421393
 25.62030457 25.72694639 25.80996217 25.87308698 25.92784661 25.96946722
 26.00671257 26.03815556 26.06397467 26.08714533 26.1068047  26.12390202
 26.14023617 26.15417914]
pre: [22.13150544 12.82152834  9.28265385  7.37370573  6.16798765  5.32121588
  4.69713282  4.21663304  3.83113404  3.51114545  3.24671003  3.01777147
  2.82288056  2.65268922  2.50166239  2.36847914  2.24881621  2.1409793
  2.04463032  1.95634178]
-------------------------------------------------------
epoch:  22
start training:  2022-07-09 02:21:10.543032
[0/9786] Loss: 2.6687
[1958/9786] Loss: 3.0294
[3916/9786] Loss: 4.6024
[5874/9786] Loss: 3.8555
[7832/9786] Loss: 3.7494
	Loss:	49327.273
start predicting:  2022-07-09 02:45:50.516842
hit: [22.13150544 25.64305668 27.84796155 29.49482292 30.83993825 31.92729527
 32.87992975 33.73306432 34.48020634 35.1114545  35.71381036 36.21325767
 36.69744725 37.13764911 37.52493584 37.89566632 38.22987562 38.53762736
 38.84797616 39.12683559]
mrr: [22.13150544 23.88728106 24.62224935 25.03396469 25.30298776 25.48421393
 25.62030457 25.72694639 25.80996217 25.87308698 25.92784661 25.96946722
 26.00671257 26.03815556 26.06397467 26.08714533 26.1068047  26.12390202
 26.14023617 26.15417914]
pre: [22.13150544 12.82152834  9.28265385  7.37370573  6.16798765  5.32121588
  4.69713282  4.21663304  3.83113404  3.51114545  3.24671003  3.01777147
  2.82288056  2.65268922  2.50166239  2.36847914  2.24881621  2.1409793
  2.04463032  1.95634178]
-------------------------------------------------------
epoch:  23
start training:  2022-07-09 02:57:19.373445
[0/9786] Loss: 2.6687
[1958/9786] Loss: 3.0294
[3916/9786] Loss: 4.6024
[5874/9786] Loss: 3.8555
[7832/9786] Loss: 3.7494
	Loss:	49327.277
start predicting:  2022-07-09 03:19:46.439361
hit: [22.13150544 25.64305668 27.84796155 29.49482292 30.83993825 31.92729527
 32.87992975 33.73306432 34.48020634 35.1114545  35.71381036 36.21325767
 36.69744725 37.13764911 37.52493584 37.89566632 38.22987562 38.53762736
 38.84797616 39.12683559]
mrr: [22.13150544 23.88728106 24.62224935 25.03396469 25.30298776 25.48421393
 25.62030457 25.72694639 25.80996217 25.87308698 25.92784661 25.96946722
 26.00671257 26.03815556 26.06397467 26.08714533 26.1068047  26.12390202
 26.14023617 26.15417914]
pre: [22.13150544 12.82152834  9.28265385  7.37370573  6.16798765  5.32121588
  4.69713282  4.21663304  3.83113404  3.51114545  3.24671003  3.01777147
  2.82288056  2.65268922  2.50166239  2.36847914  2.24881621  2.1409793
  2.04463032  1.95634178]
-------------------------------------------------------
epoch:  24
start training:  2022-07-09 03:31:43.431336
[0/9786] Loss: 2.6687
[1958/9786] Loss: 3.0294
[3916/9786] Loss: 4.6024
[5874/9786] Loss: 3.8555
[7832/9786] Loss: 3.7494
	Loss:	49327.273
start predicting:  2022-07-09 03:50:14.495480
hit: [22.13150544 25.64305668 27.84796155 29.49482292 30.83993825 31.92729527
 32.87992975 33.73306432 34.48020634 35.1114545  35.71381036 36.21325767
 36.69744725 37.13764911 37.52493584 37.89566632 38.22987562 38.53762736
 38.84797616 39.12683559]
mrr: [22.13150544 23.88728106 24.62224935 25.03396469 25.30298776 25.48421393
 25.62030457 25.72694639 25.80996217 25.87308698 25.92784661 25.96946722
 26.00671257 26.03815556 26.06397467 26.08714533 26.1068047  26.12390202
 26.14023617 26.15417914]
pre: [22.13150544 12.82152834  9.28265385  7.37370573  6.16798765  5.32121588
  4.69713282  4.21663304  3.83113404  3.51114545  3.24671003  3.01777147
  2.82288056  2.65268922  2.50166239  2.36847914  2.24881621  2.1409793
  2.04463032  1.95634178]
-------------------------------------------------------
Run time: 58795.650477 s
