nohup: ignoring input
2022-07-07_23-14-18
Namespace(batchSize=256, cuda_device='2', data_size=1, dataset='xiami', detail='default', drop_portion=1, epoch=25, hiddenSize=100, l2=1e-05, lr=0.001, lr_dc=0.1, lr_dc_step=3, mode='next-new-item', nonhybrid=False, output='display', slide_step=1, step=1, valid_portion=8, windowLenth=5)
================	 dataset: xiami 	================
================	 Total train records: 3982  	================
================	 Total test records: 3982  	================
================	 Total split train records: 2502354 	================
================	 Total split test records: 218593  	================
-------------------------------------------------------
epoch:  0
/home/wh/miniconda3/envs/pytorch/lib/python3.6/site-packages/torch/optim/lr_scheduler.py:136: UserWarning: Detected call of `lr_scheduler.step()` before `optimizer.step()`. In PyTorch 1.1.0 and later, you should call them in the opposite order: `optimizer.step()` before `lr_scheduler.step()`.  Failure to do this will result in PyTorch skipping the first value of the learning rate schedule. See more details at https://pytorch.org/docs/stable/optim.html#how-to-adjust-learning-rate
  "https://pytorch.org/docs/stable/optim.html#how-to-adjust-learning-rate", UserWarning)
start training:  2022-07-07 23:22:52.899694
[0/9775] Loss: 11.0743
[1956/9775] Loss: 10.2793
[3912/9775] Loss: 10.3299
[5868/9775] Loss: 7.6452
[7824/9775] Loss: 8.6261
	Loss:	86651.055
start predicting:  2022-07-07 23:45:35.574831
hit: [ 0.71365506  1.9785629   3.27869602  4.42100159  5.56788186  6.49609091
  7.27699423  8.01992745  8.6050331   9.17138243  9.62885362 10.06894091
 10.44818453 10.75743505 11.07034535 11.37181886 11.66002571 11.92901877
 12.17330839 12.40570375]
mrr: [0.71365506 1.34610898 1.77948669 2.06506308 2.29443913 2.44914064
 2.56069826 2.65356491 2.71857665 2.77521158 2.81679987 2.85347381
 2.8826464  2.90473572 2.92559641 2.9444385  2.96139185 2.97633591
 2.98919325 3.00081302]
pre: [0.71365506 0.98928145 1.09289867 1.1052504  1.11357637 1.08268182
 1.0395706  1.00249093 0.95611479 0.91713824 0.87535033 0.83907841
 0.8037065  0.76838822 0.73802302 0.71073868 0.68588387 0.66272327
 0.64070044 0.62028519]
-------------------------------------------------------
epoch:  1
start training:  2022-07-07 23:52:29.836662
[0/9775] Loss: 7.6777
[1956/9775] Loss: 9.7270
[3912/9775] Loss: 9.2032
[5868/9775] Loss: 5.4911
[7824/9775] Loss: 7.6027
	Loss:	74773.781
start predicting:  2022-07-08 00:16:34.845652
hit: [ 1.59565951  3.44841784  4.93474173  6.25363118  7.38815973  8.36165842
  9.21804449 10.00946965 10.64718449 11.18471314 11.67420732 12.09645323
 12.4779842  12.81925771 13.11661398 13.38926681 13.66649435 13.9547012
 14.22049196 14.47850572]
mrr: [1.59565951 2.52203867 3.01747997 3.34720233 3.57410805 3.73635783
 3.85869869 3.95762684 4.02848404 4.08223691 4.12673638 4.16192354
 4.19127208 4.21564875 4.23547251 4.25251331 4.26882081 4.2848323
 4.29882129 4.31172198]
pre: [1.59565951 1.72420892 1.64491391 1.56340779 1.47763195 1.39360974
 1.3168635  1.25118371 1.1830205  1.11847131 1.06129157 1.00803777
 0.95984494 0.91566126 0.87444093 0.83682918 0.80391143 0.77526118
 0.74844695 0.72392529]
-------------------------------------------------------
epoch:  2
start training:  2022-07-08 00:24:02.746286
[0/9775] Loss: 7.4870
[1956/9775] Loss: 9.3515
[3912/9775] Loss: 7.9149
[5868/9775] Loss: 2.9247
[7824/9775] Loss: 4.5717
	Loss:	62155.375
start predicting:  2022-07-08 00:48:06.644040
hit: [ 2.04443875  4.4461625   6.19598981  7.77975507  9.19242611 10.33564661
 11.30274071 12.07083484 12.75017956 13.28953809 13.78772422 14.24839771
 14.6422804  14.98767115 15.3266573  15.6299607  15.91999744 16.18395832
 16.44654678 16.69358122]
mrr: [2.04443875 3.24530063 3.8285764  4.22451771 4.50705192 4.69758867
 4.83574497 4.93175674 5.00723948 5.06117533 5.10646498 5.14485444
 5.17515311 5.19982388 5.22242295 5.24137942 5.2584404  5.27310489
 5.28692534 5.29927706]
pre: [2.04443875 2.22308125 2.06532994 1.94493877 1.83848522 1.72260777
 1.61467724 1.50885435 1.41668662 1.32895381 1.25342947 1.18736648
 1.12632926 1.07054794 1.02177715 0.97687254 0.93647044 0.8991088
 0.86560773 0.83467906]
-------------------------------------------------------
epoch:  3
start training:  2022-07-08 00:54:29.047333
[0/9775] Loss: 7.2063
[1956/9775] Loss: 9.0419
[3912/9775] Loss: 7.3270
[5868/9775] Loss: 2.6178
[7824/9775] Loss: 4.3608
	Loss:	58781.461
start predicting:  2022-07-08 01:17:59.731223
hit: [ 2.65470532  5.07838769  6.83736442  8.27748373  9.63022604 10.79174539
 11.72544409 12.5113796  13.16007374 13.72916791 14.20768277 14.65600454
 15.07642056 15.46252625 15.79236298 16.11030545 16.40079966 16.66384559
 16.91133751 17.12863632]
mrr: [2.65470532 3.8665465  4.45287208 4.81290191 5.08345037 5.27703693
 5.41042246 5.5086644  5.58074152 5.63765094 5.68115229 5.71851244
 5.75085213 5.77843111 5.80042022 5.82029163 5.83737952 5.85199319
 5.86501908 5.87588402]
pre: [2.65470532 2.53919384 2.27912147 2.06937093 1.92604521 1.79862423
 1.67506344 1.56392245 1.46223042 1.37291679 1.29160752 1.22133371
 1.15972466 1.10446616 1.0528242  1.00689409 0.96475292 0.9257692
 0.8900704  0.85643182]
-------------------------------------------------------
epoch:  4
start training:  2022-07-08 01:24:02.645464
[0/9775] Loss: 7.0759
[1956/9775] Loss: 8.8260
[3912/9775] Loss: 6.9735
[5868/9775] Loss: 2.3562
[7824/9775] Loss: 4.1541
	Loss:	56680.164
start predicting:  2022-07-08 01:48:20.514801
hit: [ 3.2695466   5.64656691  7.38815973  8.77566985  9.97515931 11.06256833
 11.92947624 12.71129451 13.32842314 13.89340006 14.35453102 14.80331026
 15.17614928 15.53389175 15.86144113 16.15376522 16.43511    16.68305938
 16.93604095 17.15882942]
mrr: [3.2695466  4.45805675 5.03858769 5.38546523 5.62536312 5.80659795
 5.93044194 6.02816922 6.09673907 6.15323676 6.19515776 6.23255603
 6.26123596 6.28678899 6.30862561 6.32689587 6.34344556 6.35722053
 6.37053535 6.38167477]
pre: [3.2695466  2.82328345 2.46271991 2.19391746 1.99503186 1.84376139
 1.70421089 1.58891181 1.4809359  1.38934001 1.30495737 1.23360919
 1.1673961  1.1095637  1.05742941 1.00961033 0.96677118 0.92683663
 0.89137058 0.85794147]
-------------------------------------------------------
epoch:  5
start training:  2022-07-08 01:55:47.580516
[0/9775] Loss: 6.9723
[1956/9775] Loss: 8.6489
[3912/9775] Loss: 6.5695
[5868/9775] Loss: 1.8333
[7824/9775] Loss: 3.5245
	Loss:	53655.219
start predicting:  2022-07-08 02:20:49.330513
hit: [ 3.35189141  5.80210711  7.43207696  8.8145549  10.04743976 11.13347637
 12.04887622 12.81239564 13.43684381 14.00456556 14.48628273 14.93963668
 15.31933776 15.68165495 15.98358593 16.26904796 16.54261573 16.80474672
 17.04583404 17.2576432 ]
mrr: [3.35189141 4.57699926 5.12032255 5.46594203 5.712519   5.89352511
 6.02429651 6.11973644 6.18911957 6.24589175 6.28968421 6.32746371
 6.35667149 6.38255129 6.40268002 6.42052139 6.43661362 6.45117645
 6.46386526 6.47445571]
pre: [3.35189141 2.90105356 2.47735899 2.20363873 2.00948795 1.85557939
 1.72126803 1.60154945 1.49298265 1.40045656 1.31693479 1.24496972
 1.1784106  1.12011821 1.0655724  1.0168155  0.97309504 0.93359704
 0.89714916 0.86288216]
-------------------------------------------------------
epoch:  6
start training:  2022-07-08 02:27:11.275680
[0/9775] Loss: 6.8717
[1956/9775] Loss: 8.6067
[3912/9775] Loss: 6.5179
[5868/9775] Loss: 1.7995
[7824/9775] Loss: 3.5091
	Loss:	53306.785
start predicting:  2022-07-08 02:43:43.294761
hit: [ 3.42462933  5.88079216  7.50572983  8.8987296  10.12017768 11.20026716
 12.10194288 12.86134506 13.45971737 14.03018395 14.53568961 14.97348954
 15.34312627 15.69492161 16.00554455 16.29786864 16.59659733 16.84134442
 17.06825013 17.27731446]
mrr: [3.42462933 4.65271075 5.19435664 5.54260658 5.7868962  5.96691111
 6.09572193 6.1906472  6.25713301 6.31417967 6.36013473 6.39661806
 6.42505165 6.45017989 6.47088808 6.48915834 6.50673062 6.52032768
 6.53227008 6.5427233 ]
pre: [3.42462933 2.94039608 2.50190994 2.2246824  2.02403554 1.86671119
 1.72884898 1.60766813 1.49552415 1.40301839 1.32142633 1.2477908
 1.18024048 1.12106583 1.0670363  1.01861679 0.97627043 0.93563025
 0.89832895 0.86386572]
-------------------------------------------------------
epoch:  7
start training:  2022-07-08 02:49:00.781668
[0/9775] Loss: 6.8082
[1956/9775] Loss: 8.5745
[3912/9775] Loss: 6.4754
[5868/9775] Loss: 1.7821
[7824/9775] Loss: 3.4908
	Loss:	53042.477
start predicting:  2022-07-08 03:05:27.496398
hit: [ 3.53076265  5.96405191  7.57663786  8.94127442 10.16683974 11.25104647
 12.13030609 12.86088759 13.489453   14.03841843 14.55398846 14.99316081
 15.36142511 15.69537908 16.01057673 16.29603876 16.57418124 16.83539729
 17.07282484 17.30064549]
mrr: [3.53076265 4.74740728 5.28493593 5.62609507 5.87120814 6.05190926
 6.17751777 6.26884046 6.33868106 6.39357761 6.44044761 6.4770453
 6.50537333 6.52922718 6.55024036 6.56808174 6.58444306 6.59895506
 6.61145125 6.62284228]
pre: [3.53076265 2.98202596 2.52554595 2.23531861 2.03336795 1.87517441
 1.73290087 1.60761095 1.49882811 1.40384184 1.32308986 1.24943007
 1.18164809 1.12109851 1.06737178 1.01850242 0.97495184 0.93529985
 0.89856973 0.86503227]
-------------------------------------------------------
epoch:  8
start training:  2022-07-08 03:09:49.062795
[0/9775] Loss: 6.7586
[1956/9775] Loss: 8.5561
[3912/9775] Loss: 6.4196
[5868/9775] Loss: 1.6763
[7824/9775] Loss: 3.4120
	Loss:	52658.219
start predicting:  2022-07-08 03:24:22.982237
hit: [ 3.51017645  5.92196456  7.48971833  8.89323995 10.12200757 11.20621429
 12.09553828 12.83755655 13.45834496 14.02652418 14.5169333  14.96708495
 15.315678   15.67433541 15.99410777 16.28643186 16.55496745 16.81343867
 17.07099495 17.29790066]
mrr: [3.51017645 4.71607051 5.2386551  5.5895355  5.83528902 6.01599014
 6.14303643 6.23578871 6.3047652  6.36158312 6.40616577 6.44367841
 6.47049326 6.49611164 6.5174298  6.53570006 6.55149627 6.56585578
 6.57941137 6.59075666]
pre: [3.51017645 2.96098228 2.49657278 2.22330999 2.02440151 1.86770238
 1.72793404 1.60469457 1.49537166 1.40265242 1.31972121 1.24725708
 1.17812908 1.11959539 1.06627385 1.01790199 0.97382161 0.93407993
 0.89847342 0.86489503]
-------------------------------------------------------
epoch:  9
start training:  2022-07-08 03:28:14.451572
[0/9775] Loss: 6.7462
[1956/9775] Loss: 8.5472
[3912/9775] Loss: 6.4143
[5868/9775] Loss: 1.6831
[7824/9775] Loss: 3.4158
	Loss:	52615.668
start predicting:  2022-07-08 03:42:39.675245
hit: [ 3.50834656  5.9022933   7.48788845  8.89461236 10.11560297 11.21856601
 12.10285782 12.84213127 13.45788749 14.02377935 14.50686893 14.96571253
 15.31979524 15.67753771 16.00279972 16.28048474 16.55130768 16.8193858
 17.07282484 17.29332595]
mrr: [3.50834656 4.70531993 5.23385165 5.58553263 5.82973075 6.01355792
 6.13988532 6.2322945  6.30071186 6.35730105 6.40121828 6.43945525
 6.46669238 6.49224541 6.51392955 6.53128486 6.54721562 6.56210885
 6.57544775 6.5864728 ]
pre: [3.50834656 2.95114665 2.49596282 2.22365309 2.02312059 1.869761
 1.72897969 1.60526641 1.49532083 1.40237794 1.31880627 1.24714271
 1.17844579 1.11982412 1.06685331 1.0175303  0.97360633 0.93441032
 0.89856973 0.8646663 ]
-------------------------------------------------------
epoch:  10
start training:  2022-07-08 03:46:27.830714
[0/9775] Loss: 6.7377
[1956/9775] Loss: 8.5430
[3912/9775] Loss: 6.4097
[5868/9775] Loss: 1.6874
[7824/9775] Loss: 3.4173
	Loss:	52587.059
start predicting:  2022-07-08 04:00:52.592268
hit: [ 3.52664541  5.899091    7.50161259  8.8955273  10.12017768 11.2203959
 12.10880495 12.84258874 13.46429209 14.02469429 14.50961376 14.97165966
 15.32528489 15.68348483 15.99913995 16.28048474 16.56137205 16.82670534
 17.07877196 17.30156043]
mrr: [3.52664541 4.71286821 5.24704207 5.59552075 5.84045082 6.02382052
 6.1507361  6.24245908 6.31153723 6.36757745 6.41166104 6.45016486
 6.4773668  6.50295251 6.52399619 6.54158024 6.55810302 6.57284376
 6.58611042 6.59724984]
pre: [3.52664541 2.9495455  2.50053753 2.22388183 2.02403554 1.87006598
 1.72982928 1.60532359 1.49603245 1.40246943 1.3190558  1.2476383
 1.17886807 1.12024892 1.06660933 1.0175303  0.97419836 0.93481696
 0.89888273 0.86507802]
-------------------------------------------------------
epoch:  11
start training:  2022-07-08 04:04:38.198359
[0/9775] Loss: 6.7304
[1956/9775] Loss: 8.5459
[3912/9775] Loss: 6.4036
[5868/9775] Loss: 1.6761
[7824/9775] Loss: 3.4092
	Loss:	52547.559
start predicting:  2022-07-08 04:19:06.332200
hit: [ 3.53076265  5.9054956   7.50161259  8.89141006 10.1183478  11.19843728
 12.09325093 12.84304621 13.45377025 14.01554487 14.49954939 14.96113782
 15.31339064 15.66930323 15.98953306 16.26538819 16.53804102 16.8161835
 17.0687076  17.28966618]
mrr: [3.53076265 4.71812913 5.25016812 5.59761749 5.84300504 6.02301995
 6.15085047 6.24457488 6.31243311 6.36861057 6.41261098 6.45107668
 6.47817305 6.50359538 6.52494404 6.54218498 6.55822339 6.57367575
 6.58696649 6.59801442]
pre: [3.53076265 2.9527478  2.50053753 2.22285252 2.02366956 1.86640621
 1.72760728 1.60538078 1.49486336 1.40155449 1.31814085 1.24676149
 1.17795313 1.11923594 1.06596887 1.01658676 0.97282594 0.93423242
 0.89835303 0.86448331]
-------------------------------------------------------
epoch:  12
start training:  2022-07-08 04:22:53.879836
[0/9775] Loss: 6.7321
[1956/9775] Loss: 8.5421
[3912/9775] Loss: 6.4018
[5868/9775] Loss: 1.6768
[7824/9775] Loss: 3.4085
	Loss:	52542.383
start predicting:  2022-07-08 04:37:18.656639
hit: [ 3.53259253  5.90275077  7.50161259  8.89049512 10.10828343 11.19203268
 12.0873038  12.84030138 13.45102542 14.01600234 14.49177238 14.96022288
 15.30835846 15.66930323 15.98633076 16.26081348 16.54078584 16.8129812
 17.06596277 17.28554894]
mrr: [3.53259253 4.71767165 5.25062559 5.59784623 5.84140389 6.02202876
 6.14992464 6.24404933 6.31190756 6.36840525 6.41165707 6.45069462
 6.47747428 6.50325605 6.52439121 6.54154638 6.55801535 6.57313731
 6.58645213 6.59743144]
pre: [3.53259253 2.95137539 2.50053753 2.22262378 2.02165669 1.86533878
 1.72675769 1.60503767 1.49455838 1.40160023 1.31743385 1.24668524
 1.17756604 1.11923594 1.06575538 1.01630084 0.9729874  0.93405451
 0.89820857 0.86427745]
-------------------------------------------------------
epoch:  13
start training:  2022-07-08 04:41:19.904790
[0/9775] Loss: 6.7317
[1956/9775] Loss: 8.5406
[3912/9775] Loss: 6.4011
[5868/9775] Loss: 1.6771
[7824/9775] Loss: 3.4083
	Loss:	52538.734
start predicting:  2022-07-08 04:55:50.455408
hit: [ 3.52893277  5.90137836  7.49200569  8.88592041 10.10782596 11.1934051
 12.09279346 12.84213127 13.45422772 14.01371499 14.4899425  14.95976541
 15.31522052 15.67067564 15.98450088 16.25669623 16.54398814 16.81160879
 17.06413289 17.2878363 ]
mrr: [3.52893277 4.71515556 5.24536467 5.59384335 5.83822446 6.01915432
 6.14763837 6.2413056  6.30931631 6.36526504 6.40855845 6.44771036
 6.47505306 6.50044271 6.52136439 6.5383766  6.55527613 6.57014394
 6.58343468 6.59461985]
pre: [3.52893277 2.95068918 2.49733523 2.2214801  2.02156519 1.86556752
 1.72754192 1.60526641 1.49491419 1.4013715  1.3172675  1.24664712
 1.17809389 1.11933397 1.06563339 1.01604351 0.97317577 0.93397827
 0.89811226 0.86439181]
-------------------------------------------------------
epoch:  14
start training:  2022-07-08 04:59:36.401854
[0/9775] Loss: 6.7308
[1956/9775] Loss: 8.5410
[3912/9775] Loss: 6.4006
[5868/9775] Loss: 1.6760
[7824/9775] Loss: 3.4077
	Loss:	52533.926
start predicting:  2022-07-08 05:14:15.583637
hit: [ 3.52893277  5.899091    7.49246316  8.88729282 10.10782596 11.19249015
 12.09279346 12.83481173 13.45468519 14.01462993 14.49085744 14.95930794
 15.31476305 15.67067564 15.98358593 16.25395141 16.54444561 16.81023638
 17.06459036 17.2814317 ]
mrr: [3.52893277 4.71401189 5.24513594 5.59384335 5.83794998 6.01872735
 6.1473421  6.24009439 6.30896922 6.36496369 6.4082571  6.44729464
 6.47463734 6.50005967 6.52092036 6.5378182  6.55490609 6.56967225
 6.5830593  6.59390137]
pre: [3.52893277 2.9495455  2.49748772 2.22182321 2.02156519 1.86541503
 1.72754192 1.60435147 1.49496502 1.40146299 1.31735068 1.24660899
 1.1780587  1.11933397 1.0655724  1.01587196 0.97320268 0.93390202
 0.89813633 0.86407159]
-------------------------------------------------------
epoch:  15
start training:  2022-07-08 05:17:59.776326
[0/9775] Loss: 6.7307
[1956/9775] Loss: 8.5409
[3912/9775] Loss: 6.4006
[5868/9775] Loss: 1.6760
[7824/9775] Loss: 3.4077
	Loss:	52533.570
start predicting:  2022-07-08 05:32:33.841470
hit: [ 3.52939024  5.89954848  7.49292063  8.88683535 10.10782596 11.19249015
 12.09279346 12.83389679 13.45468519 14.01417246 14.49177238 14.95930794
 15.31430558 15.67021817 15.98358593 16.25395141 16.54444561 16.81069385
 17.06459036 17.28051676]
mrr: [3.52939024 4.71446936 5.24559341 5.59407209 5.83827021 6.01904758
 6.14766233 6.24030025 6.30927674 6.36522547 6.40864364 6.44760494
 6.47491245 6.50033478 6.52122596 6.5381238  6.5552117  6.57000326
 6.58336624 6.59416256]
pre: [3.52939024 2.94977424 2.49764021 2.22170884 2.02156519 1.86541503
 1.72754192 1.6042371  1.49496502 1.40141725 1.31743385 1.24660899
 1.17802351 1.1193013  1.0655724  1.01587196 0.97320268 0.93392744
 0.89813633 0.86402584]
-------------------------------------------------------
epoch:  16
start training:  2022-07-08 05:36:20.812128
[0/9775] Loss: 6.7306
[1956/9775] Loss: 8.5408
[3912/9775] Loss: 6.4005
[5868/9775] Loss: 1.6760
[7824/9775] Loss: 3.4076
	Loss:	52533.266
start predicting:  2022-07-08 05:50:52.362248
hit: [ 3.52939024  5.89954848  7.49383558  8.88637788 10.10645355 11.19249015
 12.09325093 12.83389679 13.45468519 14.01371499 14.49222985 14.95976541
 15.31384811 15.66793081 15.98358593 16.25532382 16.54398814 16.81069385
 17.06459036 17.28005929]
mrr: [3.52939024 4.71446936 5.24589839 5.59403397 5.8380491  6.0190552
 6.14773531 6.24031604 6.30929253 6.36519551 6.40869686 6.44765816
 6.47489529 6.50018691 6.52123059 6.5382142  6.55519446 6.57001144
 6.58337442 6.59414786]
pre: [3.52939024 2.94977424 2.49794519 2.22159447 2.02129071 1.86541503
 1.72760728 1.6042371  1.49496502 1.4013715  1.31747544 1.24664712
 1.17798832 1.11913792 1.0655724  1.01595774 0.97317577 0.93392744
 0.89813633 0.86400296]
-------------------------------------------------------
epoch:  17
start training:  2022-07-08 05:54:44.894382
[0/9775] Loss: 6.7305
[1956/9775] Loss: 8.5408
[3912/9775] Loss: 6.4005
[5868/9775] Loss: 1.6759
[7824/9775] Loss: 3.4076
	Loss:	52532.871
start predicting:  2022-07-08 06:09:20.709190
hit: [ 3.52939024  5.89954848  7.49383558  8.88637788 10.10645355 11.19249015
 12.09325093 12.83343931 13.45468519 14.01371499 14.49222985 14.95976541
 15.31384811 15.66793081 15.98358593 16.25532382 16.54398814 16.81069385
 17.06459036 17.28005929]
mrr: [3.52939024 4.71446936 5.24589839 5.59403397 5.8380491  6.0190552
 6.14773531 6.24025886 6.30928618 6.36518916 6.40869051 6.44765181
 6.47488894 6.50018056 6.52122423 6.53820785 6.55518811 6.57000509
 6.58336806 6.59414151]
pre: [3.52939024 2.94977424 2.49794519 2.22159447 2.02129071 1.86541503
 1.72760728 1.60417991 1.49496502 1.4013715  1.31747544 1.24664712
 1.17798832 1.11913792 1.0655724  1.01595774 0.97317577 0.93392744
 0.89813633 0.86400296]
-------------------------------------------------------
epoch:  18
start training:  2022-07-08 06:13:09.439219
[0/9775] Loss: 6.7305
[1956/9775] Loss: 8.5408
[3912/9775] Loss: 6.4005
[5868/9775] Loss: 1.6759
[7824/9775] Loss: 3.4076
	Loss:	52532.855
start predicting:  2022-07-08 06:27:36.919829
hit: [ 3.52939024  5.89954848  7.49383558  8.88637788 10.10645355 11.19294762
 12.09325093 12.83343931 13.45468519 14.01371499 14.49222985 14.95976541
 15.31384811 15.66793081 15.98358593 16.25532382 16.54398814 16.81069385
 17.06459036 17.28005929]
mrr: [3.52939024 4.71446936 5.24589839 5.59403397 5.8380491  6.01913145
 6.1477462  6.24026975 6.30929707 6.36520005 6.4087014  6.4476627
 6.47489983 6.50019145 6.52123513 6.53821874 6.555199   6.57001598
 6.58337896 6.5941524 ]
pre: [3.52939024 2.94977424 2.49794519 2.22159447 2.02129071 1.86549127
 1.72760728 1.60417991 1.49496502 1.4013715  1.31747544 1.24664712
 1.17798832 1.11913792 1.0655724  1.01595774 0.97317577 0.93392744
 0.89813633 0.86400296]
-------------------------------------------------------
epoch:  19
start training:  2022-07-08 06:31:32.265131
[0/9775] Loss: 6.7305
[1956/9775] Loss: 8.5408
[3912/9775] Loss: 6.4005
[5868/9775] Loss: 1.6759
[7824/9775] Loss: 3.4076
	Loss:	52532.836
start predicting:  2022-07-08 06:45:54.693235
hit: [ 3.52939024  5.89954848  7.49383558  8.88637788 10.10645355 11.19294762
 12.09325093 12.83343931 13.45468519 14.01371499 14.49222985 14.95976541
 15.31384811 15.66793081 15.98358593 16.25532382 16.54398814 16.81069385
 17.06459036 17.28005929]
mrr: [3.52939024 4.71446936 5.24589839 5.59403397 5.8380491  6.01913145
 6.1477462  6.24026975 6.30929707 6.36520005 6.4087014  6.4476627
 6.47489983 6.50019145 6.52123513 6.53821874 6.555199   6.57001598
 6.58337896 6.5941524 ]
pre: [3.52939024 2.94977424 2.49794519 2.22159447 2.02129071 1.86549127
 1.72760728 1.60417991 1.49496502 1.4013715  1.31747544 1.24664712
 1.17798832 1.11913792 1.0655724  1.01595774 0.97317577 0.93392744
 0.89813633 0.86400296]
-------------------------------------------------------
epoch:  20
start training:  2022-07-08 06:49:41.603042
[0/9775] Loss: 6.7305
[1956/9775] Loss: 8.5408
[3912/9775] Loss: 6.4005
[5868/9775] Loss: 1.6759
[7824/9775] Loss: 3.4076
	Loss:	52532.832
start predicting:  2022-07-08 07:04:19.107454
hit: [ 3.52939024  5.89954848  7.49383558  8.88637788 10.10645355 11.19294762
 12.09325093 12.83343931 13.45468519 14.01371499 14.49222985 14.95976541
 15.31384811 15.66793081 15.98358593 16.25532382 16.54398814 16.81069385
 17.06459036 17.28005929]
mrr: [3.52939024 4.71446936 5.24589839 5.59403397 5.8380491  6.01913145
 6.1477462  6.24026975 6.30929707 6.36520005 6.4087014  6.4476627
 6.47489983 6.50019145 6.52123513 6.53821874 6.555199   6.57001598
 6.58337896 6.5941524 ]
pre: [3.52939024 2.94977424 2.49794519 2.22159447 2.02129071 1.86549127
 1.72760728 1.60417991 1.49496502 1.4013715  1.31747544 1.24664712
 1.17798832 1.11913792 1.0655724  1.01595774 0.97317577 0.93392744
 0.89813633 0.86400296]
-------------------------------------------------------
epoch:  21
start training:  2022-07-08 07:08:10.278777
[0/9775] Loss: 6.7305
[1956/9775] Loss: 8.5408
[3912/9775] Loss: 6.4005
[5868/9775] Loss: 1.6759
[7824/9775] Loss: 3.4076
	Loss:	52532.832
start predicting:  2022-07-08 07:23:02.236487
hit: [ 3.52939024  5.89954848  7.49383558  8.88637788 10.10645355 11.19294762
 12.09325093 12.83343931 13.45468519 14.01371499 14.49222985 14.95976541
 15.31384811 15.66793081 15.98358593 16.25532382 16.54398814 16.81069385
 17.06459036 17.28005929]
mrr: [3.52939024 4.71446936 5.24589839 5.59403397 5.8380491  6.01913145
 6.1477462  6.24026975 6.30929707 6.36520005 6.4087014  6.4476627
 6.47489983 6.50019145 6.52123513 6.53821874 6.555199   6.57001598
 6.58337896 6.5941524 ]
pre: [3.52939024 2.94977424 2.49794519 2.22159447 2.02129071 1.86549127
 1.72760728 1.60417991 1.49496502 1.4013715  1.31747544 1.24664712
 1.17798832 1.11913792 1.0655724  1.01595774 0.97317577 0.93392744
 0.89813633 0.86400296]
-------------------------------------------------------
epoch:  22
start training:  2022-07-08 07:26:49.172785
[0/9775] Loss: 6.7305
[1956/9775] Loss: 8.5408
[3912/9775] Loss: 6.4005
[5868/9775] Loss: 1.6759
[7824/9775] Loss: 3.4076
	Loss:	52532.832
start predicting:  2022-07-08 07:41:11.576632
hit: [ 3.52939024  5.89954848  7.49383558  8.88637788 10.10645355 11.19294762
 12.09325093 12.83343931 13.45468519 14.01371499 14.49222985 14.95976541
 15.31384811 15.66793081 15.98358593 16.25532382 16.54398814 16.81069385
 17.06459036 17.28005929]
mrr: [3.52939024 4.71446936 5.24589839 5.59403397 5.8380491  6.01913145
 6.1477462  6.24026975 6.30929707 6.36520005 6.4087014  6.4476627
 6.47489983 6.50019145 6.52123513 6.53821874 6.555199   6.57001598
 6.58337896 6.5941524 ]
pre: [3.52939024 2.94977424 2.49794519 2.22159447 2.02129071 1.86549127
 1.72760728 1.60417991 1.49496502 1.4013715  1.31747544 1.24664712
 1.17798832 1.11913792 1.0655724  1.01595774 0.97317577 0.93392744
 0.89813633 0.86400296]
-------------------------------------------------------
epoch:  23
start training:  2022-07-08 07:44:57.765631
[0/9775] Loss: 6.7305
[1956/9775] Loss: 8.5408
[3912/9775] Loss: 6.4005
[5868/9775] Loss: 1.6759
[7824/9775] Loss: 3.4076
	Loss:	52532.832
start predicting:  2022-07-08 07:59:42.996778
hit: [ 3.52939024  5.89954848  7.49383558  8.88637788 10.10645355 11.19294762
 12.09325093 12.83343931 13.45468519 14.01371499 14.49222985 14.95976541
 15.31384811 15.66793081 15.98358593 16.25532382 16.54398814 16.81069385
 17.06459036 17.28005929]
mrr: [3.52939024 4.71446936 5.24589839 5.59403397 5.8380491  6.01913145
 6.1477462  6.24026975 6.30929707 6.36520005 6.4087014  6.4476627
 6.47489983 6.50019145 6.52123513 6.53821874 6.555199   6.57001598
 6.58337896 6.5941524 ]
pre: [3.52939024 2.94977424 2.49794519 2.22159447 2.02129071 1.86549127
 1.72760728 1.60417991 1.49496502 1.4013715  1.31747544 1.24664712
 1.17798832 1.11913792 1.0655724  1.01595774 0.97317577 0.93392744
 0.89813633 0.86400296]
-------------------------------------------------------
epoch:  24
start training:  2022-07-08 08:03:29.452532
[0/9775] Loss: 6.7305
[1956/9775] Loss: 8.5408
[3912/9775] Loss: 6.4005
[5868/9775] Loss: 1.6759
[7824/9775] Loss: 3.4076
	Loss:	52532.832
start predicting:  2022-07-08 08:16:50.891953
hit: [ 3.52939024  5.89954848  7.49383558  8.88637788 10.10645355 11.19294762
 12.09325093 12.83343931 13.45468519 14.01371499 14.49222985 14.95976541
 15.31384811 15.66793081 15.98358593 16.25532382 16.54398814 16.81069385
 17.06459036 17.28005929]
mrr: [3.52939024 4.71446936 5.24589839 5.59403397 5.8380491  6.01913145
 6.1477462  6.24026975 6.30929707 6.36520005 6.4087014  6.4476627
 6.47489983 6.50019145 6.52123513 6.53821874 6.555199   6.57001598
 6.58337896 6.5941524 ]
pre: [3.52939024 2.94977424 2.49794519 2.22159447 2.02129071 1.86549127
 1.72760728 1.60417991 1.49496502 1.4013715  1.31747544 1.24664712
 1.17798832 1.11913792 1.0655724  1.01595774 0.97317577 0.93392744
 0.89813633 0.86400296]
-------------------------------------------------------
Run time: 32264.006881 s
