nohup: ignoring input
2022-07-09_11-50-29
Namespace(batchSize=256, cuda_device='2', data_size=1, dataset='last', detail='SRGNN', drop_portion=1, epoch=25, hiddenSize=100, l2=1e-05, lr=0.001, lr_dc=0.1, lr_dc_step=3, mode='next-new-item', nonhybrid=False, output='display', slide_step=1, step=1, valid_portion=8, windowLenth=5)
================	 dataset: last 	================
================	 Total train records: 896  	================
================	 Total test records: 896  	================
================	 Total split train records: 1006775 	================
================	 Total split test records: 107182  	================
-------------------------------------------------------
epoch:  0
/home/wh/miniconda3/envs/pytorch/lib/python3.6/site-packages/torch/optim/lr_scheduler.py:136: UserWarning: Detected call of `lr_scheduler.step()` before `optimizer.step()`. In PyTorch 1.1.0 and later, you should call them in the opposite order: `optimizer.step()` before `lr_scheduler.step()`.  Failure to do this will result in PyTorch skipping the first value of the learning rate schedule. See more details at https://pytorch.org/docs/stable/optim.html#how-to-adjust-learning-rate
  "https://pytorch.org/docs/stable/optim.html#how-to-adjust-learning-rate", UserWarning)
start training:  2022-07-09 11:52:35.061170
[0/3933] Loss: 11.1103
[787/3933] Loss: 9.9867
[1574/3933] Loss: 10.3388
[2361/3933] Loss: 11.0796
[3148/3933] Loss: 10.1110
	Loss:	38581.422
start predicting:  2022-07-09 12:05:15.951599
hit: [ 1.28006568  2.73273497  4.04079043  5.38336661  6.63450953  7.64680637
  8.54154616  9.34391969 10.11737045 10.80032095 11.33305966 11.83874158
 12.2707171  12.60659439 12.92474483 13.25968913 13.53305592 13.78216492
 14.04340281 14.33169749]
mrr: [1.28006568 2.00640033 2.44241881 2.77806286 3.02829144 3.19700758
 3.32482755 3.42512424 3.51106322 3.57935827 3.62778906 3.66992922
 3.7031581  3.72714934 3.74835937 3.76929339 3.78537379 3.79921318
 3.81296254 3.82737727]
pre: [1.28006568 1.36636749 1.34693014 1.34584165 1.32690191 1.27446773
 1.22022088 1.16798996 1.12415227 1.08003209 1.03027815 0.9865618
 0.94390132 0.90047103 0.86164966 0.82873057 0.79606211 0.76567583
 0.73912646 0.71658487]
-------------------------------------------------------
epoch:  1
start training:  2022-07-09 12:07:17.850367
[0/3933] Loss: 9.5186
[787/3933] Loss: 7.9424
[1574/3933] Loss: 8.6218
[2361/3933] Loss: 10.0685
[3148/3933] Loss: 5.9642
	Loss:	30890.061
start predicting:  2022-07-09 12:19:19.170012
hit: [ 4.37760072  8.0517251  10.90481611 13.24102928 15.14619992 16.81439048
 18.15883264 19.28402157 20.24686981 20.98113489 21.63889459 22.21921591
 22.74449068 23.23151275 23.67468418 24.05441212 24.41361423 24.72616671
 25.06950794 25.34287474]
mrr: [4.37760072 6.21466291 7.16569324 7.74974654 8.13078067 8.40881242
 8.60087559 8.74152421 8.84850735 8.92193385 8.98173019 9.0300903
 9.07049605 9.10528334 9.1348281  9.1585611  9.17969064 9.19705466
 9.21512525 9.22879359]
pre: [4.37760072 4.02586255 3.6349387  3.31025732 3.02923998 2.80239841
 2.59411895 2.4105027  2.2496522  2.09811349 1.96717224 1.85160133
 1.74957621 1.65939377 1.57831228 1.50340076 1.43609495 1.37367593
 1.31944779 1.26714374]
-------------------------------------------------------
epoch:  2
start training:  2022-07-09 12:21:31.420889
[0/3933] Loss: 7.6183
[787/3933] Loss: 6.6930
[1574/3933] Loss: 7.0900
[2361/3933] Loss: 8.4860
[3148/3933] Loss: 4.4246
	Loss:	24943.789
start predicting:  2022-07-09 12:31:55.305724
hit: [ 7.24002165 13.77096901 17.2333041  19.64508966 21.45789405 22.97400683
 24.22328376 25.27383329 26.12378944 26.90190517 27.56526282 28.08214066
 28.57942565 28.96941651 29.34727846 29.68035678 29.98824429 30.26814204
 30.53964285 30.79714877]
mrr: [ 7.24002165 10.50549533 11.65960702 12.26255341 12.62511429 12.87779975
 13.05626789 13.18758658 13.28202615 13.35983772 13.42014297 13.46321612
 13.50146881 13.5293253  13.5545161  13.57533349 13.59344452 13.6089944
 13.62328391 13.63615921]
pre: [7.24002165 6.8854845  5.7444347  4.91127242 4.29157881 3.82900114
 3.46046911 3.15922916 2.90264327 2.69019052 2.50593298 2.34017839
 2.19841736 2.06924404 1.95648523 1.8550223  1.76401437 1.68156345
 1.60734962 1.53985744]
-------------------------------------------------------
epoch:  3
start training:  2022-07-09 12:34:12.971345
[0/3933] Loss: 6.9415
[787/3933] Loss: 6.1697
[1574/3933] Loss: 6.4777
[2361/3933] Loss: 8.1613
[3148/3933] Loss: 4.0826
	Loss:	23366.480
start predicting:  2022-07-09 12:44:26.930085
hit: [ 9.11813551 15.384113   18.69623631 20.99419679 22.70623799 24.15237633
 25.25050848 26.2534754  27.08010673 27.76958818 28.34337855 28.86865332
 29.32581963 29.72514042 30.10766733 30.43701368 30.72997332 31.02106697
 31.26177903 31.49689314]
mrr: [ 9.11813551 12.25112426 13.35516536 13.92965548 14.27206372 14.51308677
 14.6699628  14.79533366 14.88718159 14.95612973 15.00829249 15.05206539
 15.08723203 15.11575494 15.14125674 15.16184088 15.1790738  15.19524567
 15.20791473 15.21967043]
pre: [9.11813551 7.6920565  6.23207877 5.2485492  4.5412476  4.02539606
 3.6072155  3.28168442 3.00890075 2.77695882 2.57667078 2.40572111
 2.25583228 2.12322432 2.00717782 1.90231335 1.80764549 1.72339261
 1.64535679 1.57484466]
-------------------------------------------------------
epoch:  4
start training:  2022-07-09 12:46:48.212636
[0/3933] Loss: 6.3174
[787/3933] Loss: 5.9507
[1574/3933] Loss: 6.1544
[2361/3933] Loss: 7.9495
[3148/3933] Loss: 3.8998
	Loss:	22423.252
start predicting:  2022-07-09 12:57:15.929770
hit: [11.06062585 16.7248232  19.78970349 21.86561176 23.49088466 24.74669254
 25.77671624 26.70131179 27.47849452 28.09333657 28.71657554 29.23625236
 29.69248568 30.05915172 30.42395178 30.74116923 31.0546547  31.34761434
 31.59858932 31.82717247]
mrr: [11.06062585 13.89272452 14.91435129 15.43332836 15.75838294 15.96768425
 16.11483049 16.23040494 16.31675857 16.37824278 16.43490087 16.47820727
 16.51330214 16.53949257 16.56381257 16.58363866 16.60207899 16.61835452
 16.63156373 16.64299289]
pre: [11.06062585  8.3624116   6.59656783  5.46640294  4.69817693  4.12444876
  3.68238803  3.33766397  3.05316606  2.80933366  2.61059778  2.43635436
  2.28403736  2.14708227  2.02826345  1.92132308  1.82674439  1.74153413
  1.66308365  1.59135862]
-------------------------------------------------------
epoch:  5
start training:  2022-07-09 12:59:06.998433
[0/3933] Loss: 5.7924
[787/3933] Loss: 5.8264
[1574/3933] Loss: 5.8953
[2361/3933] Loss: 7.6672
[3148/3933] Loss: 3.8366
	Loss:	21558.523
start predicting:  2022-07-09 13:06:53.881129
hit: [11.84527253 17.67087757 20.58647907 22.52990241 24.02269038 25.24491053
 26.20029483 27.07637476 27.84422758 28.50198727 29.08977254 29.57586162
 30.01436808 30.4090239  30.74676718 31.09010841 31.39892892 31.66856375
 31.91487377 32.16958071]
mrr: [11.84527253 14.75807505 15.72994222 16.21579805 16.51435564 16.718059
 16.85454247 16.96405247 17.04936945 17.11514542 17.16858044 17.20908786
 17.24281913 17.27100883 17.29352505 17.31498388 17.33314979 17.3481295
 17.36109319 17.37382853]
pre: [11.84527253  8.83543879  6.86215969  5.6324756   4.80453808  4.20748509
  3.74289926  3.38454685  3.09380306  2.85019873  2.64452478  2.46465513
  2.30879754  2.17207314  2.04978448  1.94313178  1.84699582  1.75936465
  1.6797302   1.60847904]
-------------------------------------------------------
epoch:  6
start training:  2022-07-09 13:08:55.731788
[0/3933] Loss: 5.7365
[787/3933] Loss: 5.7572
[1574/3933] Loss: 5.8461
[2361/3933] Loss: 7.6330
[3148/3933] Loss: 3.8018
	Loss:	21402.004
start predicting:  2022-07-09 13:14:37.031928
hit: [12.11677334 17.93024948 20.74788677 22.66145435 24.14677838 25.32048292
 26.26840328 27.13515329 27.9030061  28.56916273 29.12989121 29.61971227
 30.06288369 30.47340038 30.82607154 31.13489205 31.44277957 31.70774944
 31.98204922 32.20596742]
mrr: [12.11677334 15.02351141 15.96272384 16.44111573 16.73818054 16.93379796
 17.06921516 17.17755891 17.26287589 17.32949155 17.38046687 17.42128529
 17.4553754  17.48469802 17.50820943 17.52751071 17.54562174 17.56034229
 17.57477912 17.58597503]
pre: [12.11677334  8.96512474  6.91596226  5.66536359  4.82935568  4.22008049
  3.75262904  3.39189416  3.10033401  2.85691627  2.64817193  2.46830936
  2.31252951  2.17667146  2.05507144  1.94593075  1.84957527  1.76154164
  1.68326575  1.61029837]
-------------------------------------------------------
epoch:  7
start training:  2022-07-09 13:16:40.190449
[0/3933] Loss: 5.6697
[787/3933] Loss: 5.7279
[1574/3933] Loss: 5.8127
[2361/3933] Loss: 7.6062
[3148/3933] Loss: 3.7735
	Loss:	21288.615
start predicting:  2022-07-09 13:23:59.150577
hit: [12.34162453 18.09259017 20.86637682 22.73142878 24.19809296 25.42311209
 26.35330559 27.15474613 27.9281969  28.5980855  29.15135004 29.652367
 30.09367245 30.50698811 30.84659738 31.16288183 31.46797037 31.7245433
 31.96338938 32.22742625]
mrr: [12.34162453 15.21710735 16.1417029  16.60796589 16.90129873 17.10546858
 17.23835337 17.33853343 17.42447241 17.49146127 17.54175804 17.58350946
 17.61745603 17.64697858 17.6696192  17.68938697 17.70733336 17.72158741
 17.73415826 17.7473601 ]
pre: [12.34162453  9.04629509  6.95545894  5.6828572   4.83961859  4.23718535
  3.76475794  3.39434327  3.10313299  2.85980855  2.65012273  2.47103058
  2.31489788  2.17907058  2.05643983  1.94768011  1.85105708  1.76247463
  1.68228365  1.61137131]
-------------------------------------------------------
epoch:  8
start training:  2022-07-09 13:25:49.970747
[0/3933] Loss: 5.6071
[787/3933] Loss: 5.7182
[1574/3933] Loss: 5.7997
[2361/3933] Loss: 7.5814
[3148/3933] Loss: 3.7418
	Loss:	21212.693
start predicting:  2022-07-09 13:33:46.379285
hit: [12.35375343 18.0897912  20.90089754 22.70996996 24.21022187 25.39885429
 26.33931071 27.1342203  27.92633091 28.58222463 29.13642216 29.63743912
 30.07874457 30.46500345 30.81767461 31.14328899 31.45770745 31.70401747
 31.9484615  32.17237969]
mrr: [12.35375343 15.22177231 16.15880776 16.61107586 16.91112625 17.10923165
 17.24358257 17.34294627 17.43095856 17.49654793 17.54692952 17.58868094
 17.62262751 17.65021743 17.67372884 17.69407974 17.71257494 17.72625883
 17.73912431 17.75032022]
pre: [12.35375343  9.0448956   6.96696585  5.67749249  4.84204437  4.23314238
  3.76275867  3.39177754  3.10292566  2.85822246  2.64876565  2.46978659
  2.31374958  2.17607168  2.05451164  1.94645556  1.85045338  1.7613343
  1.68149797  1.60861898]
-------------------------------------------------------
epoch:  9
start training:  2022-07-09 13:35:45.514468
[0/3933] Loss: 5.5910
[787/3933] Loss: 5.7049
[1574/3933] Loss: 5.7885
[2361/3933] Loss: 7.5718
[3148/3933] Loss: 3.7409
	Loss:	21179.842
start predicting:  2022-07-09 13:41:30.045163
hit: [12.32762964 18.07859529 20.88317068 22.69597507 24.18596406 25.3848594
 26.31225392 27.13048833 27.90020712 28.53464201 29.11403034 29.61224833
 30.07034763 30.44914258 30.80181374 31.13116008 31.42878468 31.70868243
 31.94006456 32.15185386]
mrr: [12.32762964 15.20311246 16.13797093 16.59117203 16.88916982 17.08898571
 17.22147064 17.32374995 17.40927426 17.47271774 17.52538941 17.56690758
 17.60214598 17.62920277 17.65271418 17.67329832 17.69080565 17.70635553
 17.71853354 17.729123  ]
pre: [12.32762964  9.03929764  6.96105689  5.67399377  4.83719281  4.2308099
  3.75889342  3.39131104  3.10002301  2.8534642   2.64673003  2.46768736
  2.31310366  2.17493876  2.05345425  1.94569751  1.84875204  1.76159347
  1.68105603  1.60759269]
-------------------------------------------------------
epoch:  10
start training:  2022-07-09 13:43:32.343615
[0/3933] Loss: 5.5798
[787/3933] Loss: 5.7000
[1574/3933] Loss: 5.7830
[2361/3933] Loss: 7.5657
[3148/3933] Loss: 3.7404
	Loss:	21161.086
start predicting:  2022-07-09 13:50:25.214566
hit: [12.28937695 18.07579631 20.86637682 22.66518632 24.1682372  25.36433356
 26.32624881 27.14075125 27.89554216 28.51598216 29.12336027 29.59545446
 30.05262078 30.42954974 30.77475696 31.11903118 31.42318673 31.68442462
 31.94472953 32.15558583]
mrr: [12.28937695 15.18258663 16.11278013 16.56248251 16.86309268 17.06244208
 17.19985854 17.30167134 17.385537   17.447581   17.50279719 17.54213838
 17.57730502 17.60422851 17.62724233 17.64875947 17.66665097 17.68116419
 17.69486444 17.70540726]
pre: [12.28937695  9.03789815  6.95545894  5.66629658  4.83364744  4.22738893
  3.76089269  3.39259391  3.09950468  2.85159822  2.64757821  2.46628787
  2.31174006  2.17353927  2.05165046  1.94493945  1.84842275  1.76024581
  1.68130155  1.60777929]
-------------------------------------------------------
epoch:  11
start training:  2022-07-09 13:52:15.366135
[0/3933] Loss: 5.5706
[787/3933] Loss: 5.6992
[1574/3933] Loss: 5.7851
[2361/3933] Loss: 7.5627
[3148/3933] Loss: 3.7375
	Loss:	21146.732
start predicting:  2022-07-09 14:00:58.516580
hit: [12.30057286 18.07113135 20.86264485 22.66985128 24.17570114 25.36713254
 26.32531582 27.13795227 27.89740815 28.51411618 29.11682932 29.58705753
 30.05168778 30.43048273 30.77195798 31.11250023 31.42225374 31.68442462
 31.94472953 32.1462559 ]
mrr: [12.30057286 15.1858521  16.1163566  16.56815821 16.86932818 17.06790008
 17.20478341 17.30636296 17.39074695 17.45241775 17.50720986 17.54639554
 17.58213633 17.60919311 17.63195813 17.65324202 17.67146281 17.68602786
 17.69972812 17.70980444]
pre: [12.30057286  9.03556567  6.95421495  5.66746282  4.83514023  4.22785542
  3.7607594   3.39224403  3.09971202  2.85141162  2.64698448  2.46558813
  2.31166829  2.17360591  2.05146387  1.94453126  1.84836787  1.76024581
  1.68130155  1.6073128 ]
-------------------------------------------------------
epoch:  12
start training:  2022-07-09 14:02:50.416360
[0/3933] Loss: 5.5697
[787/3933] Loss: 5.6986
[1574/3933] Loss: 5.7843
[2361/3933] Loss: 7.5622
[3148/3933] Loss: 3.7374
	Loss:	21145.117
start predicting:  2022-07-09 14:09:45.547517
hit: [12.29590789 18.07393032 20.86357784 22.67265026 24.17570114 25.36806553
 26.3281148  27.13142132 27.89834114 28.51878114 29.1186953  29.58612454
 30.0498218  30.41928682 30.77195798 31.10876826 31.41758877 31.68908959
 31.94379653 32.14159094]
mrr: [12.29590789 15.18491911 16.11480161 16.56706972 16.8676799  17.06640729
 17.20355719 17.3039705  17.38918382 17.45122782 17.50576547 17.54471791
 17.58038693 17.60677728 17.63028869 17.65133934 17.66950525 17.68458863
 17.69799426 17.70788398]
pre: [12.29590789  9.03696516  6.95452595  5.66816256  4.83514023  4.22801092
  3.76115926  3.39142767  3.09981568  2.85187811  2.64715412  2.46551038
  2.31152475  2.1728062   2.05146387  1.94429802  1.84809346  1.76050498
  1.68125245  1.60707955]
-------------------------------------------------------
epoch:  13
start training:  2022-07-09 14:11:46.673813
[0/3933] Loss: 5.5687
[787/3933] Loss: 5.6980
[1574/3933] Loss: 5.7836
[2361/3933] Loss: 7.5616
[3148/3933] Loss: 3.7374
	Loss:	21143.570
start predicting:  2022-07-09 14:17:08.078125
hit: [12.29217593 18.07579631 20.86451083 22.67265026 24.17196917 25.36433356
 26.32344983 27.12768935 27.89181019 28.51971413 29.11589633 29.58239257
 30.05168778 30.41275587 30.76822601 31.10503629 31.40545987 31.68442462
 31.94006456 32.13879196]
mrr: [12.29217593 15.18398612 16.11355762 16.56559248 16.86545626 17.06418366
 17.20120027 17.30173021 17.38663253 17.44942292 17.5036213  17.54249599
 17.57859562 17.6043862  17.62808421 17.64913485 17.66680683 17.68230487
 17.6957596  17.70569597]
pre: [12.29217593  9.03789815  6.95483694  5.66816256  4.83439383  4.22738893
  3.76049283  3.39096117  3.09909002  2.85197141  2.64689967  2.46519938
  2.31166829  2.17233971  2.05121507  1.94406477  1.84737999  1.76024581
  1.68105603  1.6069396 ]
-------------------------------------------------------
epoch:  14
start training:  2022-07-09 14:19:08.958041
[0/3933] Loss: 5.5678
[787/3933] Loss: 5.6978
[1574/3933] Loss: 5.7837
[2361/3933] Loss: 7.5613
[3148/3933] Loss: 3.7371
	Loss:	21142.020
start predicting:  2022-07-09 14:26:30.652326
hit: [12.29030994 18.0767293  20.86264485 22.67265026 24.17196917 25.36433356
 26.32438283 27.12768935 27.89181019 28.51878114 29.11589633 29.58145957
 30.05355377 30.41368887 30.769159   31.1041033  31.40545987 31.68162565
 31.94099756 32.13692598]
mrr: [12.29030994 15.18351962 16.11215814 16.56465949 16.86452327 17.06325067
 17.20040056 17.30081388 17.3857162  17.44841329 17.50269649 17.54149343
 17.57780836 17.6035323  17.62723031 17.64816433 17.66589119 17.68123373
 17.69488488 17.7046813 ]
pre: [12.29030994  9.03836465  6.95421495  5.66816256  4.83439383  4.22738893
  3.76062612  3.39096117  3.09909002  2.85187811  2.64689967  2.46512163
  2.31181183  2.17240635  2.05127727  1.94400646  1.84737999  1.76009031
  1.68110513  1.6068463 ]
-------------------------------------------------------
epoch:  15
start training:  2022-07-09 14:29:04.861696
[0/3933] Loss: 5.5677
[787/3933] Loss: 5.6977
[1574/3933] Loss: 5.7837
[2361/3933] Loss: 7.5613
[3148/3933] Loss: 3.7371
	Loss:	21141.883
start predicting:  2022-07-09 14:39:26.408837
hit: [12.28937695 18.07486332 20.86264485 22.67171727 24.17010319 25.36433356
 26.32531582 27.12582337 27.89460917 28.51878114 29.11403034 29.58145957
 30.05262078 30.41368887 30.769159   31.10223732 31.40545987 31.67975966
 31.94099756 32.13692598]
mrr: [12.28937695 15.18212013 16.11138064 16.56364875 16.86332593 17.06236433
 17.19964751 17.29971095 17.38513159 17.44754879 17.50166236 17.54061479
 17.57685796 17.60264854 17.62634655 17.64716394 17.66500056 17.68023944
 17.6939888  17.70378522]
pre: [12.28937695  9.03743166  6.95421495  5.66792932  4.83402064  4.22738893
  3.7607594   3.39072792  3.09940102  2.85187811  2.64673003  2.46512163
  2.31174006  2.17240635  2.05127727  1.94388983  1.84737999  1.75998665
  1.68110513  1.6068463 ]
-------------------------------------------------------
epoch:  16
start training:  2022-07-09 14:42:00.584687
[0/3933] Loss: 5.5677
[787/3933] Loss: 5.6977
[1574/3933] Loss: 5.7836
[2361/3933] Loss: 7.5612
[3148/3933] Loss: 3.7371
	Loss:	21141.760
start predicting:  2022-07-09 14:50:27.134070
hit: [12.29310892 18.07486332 20.86264485 22.67171727 24.1691702  25.36433356
 26.32438283 27.12395738 27.89554216 28.52064712 29.11403034 29.58052658
 30.05355377 30.41368887 30.76729302 31.09757235 31.40359389 31.67975966
 31.94006456 32.13785897]
mrr: [12.29310892 15.18398612 16.11324663 16.56551473 16.86500532 17.06419921
 17.20134911 17.30129593 17.38702757 17.44953807 17.50348199 17.54235668
 17.57874339 17.60446732 17.62804093 17.64868339 17.66668466 17.6820272
 17.69572746 17.70561718]
pre: [12.29310892  9.03743166  6.95421495  5.66792932  4.83383404  4.22738893
  3.76062612  3.39049467  3.09950468  2.85206471  2.64673003  2.46504388
  2.31181183  2.17240635  2.05115287  1.94359827  1.84727023  1.75998665
  1.68105603  1.60689295]
-------------------------------------------------------
epoch:  17
start training:  2022-07-09 14:53:22.976841
[0/3933] Loss: 5.5676
[787/3933] Loss: 5.6977
[1574/3933] Loss: 5.7836
[2361/3933] Loss: 7.5612
[3148/3933] Loss: 3.7371
	Loss:	21141.625
start predicting:  2022-07-09 15:01:29.006456
hit: [12.29310892 18.07486332 20.86264485 22.67171727 24.1691702  25.36433356
 26.32438283 27.12395738 27.89554216 28.52064712 29.11403034 29.58052658
 30.05355377 30.41368887 30.76729302 31.09757235 31.40359389 31.67975966
 31.94006456 32.13785897]
mrr: [12.29310892 15.18398612 16.11324663 16.56551473 16.86500532 17.06419921
 17.20134911 17.30129593 17.38702757 17.44953807 17.50348199 17.54235668
 17.57874339 17.60446732 17.62804093 17.64868339 17.66668466 17.6820272
 17.69572746 17.70561718]
pre: [12.29310892  9.03743166  6.95421495  5.66792932  4.83383404  4.22738893
  3.76062612  3.39049467  3.09950468  2.85206471  2.64673003  2.46504388
  2.31181183  2.17240635  2.05115287  1.94359827  1.84727023  1.75998665
  1.68105603  1.60689295]
-------------------------------------------------------
epoch:  18
start training:  2022-07-09 15:04:20.653674
[0/3933] Loss: 5.5676
[787/3933] Loss: 5.6977
[1574/3933] Loss: 5.7836
[2361/3933] Loss: 7.5612
[3148/3933] Loss: 3.7371
	Loss:	21141.623
start predicting:  2022-07-09 15:14:32.823882
hit: [12.29310892 18.07486332 20.86264485 22.67171727 24.1691702  25.36433356
 26.32344983 27.12395738 27.89554216 28.52064712 29.11403034 29.58052658
 30.05355377 30.41368887 30.76729302 31.09757235 31.40359389 31.67975966
 31.94006456 32.13785897]
mrr: [12.29310892 15.18398612 16.11324663 16.56551473 16.86500532 17.06419921
 17.20121582 17.30127927 17.38701091 17.4495214  17.50346533 17.54234002
 17.57872673 17.60445066 17.62802427 17.64866673 17.666668   17.68201054
 17.6957108  17.70560052]
pre: [12.29310892  9.03743166  6.95421495  5.66792932  4.83383404  4.22738893
  3.76049283  3.39049467  3.09950468  2.85206471  2.64673003  2.46504388
  2.31181183  2.17240635  2.05115287  1.94359827  1.84727023  1.75998665
  1.68105603  1.60689295]
-------------------------------------------------------
epoch:  19
start training:  2022-07-09 15:17:14.089009
[0/3933] Loss: 5.5676
[787/3933] Loss: 5.6977
[1574/3933] Loss: 5.7836
[2361/3933] Loss: 7.5612
[3148/3933] Loss: 3.7371
	Loss:	21141.619
start predicting:  2022-07-09 15:27:20.551884
hit: [12.29310892 18.07486332 20.86264485 22.67171727 24.1691702  25.36433356
 26.32344983 27.12395738 27.89554216 28.52064712 29.11403034 29.58052658
 30.05355377 30.41368887 30.76822601 31.09757235 31.40359389 31.67882667
 31.94006456 32.13785897]
mrr: [12.29310892 15.18398612 16.11324663 16.56551473 16.86500532 17.06419921
 17.20121582 17.30127927 17.38701091 17.4495214  17.50346533 17.54234002
 17.57872673 17.60445066 17.62808647 17.64867062 17.66667189 17.6819626
 17.69571196 17.70560168]
pre: [12.29310892  9.03743166  6.95421495  5.66792932  4.83383404  4.22738893
  3.76049283  3.39049467  3.09950468  2.85206471  2.64673003  2.46504388
  2.31181183  2.17240635  2.05121507  1.94359827  1.84727023  1.75993481
  1.68105603  1.60689295]
-------------------------------------------------------
epoch:  20
start training:  2022-07-09 15:30:07.880178
[0/3933] Loss: 5.5676
[787/3933] Loss: 5.6977
[1574/3933] Loss: 5.7836
[2361/3933] Loss: 7.5612
[3148/3933] Loss: 3.7371
	Loss:	21141.617
start predicting:  2022-07-09 15:38:11.501003
hit: [12.29310892 18.07486332 20.86264485 22.67171727 24.1691702  25.36433356
 26.32344983 27.12395738 27.89554216 28.52064712 29.11403034 29.58052658
 30.05355377 30.41368887 30.76822601 31.09757235 31.40359389 31.67882667
 31.94006456 32.13785897]
mrr: [12.29310892 15.18398612 16.11324663 16.56551473 16.86500532 17.06419921
 17.20121582 17.30127927 17.38701091 17.4495214  17.50346533 17.54234002
 17.57872673 17.60445066 17.62808647 17.64867062 17.66667189 17.6819626
 17.69571196 17.70560168]
pre: [12.29310892  9.03743166  6.95421495  5.66792932  4.83383404  4.22738893
  3.76049283  3.39049467  3.09950468  2.85206471  2.64673003  2.46504388
  2.31181183  2.17240635  2.05121507  1.94359827  1.84727023  1.75993481
  1.68105603  1.60689295]
-------------------------------------------------------
epoch:  21
start training:  2022-07-09 15:41:10.988235
[0/3933] Loss: 5.5676
[787/3933] Loss: 5.6977
[1574/3933] Loss: 5.7836
[2361/3933] Loss: 7.5612
[3148/3933] Loss: 3.7371
	Loss:	21141.615
start predicting:  2022-07-09 15:49:41.055554
hit: [12.29310892 18.07486332 20.86264485 22.67171727 24.1691702  25.36433356
 26.32344983 27.12395738 27.89554216 28.52064712 29.11403034 29.58052658
 30.05355377 30.41368887 30.76822601 31.09757235 31.40359389 31.67882667
 31.94006456 32.13785897]
mrr: [12.29310892 15.18398612 16.11324663 16.56551473 16.86500532 17.06419921
 17.20121582 17.30127927 17.38701091 17.4495214  17.50346533 17.54234002
 17.57872673 17.60445066 17.62808647 17.64867062 17.66667189 17.6819626
 17.69571196 17.70560168]
pre: [12.29310892  9.03743166  6.95421495  5.66792932  4.83383404  4.22738893
  3.76049283  3.39049467  3.09950468  2.85206471  2.64673003  2.46504388
  2.31181183  2.17240635  2.05121507  1.94359827  1.84727023  1.75993481
  1.68105603  1.60689295]
-------------------------------------------------------
epoch:  22
start training:  2022-07-09 15:52:28.144369
[0/3933] Loss: 5.5676
[787/3933] Loss: 5.6977
[1574/3933] Loss: 5.7836
[2361/3933] Loss: 7.5612
[3148/3933] Loss: 3.7371
	Loss:	21141.617
start predicting:  2022-07-09 16:03:10.458961
hit: [12.29310892 18.07486332 20.86264485 22.67171727 24.1691702  25.36433356
 26.32344983 27.12395738 27.89554216 28.52064712 29.11403034 29.58052658
 30.05355377 30.41368887 30.76822601 31.09757235 31.40359389 31.67882667
 31.94006456 32.13785897]
mrr: [12.29310892 15.18398612 16.11324663 16.56551473 16.86500532 17.06419921
 17.20121582 17.30127927 17.38701091 17.4495214  17.50346533 17.54234002
 17.57872673 17.60445066 17.62808647 17.64867062 17.66667189 17.6819626
 17.69571196 17.70560168]
pre: [12.29310892  9.03743166  6.95421495  5.66792932  4.83383404  4.22738893
  3.76049283  3.39049467  3.09950468  2.85206471  2.64673003  2.46504388
  2.31181183  2.17240635  2.05121507  1.94359827  1.84727023  1.75993481
  1.68105603  1.60689295]
-------------------------------------------------------
epoch:  23
start training:  2022-07-09 16:05:51.093216
[0/3933] Loss: 5.5676
[787/3933] Loss: 5.6977
[1574/3933] Loss: 5.7836
[2361/3933] Loss: 7.5612
[3148/3933] Loss: 3.7371
	Loss:	21141.617
start predicting:  2022-07-09 16:15:32.815594
hit: [12.29310892 18.07486332 20.86264485 22.67171727 24.1691702  25.36433356
 26.32344983 27.12395738 27.89554216 28.52064712 29.11403034 29.58052658
 30.05355377 30.41368887 30.76822601 31.09757235 31.40359389 31.67882667
 31.94006456 32.13785897]
mrr: [12.29310892 15.18398612 16.11324663 16.56551473 16.86500532 17.06419921
 17.20121582 17.30127927 17.38701091 17.4495214  17.50346533 17.54234002
 17.57872673 17.60445066 17.62808647 17.64867062 17.66667189 17.6819626
 17.69571196 17.70560168]
pre: [12.29310892  9.03743166  6.95421495  5.66792932  4.83383404  4.22738893
  3.76049283  3.39049467  3.09950468  2.85206471  2.64673003  2.46504388
  2.31181183  2.17240635  2.05121507  1.94359827  1.84727023  1.75993481
  1.68105603  1.60689295]
-------------------------------------------------------
epoch:  24
start training:  2022-07-09 16:18:22.390206
[0/3933] Loss: 5.5676
[787/3933] Loss: 5.6977
[1574/3933] Loss: 5.7836
[2361/3933] Loss: 7.5612
[3148/3933] Loss: 3.7371
	Loss:	21141.617
start predicting:  2022-07-09 16:26:02.560125
hit: [12.29310892 18.07486332 20.86264485 22.67171727 24.1691702  25.36433356
 26.32344983 27.12395738 27.89554216 28.52064712 29.11403034 29.58052658
 30.05355377 30.41368887 30.76822601 31.09757235 31.40359389 31.67882667
 31.94006456 32.13785897]
mrr: [12.29310892 15.18398612 16.11324663 16.56551473 16.86500532 17.06419921
 17.20121582 17.30127927 17.38701091 17.4495214  17.50346533 17.54234002
 17.57872673 17.60445066 17.62808647 17.64867062 17.66667189 17.6819626
 17.69571196 17.70560168]
pre: [12.29310892  9.03743166  6.95421495  5.66792932  4.83383404  4.22738893
  3.76049283  3.39049467  3.09950468  2.85206471  2.64673003  2.46504388
  2.31181183  2.17240635  2.05121507  1.94359827  1.84727023  1.75993481
  1.68105603  1.60689295]
-------------------------------------------------------
Run time: 16592.426150 s
