nohup: ignoring input
2022-07-06_15-19-00
Namespace(data_size=1, drop_portion=1, output='display', slide_step=1, valid_portion=8, windowLenth=5)
lastfm
============================================
+++++++++++++ start top_n_item is: 50 ++++++++++++++++
+++++++++++++ start top_n_item is: 50 ++++++++++++++++
------------------------------
Test records (next-item):248402
------------------------------
Test records (next-new):107182
~~~~~~~~~~~~~ testing next item epoch: 49 ~~~~~~~~~~~~~
recall_all_avg_next: [0.02789833 0.04562765 0.06544633 0.08774889 0.1121247  0.13556654
 0.15593272 0.17422968 0.18899204 0.20217229 0.21340005 0.223561
 0.23154403 0.23871788 0.24532009 0.25126207 0.25691017 0.26236504
 0.26739318 0.27238106 0.27693014 0.28052914 0.28468772 0.28843568
 0.29207494 0.29537202 0.29839534 0.30147905 0.30463925 0.30740493]
MRR_all_avg_next: [0.02789833 0.03676299 0.04336922 0.04894486 0.05382002 0.05772699
 0.06063645 0.06292356 0.06456383 0.06588185 0.06690256 0.0677493
 0.06836338 0.0688758  0.06931595 0.06968732 0.07001956 0.07032261
 0.07058725 0.07083664 0.07105327 0.07121686 0.07139767 0.07155383
 0.0716994  0.07182621 0.07193819 0.07204832 0.07215729 0.07224948]
record_num: 248402
=========== testing next new item epoch: 49 ===========
recall_all_avg_next_new: [0.00361068 0.01082271 0.02408987 0.04185404 0.06287436 0.08361479
 0.10170551 0.11742643 0.13016178 0.14204811 0.15149932 0.15998955
 0.16640854 0.17312608 0.17850012 0.18351962 0.1880353  0.19248568
 0.19674945 0.20047209 0.20419473 0.20731093 0.21061372 0.21361796
 0.21652889 0.21943983 0.22194025 0.22458995 0.22724898 0.22936687]
MRR_all_avg_next_new: [0.00361068 0.0072167  0.01163908 0.01608013 0.02028419 0.02374093
 0.02632532 0.02829043 0.02970547 0.0308941  0.0317533  0.03246082
 0.03295459 0.03343442 0.03379268 0.0341064  0.03437203 0.03461928
 0.03484368 0.03502982 0.03520708 0.03534873 0.03549233 0.03561751
 0.03573394 0.0358459  0.03593851 0.03603314 0.03612483 0.03619543]
record_num_new: 107182
~~~~~~~~~~~~~ testing next item epoch: 99 ~~~~~~~~~~~~~
recall_all_avg_next: [0.02758834 0.04582894 0.06475391 0.0852006  0.10796209 0.13029283
 0.15015982 0.16668143 0.18046956 0.19313049 0.20401204 0.21366575
 0.22199097 0.22925339 0.23580728 0.24189419 0.24767917 0.25265094
 0.25794881 0.26284007 0.26702281 0.27118944 0.27521115 0.27883833
 0.28253798 0.2857787  0.28926498 0.29230441 0.29527943 0.29833496]
MRR_all_avg_next: [0.02758834 0.03670864 0.04301696 0.04812864 0.05268094 0.05640273
 0.05924087 0.06130607 0.06283808 0.06410418 0.06509341 0.06589788
 0.06653829 0.06705703 0.06749396 0.06787439 0.06821468 0.06849089
 0.06876973 0.06901429 0.06921347 0.06940286 0.06957772 0.06972885
 0.06987683 0.07000148 0.0701306  0.07023915 0.07034174 0.07044359]
record_num: 248402
=========== testing next new item epoch: 99 ===========
recall_all_avg_next_new: [0.00216454 0.00755724 0.01843593 0.03407289 0.05277005 0.07249352
 0.0902297  0.1044765  0.11758504 0.12859435 0.13743912 0.14559348
 0.1527402  0.15850609 0.16384281 0.16894628 0.17383516 0.17782837
 0.18249333 0.18643989 0.19006923 0.19358661 0.19671213 0.1997257
 0.20272061 0.20486649 0.20753485 0.20992331 0.21243306 0.21471889]
MRR_all_avg_next_new: [0.00216454 0.00486089 0.00848712 0.01239636 0.01613579 0.01942304
 0.02195678 0.02373763 0.02519413 0.02629506 0.02709913 0.02777866
 0.02832841 0.02874026 0.02909604 0.02941501 0.02970259 0.02992443
 0.03016996 0.03036729 0.03054011 0.03069999 0.03083589 0.03096145
 0.03108125 0.03116378 0.03126261 0.03134791 0.03143445 0.03151065]
record_num_new: 107182
------------- end top_n_item is: 50 -----------------
------------- end top_n_item is: 50 -----------------
30Music
============================================
+++++++++++++ start top_n_item is: 50 ++++++++++++++++
+++++++++++++ start top_n_item is: 50 ++++++++++++++++
------------------------------
Test records (next-item):616081
------------------------------
Test records (next-new):337035
~~~~~~~~~~~~~ testing next item epoch: 49 ~~~~~~~~~~~~~
recall_all_avg_next: [0.04142637 0.06107476 0.08137242 0.10384349 0.12961607 0.15436282
 0.17556945 0.19233835 0.20670983 0.21881376 0.22882381 0.23799793
 0.24582482 0.25258205 0.25900815 0.26449606 0.26963338 0.2744282
 0.2792701  0.28362342 0.28781767 0.29147466 0.29490278 0.2983731
 0.30154476 0.30457521 0.30747256 0.31025141 0.31283224 0.31551046]
MRR_all_avg_next: [0.04142637 0.05125057 0.05801645 0.06363422 0.06878874 0.07291319
 0.07594271 0.07803882 0.07963566 0.08084605 0.08175605 0.08252056
 0.08312263 0.08360529 0.0840337  0.08437669 0.08467889 0.08494527
 0.0852001  0.08541777 0.0856175  0.08578372 0.08593277 0.08607737
 0.08620423 0.08632079 0.0864281  0.08652734 0.08661634 0.08670561]
record_num: 616081
=========== testing next new item epoch: 49 ===========
recall_all_avg_next_new: [0.00369398 0.011616   0.02647203 0.04650852 0.07246428 0.09838147
 0.1204326  0.13776611 0.15229576 0.16443396 0.17452787 0.1840699
 0.19192665 0.19841559 0.20471168 0.21007907 0.21479075 0.21953506
 0.22416366 0.22848666 0.23256042 0.23618615 0.23948255 0.24294509
 0.24588248 0.24886436 0.25167416 0.25446912 0.25697034 0.25954278]
MRR_all_avg_next_new: [0.00369398 0.00765499 0.012607   0.01761612 0.02280728 0.02712681
 0.03027697 0.03244366 0.03405806 0.03527188 0.03618951 0.03698468
 0.03758904 0.03805254 0.03847228 0.03880774 0.0390849  0.03934847
 0.03959208 0.03980823 0.04000222 0.04016703 0.04031035 0.04045462
 0.04057212 0.0406868  0.04079087 0.04089069 0.04097694 0.04106269]
record_num_new: 337035
~~~~~~~~~~~~~ testing next item epoch: 99 ~~~~~~~~~~~~~
recall_all_avg_next: [0.04090047 0.06126143 0.08051052 0.10230148 0.12588929 0.1490778
 0.16862393 0.18499191 0.19783113 0.20876638 0.21832519 0.22658222
 0.23422569 0.24076055 0.2468604  0.25242135 0.25753107 0.26243789
 0.26702171 0.27127764 0.27507584 0.2786744  0.28214309 0.28538455
 0.28856757 0.29162399 0.29450673 0.29728558 0.30003685 0.30256736]
MRR_all_avg_next: [0.04090047 0.05108095 0.05749731 0.06294505 0.06766261 0.07152736
 0.07431967 0.07636567 0.07779225 0.07888577 0.07975475 0.08044284
 0.0810308  0.08149757 0.08190423 0.08225179 0.08255236 0.08282496
 0.08306622 0.08327901 0.08345988 0.08362345 0.08377426 0.08390932
 0.08403665 0.0841542  0.08426097 0.08436021 0.08445508 0.08453943]
record_num: 616081
=========== testing next new item epoch: 99 ===========
recall_all_avg_next_new: [0.00248936 0.00842642 0.02042815 0.03887727 0.06219532 0.08585755
 0.10625603 0.12277063 0.13578115 0.14712715 0.1565327  0.16488792
 0.17259928 0.17884493 0.18477903 0.19033038 0.19525569 0.19995253
 0.20449805 0.20868456 0.21215007 0.21570163 0.21915825 0.22220244
 0.22534455 0.22823149 0.23098195 0.23357515 0.23619802 0.23872595]
MRR_all_avg_next_new: [0.00248936 0.00545789 0.00945846 0.01407074 0.01873435 0.02267806
 0.02559213 0.02765645 0.02910207 0.03023667 0.03109172 0.03178799
 0.03238117 0.03282728 0.03322289 0.03356985 0.03385957 0.03412051
 0.03435975 0.03456907 0.0347341  0.03489553 0.03504582 0.03517266
 0.03529835 0.03540938 0.03551125 0.03560387 0.03569431 0.03577857]
record_num_new: 337035
------------- end top_n_item is: 50 -----------------
------------- end top_n_item is: 50 -----------------
xiami
============================================
+++++++++++++ start top_n_item is: 10 ++++++++++++++++
+++++++++++++ start top_n_item is: 10 ++++++++++++++++
------------------------------
Test records (next-item):612641
------------------------------
Test records (next-new):218593
~~~~~~~~~~~~~ testing next item epoch: 49 ~~~~~~~~~~~~~
recall_all_avg_next: [0.13387286 0.16561249 0.18591475 0.20409832 0.22206969 0.24019777
 0.2540101  0.26490881 0.27366272 0.28165598 0.28838586 0.29430123
 0.29957838 0.30430709 0.30844818 0.31235422 0.31593217 0.31931098
 0.32265878 0.32568992 0.32853172 0.33139473 0.33404881 0.3364352
 0.33884608 0.34106924 0.34307857 0.34515809 0.34697645 0.34889111]
MRR_all_avg_next: [0.13387286 0.14974267 0.15651009 0.16105599 0.16465026 0.16767161
 0.1696448  0.17100713 0.17197979 0.17277912 0.17339092 0.17388387
 0.17428981 0.17462757 0.17490364 0.17514777 0.17535824 0.17554595
 0.17572215 0.17587371 0.17600903 0.17613917 0.17625456 0.176354
 0.17645043 0.17653594 0.17661036 0.17668463 0.17674733 0.17681115]
record_num: 612641
=========== testing next new item epoch: 49 ===========
recall_all_avg_next_new: [0.00158743 0.00493611 0.01091984 0.01965754 0.03084728 0.04260429
 0.05124592 0.05864323 0.06406884 0.0689958  0.07370776 0.07752764
 0.08121944 0.08458642 0.08766063 0.09075771 0.0933287  0.09598661
 0.09851642 0.10123837 0.10347998 0.10590001 0.10792203 0.10981138
 0.11175106 0.1134986  0.11519125 0.11697081 0.11856281 0.12018683]
MRR_all_avg_next_new: [0.00158743 0.00326177 0.00525634 0.00744077 0.00967872 0.01163822
 0.01287274 0.0137974  0.01440025 0.01489294 0.0153213  0.01563963
 0.01592361 0.01616411 0.01636906 0.01656262 0.01671386 0.01686152
 0.01699467 0.01713077 0.01723751 0.01734751 0.01743542 0.01751415
 0.01759174 0.01765895 0.01772164 0.01778519 0.01784009 0.01789423]
record_num_new: 218593
~~~~~~~~~~~~~ testing next item epoch: 99 ~~~~~~~~~~~~~
recall_all_avg_next: [0.13330319 0.16663266 0.18778861 0.20557717 0.22254469 0.24017165
 0.25348777 0.26347567 0.27201901 0.27949484 0.28573504 0.29108401
 0.29655377 0.30107681 0.30506283 0.30891664 0.31254683 0.31581138
 0.3190286  0.32209728 0.32491949 0.32754256 0.33008238 0.33246061
 0.33470499 0.33689387 0.33891627 0.34096151 0.34293983 0.34503894]
MRR_all_avg_next: [0.13330319 0.14996793 0.15701991 0.16146705 0.16486055 0.16779838
 0.16970068 0.17094917 0.17189843 0.17264601 0.1732133  0.17365905
 0.1740798  0.17440288 0.17466861 0.17490947 0.17512301 0.17530438
 0.17547371 0.17562714 0.17576153 0.17588076 0.17599119 0.17609028
 0.17618006 0.17626424 0.17633915 0.17641219 0.17648041 0.17655038]
record_num: 612641
=========== testing next new item epoch: 99 ===========
recall_all_avg_next_new: [0.00132209 0.00395255 0.00963892 0.01730614 0.02701367 0.03788319
 0.04621374 0.05241705 0.05802565 0.06330486 0.06746785 0.07123741
 0.07521284 0.07837396 0.08110049 0.08390937 0.08691953 0.08935785
 0.09174127 0.09418874 0.09650355 0.09861706 0.10059791 0.10238205
 0.10431716 0.1060098  0.10753318 0.10928529 0.11077665 0.11251046]
MRR_all_avg_next_new: [0.00132209 0.00263732 0.00453278 0.00644958 0.00839109 0.01020267
 0.01139275 0.01216817 0.01279134 0.01331927 0.01369772 0.01401185
 0.01431765 0.01454345 0.01472522 0.01490077 0.01507784 0.0152133
 0.01533874 0.01546112 0.01557135 0.01566742 0.01575354 0.01582788
 0.01590528 0.01597038 0.01602681 0.01608938 0.01614081 0.0161986 ]
record_num_new: 218593
------------- end top_n_item is: 10 -----------------
------------- end top_n_item is: 10 -----------------
