nohup: ignoring input
================	 dataset: 30Music 	================
================	 参数 	================
Namespace(batch_size=100, cuda_device='1', dataset='30Music', detail='default', device='cuda', dropout_rate=0.5, hidden_units=100, hist_length=5, inference_only=False, l2_emb=0.0, lr=0.001, maxlen=5, mode='next-new-item', num_blocks=2, num_epochs=100, num_heads=1, output='display', state_dict_path=None, train_dir=None, valid_portion=8)
------------train data preprocess------------
3000
------------test data preprocess------------
================	 Total train records: 2504978  	================
================	 Total test records: 337035  	================
loss in epoch 1 : 0.6583606004714966 
loss in epoch 2 : 0.533312976360321 
loss in epoch 3 : 0.5239545106887817 
loss in epoch 4 : 0.49791401624679565 
loss in epoch 5 : 0.42211031913757324 
start predicting:  2022-07-05 17:13:13.533502
hit: [0.7993235123948551, 2.475410565668254, 4.4737193466553915, 6.414764045277197, 8.169477947394187, 9.927158900410937, 11.580696366846173, 13.065111931995194, 14.41779043719495, 15.596599759668877, 16.6368478051241, 17.567314967288265, 18.337858085955464, 19.045203020457816, 19.711009242363552, 20.311243639384635, 20.848873262420817, 21.40638212648538, 21.912561009984127, 22.377201180886257]
mrr: [0.7993235123948551, 1.6373670390315547, 2.303469966027042, 2.7887311406826742, 3.13967392110631, 3.432620746609142, 3.6688403846711486, 3.8543923303148233, 4.004689942003941, 4.122570874251643, 4.217138878384283, 4.2946778085648285, 4.353950356154807, 4.404474994333794, 4.448862075794428, 4.486376725608271, 4.5180019975517975, 4.548974712221905, 4.5756157060901375, 4.598847714635129]
pre: [0.7993235123948551, 1.237705282834127, 1.491239782218464, 1.6036910113192993, 1.6338955894788376, 1.6545264834018227, 1.654385195263739, 1.6331389914993992, 1.6019767152438833, 1.5596599759668877, 1.512440709556736, 1.4639429139406888, 1.4106044681504204, 1.3603716443184155, 1.3140672828242368, 1.2694527274615397, 1.2264043095541657, 1.18924345147141, 1.1532926847360065, 1.118860059044313]
----------------------------------------------
loss in epoch 6 : 0.463264524936676 
loss in epoch 7 : 0.4021889567375183 
loss in epoch 8 : 0.41573527455329895 
loss in epoch 9 : 0.48815441131591797 
loss in epoch 10 : 0.44926899671554565 
start predicting:  2022-07-05 19:15:04.897727
hit: [0.711202100672037, 2.7706321301941936, 5.127063954782145, 7.4467043482130935, 9.63816814277449, 11.69018054504725, 13.491477146290444, 15.107629771388728, 16.524989986203213, 17.776492055721217, 18.901301051819544, 19.915142344266915, 20.769653003397273, 21.56956992597208, 22.269497233225035, 22.89584167816399, 23.487471627575772, 23.99424392125447, 24.510510777812392, 24.944887029536993]
mrr: [0.711202100672037, 1.7409171154331153, 2.526394390295546, 3.1063044886535978, 3.544597247566375, 3.886599314611734, 4.143927400503421, 4.345946478640763, 4.503430946953763, 4.628581153905897, 4.730836517188011, 4.815323291558882, 4.881054880722987, 4.938191803764225, 4.984853624247946, 5.024000152056568, 5.05880191378687, 5.086955930102123, 5.114127869920736, 5.135846682506791]
pre: [0.711202100672037, 1.3853160650970968, 1.7090213182607148, 1.8616760870532734, 1.9276336285548978, 1.9483634241745418, 1.927353878041492, 1.888453721423591, 1.8361099984670237, 1.7776492055721216, 1.7183000956199586, 1.6595951953555763, 1.5976656156459441, 1.5406835661408629, 1.484633148881669, 1.4309901048852494, 1.3816159780926924, 1.333013551180804, 1.2900268830427575, 1.2472443514768496]
----------------------------------------------
loss in epoch 11 : 0.426271915435791 
loss in epoch 12 : 0.39839407801628113 
loss in epoch 13 : 0.44587528705596924 
loss in epoch 14 : 0.4073610007762909 
loss in epoch 15 : 0.4576510190963745 
start predicting:  2022-07-05 21:18:38.322503
hit: [0.7405759045796431, 3.1791950390908954, 5.736199504502499, 8.244841040248046, 10.60305309537585, 12.686219532096073, 14.566439687272835, 16.238966279466524, 17.664930941890308, 18.88260863115107, 19.984571335321256, 20.938478199593515, 21.760054593736555, 22.53178453276366, 23.208568842998503, 23.834616582847477, 24.430103698428947, 24.987019152313557, 25.50328600887148, 25.9717833459433]
mrr: [0.7405759045796431, 1.9598854718352694, 2.8122202936390983, 3.4393806775757554, 3.911023088601919, 4.25821749472176, 4.526820374032499, 4.7358861980567575, 4.894326716104151, 5.016094485030496, 5.116272912682662, 5.195765151372121, 5.258963335537048, 5.314086902610577, 5.359205856626368, 5.398333840366858, 5.433362494224791, 5.464302241662549, 5.49147418148116, 5.514899048334552]
pre: [0.7405759045796431, 1.5895975195454477, 1.9120665015008333, 2.0612102600620115, 2.1206106190751703, 2.1143699220160124, 2.0809199553246907, 2.0298707849333155, 1.9627701046544788, 1.8882608631151068, 1.8167792123019324, 1.7448731832994595, 1.6738503533643505, 1.60941318091169, 1.5472379228665667, 1.4896635364279673, 1.4370649234369968, 1.3881677306840865, 1.3422782109932359, 1.298589167297165]
----------------------------------------------
loss in epoch 16 : 0.40656232833862305 
loss in epoch 17 : 0.3928006887435913 
loss in epoch 18 : 0.47265172004699707 
loss in epoch 19 : 0.33219826221466064 
loss in epoch 20 : 0.3905501365661621 
start predicting:  2022-07-05 23:19:36.010118
hit: [0.6859821680240924, 3.0453810435118016, 5.573308410105775, 8.064147640452772, 10.396843057842657, 12.631922500630498, 14.494637055498687, 16.12948210126545, 17.597578886465797, 18.80516860266738, 19.951340365243965, 20.931950687614044, 21.79951637070334, 22.615752073226815, 23.33852567240791, 23.984749358375243, 24.58735739611613, 25.127954070052073, 25.654902309849124, 26.114795199311644]
mrr: [0.6859821680240924, 1.865681605767947, 2.708324061299161, 3.331033868886207, 3.797572952364756, 4.170086192829197, 4.43618827209585, 4.640543902816752, 4.803665767839309, 4.924424739459769, 5.0286221724216205, 5.110339699285924, 5.177075521062177, 5.2353780712426, 5.2835629778548405, 5.323951958227758, 5.359399489859808, 5.3894326384115585, 5.417166756295372, 5.44016140076831]
pre: [0.6859821680240924, 1.5226905217559008, 1.8577694700352585, 2.016036910113193, 2.0793686115685315, 2.10532041677175, 2.0706624364998123, 2.016185262658181, 1.955286542940644, 1.880516860266738, 1.8137582150221787, 1.7443292239678372, 1.6768858746694877, 1.615410862373344, 1.5559017114938607, 1.4990468348984527, 1.4463151409480077, 1.3959974483362263, 1.3502580163078488, 1.3057397599655822]
----------------------------------------------
loss in epoch 21 : 0.37686407566070557 
loss in epoch 22 : 0.39075982570648193 
loss in epoch 23 : 0.35871630907058716 
loss in epoch 24 : 0.4078841209411621 
loss in epoch 25 : 0.3925800919532776 
start predicting:  2022-07-06 01:20:13.512711
hit: [0.7168394973815776, 3.4963727802750455, 6.31447772486537, 9.045351373002804, 11.538860949159583, 13.795006453335708, 15.677600249232276, 17.26022519916329, 18.75176168647173, 20.035011200617145, 21.156259735635764, 22.0846499621701, 22.962303618318572, 23.757473259453764, 24.462147848146333, 25.111338585013424, 25.66024300146869, 26.18837806162565, 26.655391873247584, 27.130713427388848]
mrr: [0.7168394973815776, 2.1066061388283117, 3.045974453691831, 3.728692865726472, 4.2273947809586, 4.603419031654335, 4.872361002496458, 5.070189121237953, 5.235915397605753, 5.364240349020415, 5.466172034022336, 5.543537886233541, 5.611049705937322, 5.667847537447056, 5.714825843359973, 5.7554002644141296, 5.787688759499958, 5.817029596175099, 5.841609270470763, 5.865375348177622]
pre: [0.7168394973815776, 1.7481863901375227, 2.104825908288457, 2.261337843250701, 2.307772189831917, 2.2991677422226178, 2.2396571784617536, 2.1575281498954113, 2.083529076274637, 2.0035011200617148, 1.9232963396032514, 1.8403874968475085, 1.766331047562967, 1.696962375675269, 1.630809856543089, 1.569458661563339, 1.5094260589099229, 1.4549098923125359, 1.4029153617498729, 1.3565356713694423]
----------------------------------------------
loss in epoch 26 : 0.35670602321624756 
loss in epoch 27 : 0.393806517124176 
loss in epoch 28 : 0.40453600883483887 
loss in epoch 29 : 0.40968698263168335 
loss in epoch 30 : 0.4089277684688568 
start predicting:  2022-07-06 03:24:40.431362
hit: [0.6945866156333912, 2.8462919281380272, 5.3255596599759665, 7.791178957675019, 10.09153352025754, 12.19398578782619, 14.031480410046434, 15.695105849540848, 17.11068583381548, 18.41144094826947, 19.481656207812247, 20.487783167920245, 21.35801919681932, 22.128265610396546, 22.806533446081268, 23.450383491328793, 24.044090376370406, 24.593588203005623, 25.115195751183112, 25.595264586763985]
mrr: [0.6945866156333912, 1.7704392718857092, 2.596861849164839, 3.213266673589935, 3.6733375861069595, 4.023746297368264, 4.2862455291138035, 4.494198709050663, 4.651485373970348, 4.781560885416106, 4.878853181738581, 4.962697095081044, 5.029638328073448, 5.0846559290434135, 5.12987378475595, 5.170114412583863, 5.205038346998301, 5.235566004033353, 5.263019032884572, 5.287022474663412]
pre: [0.6945866156333912, 1.4231459640690136, 1.7751865533253224, 1.9477947394187547, 2.018306704051508, 2.0323309646376986, 2.0044972014352047, 1.961888231192606, 1.9011873148683867, 1.8411440948269469, 1.7710596552556586, 1.7073152639933538, 1.6429245536014863, 1.5805904007426104, 1.5204355630720845, 1.4656489682080496, 1.4143582574335534, 1.3663104557225345, 1.321852407957006, 1.2797632293381993]
----------------------------------------------
loss in epoch 31 : 0.3887929916381836 
loss in epoch 32 : 0.36181333661079407 
loss in epoch 33 : 0.48189738392829895 
loss in epoch 34 : 0.3390774726867676 
loss in epoch 35 : 0.4618169963359833 
start predicting:  2022-07-06 05:28:48.801203
hit: [0.7174329075615292, 3.361668669426024, 6.189268176895575, 8.882163573516104, 11.409497529930126, 13.631225243669055, 15.550017060542674, 17.277137389291912, 18.75057486611183, 20.027890278457726, 21.11917159938879, 22.063287195691842, 22.916907739552272, 23.67320901390063, 24.38174076876289, 25.031228210719956, 25.588440369694542, 26.140905247229515, 26.6515347070779, 27.090361535152134]
mrr: [0.7174329075615292, 2.0395507884937767, 2.9820839576503433, 3.6553078068057596, 4.160774598089292, 4.531062550378841, 4.805175667074802, 5.0210657081685826, 5.1847809833710246, 5.312512524605821, 5.411719917417963, 5.49039621710994, 5.556059335868496, 5.610080855464925, 5.657316305789194, 5.697909270911439, 5.730686456733722, 5.761378949929832, 5.788254184658474, 5.810195526061988]
pre: [0.7174329075615292, 1.680834334713012, 2.063089392298525, 2.220540893379026, 2.281899505986025, 2.2718708739448426, 2.2214310086489535, 2.159642173661489, 2.0833972073457585, 2.0027890278457727, 1.9199246908535261, 1.8386072663076536, 1.7628390568886363, 1.6909435009929024, 1.6254493845841926, 1.5644517631699972, 1.5052023746879142, 1.452272513734973, 1.4027123530041, 1.3545180767576068]
----------------------------------------------
loss in epoch 36 : 0.4034765064716339 
loss in epoch 37 : 0.3689016103744507 
loss in epoch 38 : 0.3557213246822357 
loss in epoch 39 : 0.43610990047454834 
loss in epoch 40 : 0.3424450159072876 
start predicting:  2022-07-06 07:29:47.300030
hit: [0.7399824943996914, 3.2857121663922144, 6.109751212782055, 8.890471316035427, 11.409794235020101, 13.612236117910603, 15.539038972213568, 17.239159137775008, 18.691827258296616, 19.903274140667882, 21.036984289465487, 22.009880279496194, 22.87863278294539, 23.612087765365615, 24.32922396783717, 24.960018989125757, 25.560846796326793, 26.126960108000652, 26.655391873247584, 27.133087068108654]
mrr: [0.7399824943996914, 2.012847330395953, 2.954193679192594, 3.649373705006242, 4.1532382888039185, 4.52031193595208, 4.79556948656653, 5.0080845072618185, 5.16949207620888, 5.290636764446191, 5.393701323428034, 5.474775989263986, 5.54160310491397, 5.593992746515505, 5.641801826680408, 5.681226515510923, 5.71656932769948, 5.748020067236625, 5.775832265407268, 5.799717025150123]
pre: [0.7399824943996914, 1.6428560831961072, 2.0365837375940186, 2.2226178290088567, 2.28195884700402, 2.268706019651767, 2.219862710316224, 2.154894892221876, 2.0768696953662906, 1.9903274140667884, 1.912453117224135, 1.8341566899580162, 1.7598948294573378, 1.6865776975261153, 1.6219482645224779, 1.5600011868203598, 1.5035792233133407, 1.451497783777814, 1.4029153617498729, 1.3566543534054327]
----------------------------------------------
loss in epoch 41 : 0.3520234227180481 
loss in epoch 42 : 0.38205164670944214 
loss in epoch 43 : 0.40430641174316406 
loss in epoch 44 : 0.41665464639663696 
loss in epoch 45 : 0.4021747410297394 
start predicting:  2022-07-06 09:32:33.228338
hit: [0.7542243387185307, 3.4097348940021064, 6.309730443425757, 9.147714629044462, 11.699675107926476, 13.946326049223375, 15.90012906671414, 17.596985476285845, 19.06389544112629, 20.32785912442328, 21.436942750752888, 22.37215719435667, 23.219546931327606, 24.01323304701292, 24.693577818327473, 25.368285192932486, 25.931431453706587, 26.488940317771153, 26.94823979705372, 27.388846855667808]
mrr: [0.7542243387185307, 2.081979616360319, 3.0486447995016275, 3.7581408459066012, 4.268532941683779, 4.642974765232934, 4.922089482017102, 5.134196533213693, 5.29718652930725, 5.423582897637053, 5.52440868184901, 5.602343218816038, 5.667527044736927, 5.724218910143087, 5.769575228230806, 5.811744439143581, 5.844870689777587, 5.875843404447539, 5.90001706125167, 5.922047414182186]
pre: [0.7542243387185307, 1.7048674470010532, 2.103243481141919, 2.2869286572611154, 2.3399350215852954, 2.3243876748705623, 2.271447009530591, 2.1996231845357306, 2.118210604569588, 2.032785912442328, 1.9488129773411718, 1.8643464328630557, 1.7861189947175082, 1.7152309319294945, 1.6462385212218316, 1.5855178245582804, 1.52537832080627, 1.4716077954317306, 1.4183284103712483, 1.3694423427833904]
----------------------------------------------
loss in epoch 46 : 0.4388720989227295 
loss in epoch 47 : 0.401176393032074 
loss in epoch 48 : 0.38850247859954834 
loss in epoch 49 : 0.42007774114608765 
loss in epoch 50 : 0.3290945589542389 
start predicting:  2022-07-06 11:33:30.102027
hit: [0.6957734359932944, 3.26049223374427, 6.121619416381088, 8.886910854955717, 11.356980729004405, 13.490587031020517, 15.396620529025176, 17.013663269393387, 18.3963089886807, 19.65166822436839, 20.769356298307297, 21.679350809263134, 22.53326805821354, 23.312118919400064, 23.970210808966428, 24.594775023365525, 25.169492782648685, 25.71483673802424, 26.22220244188289, 26.681798626255432]
mrr: [0.6957734359932944, 1.978132834868782, 2.9318418957477386, 3.62316475539171, 4.11717873020216, 4.472779780537926, 4.745070280252652, 4.947200622798738, 5.1008279249420045, 5.226363848510984, 5.327971855232998, 5.403804731146047, 5.469490673373055, 5.5251228777436046, 5.568995670381456, 5.608030933781351, 5.641837860798273, 5.672134747207754, 5.6988382053053535, 5.721818014523775]
pre: [0.6957734359932944, 1.630246116872135, 2.0405398054603627, 2.2217277137389293, 2.2713961458008813, 2.248431171836753, 2.199517218432168, 2.1267079086741734, 2.0440343320756336, 1.9651668224368388, 1.888123299846118, 1.8066125674385944, 1.7333283121702723, 1.6651513513857188, 1.5980140539310952, 1.5371734389603453, 1.4805583989793345, 1.4286020410013467, 1.3801159179938363, 1.3340899313127716]
----------------------------------------------
loss in epoch 51 : 0.4359956979751587 
loss in epoch 52 : 0.31630873680114746 
loss in epoch 53 : 0.36625903844833374 
loss in epoch 54 : 0.3830071687698364 
loss in epoch 55 : 0.4038011431694031 
start predicting:  2022-07-06 13:53:17.922104
hit: [0.6690699778954708, 3.219250226237631, 6.086904920853917, 8.758140845906212, 11.28992537866987, 13.405135965107482, 15.260432892726275, 16.929992434020207, 18.267538979631194, 19.448425237734952, 20.51448662601807, 21.461865978310858, 22.29531057605293, 23.075644962689335, 23.703472933078167, 24.308751316628836, 24.875161333392676, 25.427032800747696, 25.9165961992078, 26.395774919518743]
mrr: [0.6690699778954708, 1.9441601020665509, 2.900045000271979, 3.5678539815353396, 4.074210888088791, 4.426745985828189, 4.691788404059218, 4.900483346721019, 5.0490996295669195, 5.167188255377513, 5.264102927039927, 5.3430512063977424, 5.407162329301052, 5.462900499775197, 5.504755697801231, 5.542585596773079, 5.575903833053536, 5.606563359017434, 5.6323298536729896, 5.656288789688331]
pre: [0.6690699778954708, 1.6096251131188155, 2.0289683069513056, 2.189535211476553, 2.2579850757339743, 2.2341893275179134, 2.180061841818039, 2.116249054252526, 2.029726553292355, 1.9448425237734954, 1.8649533296380063, 1.7884888315259049, 1.71502389046561, 1.6482603544778096, 1.5802315288718778, 1.5192969572893023, 1.463244784317216, 1.412612933374872, 1.3640313789056735, 1.3197887459759372]
----------------------------------------------
loss in epoch 56 : 0.36872047185897827 
loss in epoch 57 : 0.3427024185657501 
loss in epoch 58 : 0.3057321608066559 
loss in epoch 59 : 0.30492088198661804 
loss in epoch 60 : 0.37882810831069946 
start predicting:  2022-07-06 16:11:08.363103
hit: [0.6708502084353257, 2.79288501194238, 5.319328853086475, 7.8033438663640275, 10.078478496298604, 12.164611983918585, 14.096458824751139, 15.783227261263667, 17.227290934175976, 18.46099069829543, 19.561766582105715, 20.52071743290756, 21.388876526176805, 22.148144851424927, 22.894654857804085, 23.493702434465263, 24.070497129378253, 24.595368433545477, 25.103624252674056, 25.623451570311687]
mrr: [0.6708502084353257, 1.7318676101888528, 2.5740155572366916, 3.195019310556421, 3.650046236543852, 3.9977351511470824, 4.273713271265822, 4.4845593258299346, 4.6450108450427, 4.768380821454993, 4.868451356347273, 4.948363927247587, 5.015145395960737, 5.06937884776434, 5.119146181523157, 5.156586655064433, 5.1905157547654035, 5.21967527166333, 5.2464255779330395, 5.27241694381471]
pre: [0.6708502084353257, 1.39644250597119, 1.7731096176954915, 1.9508359665910069, 2.015695699259721, 2.0274353306530974, 2.0137798321073057, 1.9729034076579584, 1.914143437130664, 1.846099069829543, 1.7783424165550652, 1.7100597860756301, 1.6452981943212928, 1.5820103465303519, 1.5263103238536058, 1.468356402154079, 1.4159115958457797, 1.3664093574191931, 1.3212433817196871, 1.2811725785155845]
----------------------------------------------
loss in epoch 61 : 0.43106210231781006 
loss in epoch 62 : 0.3572338819503784 
loss in epoch 63 : 0.32409971952438354 
loss in epoch 64 : 0.3525236248970032 
loss in epoch 65 : 0.3481748700141907 
start predicting:  2022-07-06 18:28:43.325113
hit: [0.6972569614431735, 3.1845357307104605, 6.006201136380494, 8.787514649813817, 11.400299672140875, 13.610159182280771, 15.544973074013084, 17.208005103327547, 18.631596125031525, 19.84185618704289, 20.973786105300636, 21.96626463126975, 22.7448187873663, 23.4981530108149, 24.20757488094708, 24.830952274986277, 25.402406278279702, 25.948640348925185, 26.41951132671681, 26.91204177607667]
mrr: [0.6972569614431735, 1.940896346076817, 2.8814514813001315, 3.5767798596587945, 4.099336864124936, 4.467646782481347, 4.744048767014309, 4.951927770678706, 5.110104550868257, 5.2311305570695925, 5.334033276911492, 5.4167398207423325, 5.476628601980572, 5.530438189369852, 5.577732980712106, 5.616694067839521, 5.6503090092099555, 5.680655346467787, 5.705438029509243, 5.730064551977018]
pre: [0.6972569614431735, 1.5922678653552302, 2.002067045460165, 2.196878662453454, 2.280059934428175, 2.268359863713462, 2.2207104391447263, 2.1510006379159434, 2.0701773472257248, 1.9841856187042888, 1.9067078277546032, 1.8305220526058124, 1.7496014451820228, 1.6784395007724928, 1.613838325396472, 1.5519345171866423, 1.4942591928399827, 1.4415911304958438, 1.39050059614299, 1.3456020888038334]
----------------------------------------------
loss in epoch 66 : 0.3815006911754608 
loss in epoch 67 : 0.3932894766330719 
loss in epoch 68 : 0.3409077525138855 
loss in epoch 69 : 0.3345620334148407 
loss in epoch 70 : 0.35525956749916077 
start predicting:  2022-07-06 20:44:33.886232
hit: [0.7002240123429317, 3.163766374412153, 5.8875191003901675, 8.58872223953002, 11.105078107614936, 13.370718174670287, 15.262509828356105, 16.88281632471405, 18.342902072485053, 19.5926239114632, 20.681531591674457, 21.59864702478971, 22.439805954871154, 23.23349207055647, 23.897221356832375, 24.516148174521934, 25.0748438589464, 25.627308736481375, 26.156630616998235, 26.64144673401872]
mrr: [0.7002240123429317, 1.9319951933775423, 2.8399127687035164, 3.515213553488768, 4.018484727106432, 4.396091404948719, 4.666347355475038, 4.868885667519831, 5.031117417272446, 5.156089601170479, 5.2550812084627, 5.331507494555707, 5.396212027638946, 5.452903893045187, 5.497152512130375, 5.535835438235944, 5.56869989026114, 5.599392383457272, 5.627251429800018, 5.651492235650831]
pre: [0.7002240123429317, 1.5818831872060766, 1.9625063667967224, 2.147180559882505, 2.2210156215229873, 2.2284530291117144, 2.180358546908015, 2.110352040589256, 2.038100230276117, 1.95926239114632, 1.8801392356067685, 1.7998872520658091, 1.7261389196054735, 1.6595351478968907, 1.5931480904554918, 1.5322592609076209, 1.4749908152321412, 1.4237393742489652, 1.3766647693156966, 1.3320723367009362]
----------------------------------------------
loss in epoch 71 : 0.3572234809398651 
loss in epoch 72 : 0.37784337997436523 
loss in epoch 73 : 0.4417682886123657 
loss in epoch 74 : 0.3420487642288208 
loss in epoch 75 : 0.3055708110332489 
start predicting:  2022-07-06 23:01:31.115624
hit: [0.6788612458646728, 3.168810360941742, 6.003234085480736, 8.780393727654397, 11.402376607770707, 13.686115685314581, 15.610841603987716, 17.239159137775008, 18.638420342100968, 19.907428011927543, 20.97348940021066, 21.895945524945482, 22.754313350245525, 23.533757621611997, 24.200453958787662, 24.821161007017075, 25.408933790259173, 25.95279422018485, 26.482116100701706, 26.96515198718234]
mrr: [0.6788612458646728, 1.9238358034032075, 2.8686437115828585, 3.5629336221265837, 4.087330198150588, 4.46795337774097, 4.742914223265468, 4.9464539149889655, 5.101927382136539, 5.228828149119399, 5.325742820781779, 5.4026141645097185, 5.468642458763635, 5.524317049575628, 5.568763472054121, 5.607557662568418, 5.642132532171153, 5.672347000500171, 5.700206046842925, 5.724357841166759]
pre: [0.6788612458646728, 1.584405180470871, 2.0010780284935787, 2.1950984319135993, 2.280475321554141, 2.2810192808857637, 2.2301202291411024, 2.154894892221876, 2.0709355935667744, 1.9907428011927544, 1.9066808545646055, 1.82466212707879, 1.7503317961727325, 1.6809826872579998, 1.6133635972525109, 1.5513225629385672, 1.4946431641328926, 1.4418219011213804, 1.3937955842474583, 1.348257599359117]
----------------------------------------------
loss in epoch 76 : 0.4096182584762573 
loss in epoch 77 : 0.419155478477478 
loss in epoch 78 : 0.3913550078868866 
loss in epoch 79 : 0.33324065804481506 
loss in epoch 80 : 0.48407965898513794 
start predicting:  2022-07-07 01:19:41.382254
hit: [0.6675864524455917, 3.180678564540775, 6.0216298010592375, 8.777723381844616, 11.318705772397525, 13.668610085006009, 15.641402228255226, 17.291675938700727, 18.76956399187028, 19.9729998368122, 21.06724820864302, 22.04014419867373, 22.884863589834882, 23.659560579761745, 24.37254291097364, 25.006304983161986, 25.574198525375703, 26.121026006201138, 26.599908021422106, 27.052086578545254]
mrr: [0.6675864524455917, 1.9241325084931833, 2.8711162539993222, 3.5601396491959902, 4.06833612730726, 4.459986846075087, 4.741814295110444, 4.948098508916201, 5.112308292601911, 5.232651877096289, 5.332129001808423, 5.413203667644374, 5.478182082349136, 5.533517581629725, 5.581049737043978, 5.620659866555698, 5.654065369039107, 5.684444673529184, 5.709648990119539, 5.732257917975519]
pre: [0.6675864524455917, 1.5903392822703875, 2.007209933686412, 2.194430845461154, 2.263741154479505, 2.2781016808343346, 2.2344860326078892, 2.161459492337591, 2.085507110207809, 1.99729998368122, 1.915204382603911, 1.8366786832228106, 1.7603741222949911, 1.6899686128401248, 1.6248361940649092, 1.562894061447624, 1.5043646191397473, 1.4511681114556187, 1.3999951590222162, 1.3526043289272627]
----------------------------------------------
loss in epoch 81 : 0.3425563871860504 
loss in epoch 82 : 0.343762069940567 
loss in epoch 83 : 0.3598952293395996 
loss in epoch 84 : 0.3487582802772522 
loss in epoch 85 : 0.3889606297016144 
start predicting:  2022-07-07 03:36:54.401704
hit: [0.6601688251961962, 3.1421069028439184, 5.948937054015162, 8.711854851869983, 11.25877134422241, 13.48257599359117, 15.426884448202708, 17.143026688622843, 18.587683771715103, 19.837108905603277, 20.941148545403298, 21.952319492040886, 22.805346625721363, 23.565801771329387, 24.274630231281616, 24.90097467622057, 25.441868055246488, 25.997003278591244, 26.485083151601465, 26.99571261144985]
mrr: [0.6601688251961962, 1.9011378640200574, 2.8367479144104273, 3.5274773638744787, 4.036860662345659, 4.407494770573584, 4.685253121232134, 4.899770901284716, 5.060288354961857, 5.185230868350872, 5.28559810833295, 5.369862353886161, 5.435479825707803, 5.489798050394179, 5.537053281057789, 5.576199808866413, 5.60801706645639, 5.638857912197501, 5.664546326566235, 5.690077799558436]
pre: [0.6601688251961962, 1.5710534514219592, 1.982979018005054, 2.177963712967496, 2.251754268844482, 2.2470959989318615, 2.2038406354575297, 2.1428783360778554, 2.065298196857234, 1.9837108905603276, 1.903740776854845, 1.8293599576700739, 1.7542574327477973, 1.6832715550949562, 1.618308682085441, 1.5563109172637857, 1.4965804738380286, 1.4442779599217357, 1.3939517448211298, 1.3497856305724925]
----------------------------------------------
loss in epoch 86 : 0.27872684597969055 
loss in epoch 87 : 0.3990257978439331 
loss in epoch 88 : 0.3794519901275635 
loss in epoch 89 : 0.3491156995296478 
loss in epoch 90 : 0.28507599234580994 
start predicting:  2022-07-07 05:55:54.186716
hit: [0.6165531769697509, 2.9029626003234084, 5.488450754372692, 8.155532808165324, 10.643701692702539, 12.92120996335692, 14.775913480795763, 16.511638257154303, 18.000504398652957, 19.27633628554898, 20.38245286097883, 21.373447861498065, 22.217277137389292, 22.961413503048643, 23.69041790911923, 24.325070096577505, 24.90245820167045, 25.45581319447535, 25.955464565994628, 26.449478540804368]
mrr: [0.6165531769697509, 1.7597578886465797, 2.621587273329511, 3.288357786778006, 3.7859915636860455, 4.16557627546161, 4.430533920809785, 4.647499517854663, 4.812929089132582, 4.940512277822502, 5.041068330134651, 5.123651246844716, 5.188561191144172, 5.241713788691415, 5.290314082429606, 5.329979844145696, 5.363943850327853, 5.3946857943723, 5.420983234978348, 5.445683933718623]
pre: [0.6165531769697509, 1.4514813001617042, 1.829483584790897, 2.038883202041331, 2.1287403385405077, 2.15353499389282, 2.1108447829708235, 2.063954782144288, 2.000056044294773, 1.9276336285548978, 1.8529502600889844, 1.7811206551248386, 1.7090213182607148, 1.6401009645034745, 1.5793611939412822, 1.520316881036094, 1.464850482451203, 1.4142118441375195, 1.36607708242077, 1.3224739270402184]
----------------------------------------------
loss in epoch 91 : 0.29901424050331116 
loss in epoch 92 : 0.39869898557662964 
loss in epoch 93 : 0.3162119388580322 
loss in epoch 94 : 0.3124016523361206 
loss in epoch 95 : 0.36886098980903625 
start predicting:  2022-07-07 08:04:16.507843
hit: [0.6607622353761479, 3.4064711380123724, 6.488940317771151, 9.436408681590933, 12.069666355126323, 14.223448603260788, 16.23154865221713, 17.96282285222603, 19.39323809099945, 20.661058940466123, 21.720296111679797, 22.66352159271292, 23.48480128176599, 24.24258608156423, 24.95556841277612, 25.592297535864226, 26.134377735250048, 26.67645793463587, 27.188274214844157, 27.643123117777087]
mrr: [0.6607622353761479, 2.0336166866942604, 3.06110641328061, 3.7979735042358866, 4.324625038943788, 4.683588746965888, 4.970460182530843, 5.186869457532071, 5.345804484062572, 5.47258656900932, 5.568880857301662, 5.647482980721092, 5.710658341417544, 5.764785827117482, 5.812317982531686, 5.852113552724647, 5.884000623277013, 5.914116189909284, 5.941053888867362, 5.9637963340138125]
pre: [0.6607622353761479, 1.7032355690061862, 2.162980105923717, 2.3591021703977333, 2.4139332710252646, 2.3705747672101314, 2.318792664602447, 2.2453528565282537, 2.1548042323332726, 2.066105894046612, 1.9745723737890724, 1.8886267993927435, 1.8065231755204607, 1.7316132915403022, 1.6637045608517413, 1.5995185959915141, 1.53731633736765, 1.4820254408131037, 1.4309618007812714, 1.3821561558888542]
----------------------------------------------
loss in epoch 96 : 0.32214558124542236 
loss in epoch 97 : 0.3793606162071228 
loss in epoch 98 : 0.37699756026268005 
loss in epoch 99 : 0.3867354393005371 
loss in epoch 100 : 0.38294386863708496 
start predicting:  2022-07-07 09:30:54.689855
hit: [0.6325752518284451, 3.0154138294242436, 5.6727046152476746, 8.359665910068687, 10.9018351209815, 13.13632115358939, 15.043244766863976, 16.808640052220095, 18.213835358345573, 19.465040722773598, 20.529618585606837, 21.506075036717256, 22.368300028186983, 23.186315961250315, 23.90463898408177, 24.534247185010457, 25.132701351491686, 25.663506757458425, 26.174136217306806, 26.64085332383877]
mrr: [0.6325752518284451, 1.8239945406263445, 2.7097581359007115, 3.381498459606285, 3.889932301789492, 4.2623466405573085, 4.534764299596306, 4.755438710265878, 4.911571522057891, 5.0366920585009485, 5.133471864213372, 5.214843235139383, 5.281168234483319, 5.339597943987971, 5.387486145510228, 5.426836658068208, 5.462039844332041, 5.491529033552172, 5.518404268280798, 5.541740123607182]
pre: [0.6325752518284451, 1.5077069147121218, 1.8909015384158916, 2.0899164775171717, 2.1803670241963, 2.189386858931565, 2.149034966694854, 2.101080006527512, 2.0237594842606192, 1.9465040722773599, 1.8663289623278942, 1.792172919726438, 1.720638463706691, 1.656165425803594, 1.5936425989387848, 1.5333904490631536, 1.4783941971465697, 1.425750375414357, 1.3775861167003582, 1.3320426661919385]
----------------------------------------------
Done
