nohup: ignoring input
================	 dataset: xiami 	================
================	 参数 	================
Namespace(batch_size=100, cuda_device='0', dataset='xiami', detail='SASRec', device='cuda', dropout_rate=0.5, hidden_units=100, hist_length=5, inference_only=False, l2_emb=0.0, lr=0.001, maxlen=5, mode='next-new-item', num_blocks=2, num_epochs=100, num_heads=1, output='display', state_dict_path=None, train_dir=None, valid_portion=8)
------------train data preprocess------------
4000
------------test data preprocess------------
================	 Total train records: 2502354  	================
================	 Total test records: 218593  	================
loss in epoch 1 : 0.5485535860061646 
loss in epoch 2 : 0.46989595890045166 
loss in epoch 3 : 0.44205185770988464 
loss in epoch 4 : 0.4400961399078369 
loss in epoch 5 : 0.4536629617214203 
start predicting:  2022-07-06 22:40:52.538844
hit: [0.3943401664280192, 1.1660940652262424, 2.0787490907760082, 2.8967075798401596, 3.7242729639100975, 4.549550992026277, 5.23575777815392, 5.94666800858216, 6.518964468212614, 7.08897357188931, 7.560626369554377, 8.020842387450651, 8.430736574364229, 8.803575594826915, 9.144849103127731, 9.459589282364943, 9.760147854688851, 10.041035165810433, 10.317347765024497, 10.568956919937968]
mrr: [0.3943401664280192, 0.7802171158271308, 1.0844354576770459, 1.28892507994311, 1.4544381567570757, 1.5919844947764026, 1.6900140356518274, 1.778877814455357, 1.8424663099699017, 1.8994672203375345, 1.9423447473979616, 1.980696082222671, 2.0122264042928966, 2.0388577628973503, 2.061609330117385, 2.0812805913197074, 2.098960507338746, 2.114565357956633, 2.1291081263363436, 2.1416885840820403]
pre: [0.3943401664280192, 0.5830470326131212, 0.6929163635920028, 0.7241768949600399, 0.7448545927820196, 0.7582584986710462, 0.7479653968791315, 0.74333350107277, 0.7243293853569571, 0.708897357188931, 0.6873296699594889, 0.6684035322875542, 0.6485181980280177, 0.6288268282019226, 0.6096566068751821, 0.591224330147809, 0.5741263443934618, 0.5578352869894685, 0.543018303422342, 0.5284478459968983]
----------------------------------------------
loss in epoch 6 : 0.4548770785331726 
loss in epoch 7 : 0.35037028789520264 
loss in epoch 8 : 0.43884891271591187 
loss in epoch 9 : 0.3579598069190979 
loss in epoch 10 : 0.4785694479942322 
start predicting:  2022-07-06 23:47:54.587737
hit: [0.367806837364417, 1.3349009346136427, 2.3422524966490235, 3.3427419908231277, 4.332709647609942, 5.221118700049864, 6.011171446478158, 6.725283975241659, 7.370775825392396, 7.973722854803219, 8.474653808676399, 8.938987067289437, 9.375872054457371, 9.76518003778712, 10.133444346342289, 10.477005210596863, 10.814161478180912, 11.106028097880536, 11.385542995429862, 11.648131458921375]
mrr: [0.367806837364417, 0.8513538859890298, 1.1871377400008316, 1.437260113544383, 1.6352536449017059, 1.7833218203083052, 1.8961864983695467, 1.9854505644649665, 2.057171881148438, 2.117466584089509, 2.1630057617143077, 2.2017001999320573, 2.235306737406464, 2.263114450501418, 2.287665404405079, 2.3091379584209895, 2.3289706800435646, 2.345185492249126, 2.3598968026464773, 2.373026225821078]
pre: [0.367806837364417, 0.6674504673068213, 0.7807508322163412, 0.8356854977057819, 0.8665419295219884, 0.8701864500083107, 0.8587387780683083, 0.8406604969052074, 0.8189750917102662, 0.7973722854803219, 0.7704230735160362, 0.7449155889407865, 0.7212209272659516, 0.6975128598419371, 0.6755629564228193, 0.6548128256623039, 0.6361271457753478, 0.6170015609933631, 0.5992391050226243, 0.5824065729460687]
----------------------------------------------
loss in epoch 11 : 0.38728398084640503 
loss in epoch 12 : 0.4381837248802185 
loss in epoch 13 : 0.44766858220100403 
loss in epoch 14 : 0.32864096760749817 
loss in epoch 15 : 0.4142632782459259 
start predicting:  2022-07-07 01:27:50.402812
hit: [0.40440453262455794, 1.4995905632842772, 2.7393374902215535, 3.8724936297136687, 4.792925665506215, 5.714272643680264, 6.607713879218457, 7.323198821554213, 8.0336515807917, 8.656269871404849, 9.167265191474566, 9.645780057000911, 10.100963891798914, 10.518177617764522, 10.866313193926613, 11.21856601080547, 11.529646420516668, 11.852621081187412, 12.157296894228086, 12.41256581866757]
mrr: [0.40440453262455794, 0.9519975479544176, 1.3652465236002147, 1.648535558473269, 1.8326219656317193, 1.9861797953273221, 2.1138142575470926, 2.2032498753390395, 2.282189070809933, 2.344450899871253, 2.390905019877553, 2.430781258671406, 2.4657953998096502, 2.495596380235737, 2.518805418646519, 2.5408212197014444, 2.5591200673314938, 2.5770631040354517, 2.5930986731428782, 2.60586211936488]
pre: [0.40440453262455794, 0.7497952816421386, 0.9131124967405178, 0.9681234074284172, 0.9585851331012429, 0.9523787739467107, 0.9439591256026366, 0.9153998526942766, 0.8926279534213, 0.8656269871404848, 0.833387744679506, 0.8038150047500758, 0.7769972224460703, 0.7512984012688944, 0.7244208795951075, 0.7011603756753418, 0.6782144953245098, 0.6584789489548563, 0.6398577312751624, 0.6206282909333785]
----------------------------------------------
loss in epoch 16 : 0.3339672088623047 
loss in epoch 17 : 0.3218209147453308 
loss in epoch 18 : 0.43761202692985535 
loss in epoch 19 : 0.4118208885192871 
loss in epoch 20 : 0.39915627241134644 
start predicting:  2022-07-07 02:44:28.525819
hit: [0.4112666004858344, 1.482664129226462, 2.6492156656434562, 3.8285763954014995, 4.864291171263489, 5.762764589899951, 6.593989743495904, 7.302155146779632, 7.960913661462169, 8.530465293948113, 9.075313482133463, 9.54193409670026, 9.98842597887398, 10.417991426989886, 10.81644883413467, 11.207129231036676, 11.541540671476215, 11.869090044054476, 12.158669307800341, 12.45922788012425]
mrr: [0.4112666004858344, 0.9469653648561482, 1.3358158769951742, 1.6306560594347166, 1.8377990146070518, 1.987544584379729, 2.1062910348934625, 2.194811710303917, 2.268007100824258, 2.324962264072855, 2.374493917544211, 2.4133789687580904, 2.4477244981560102, 2.4784077444499792, 2.504971571592944, 2.529389096399318, 2.5490603576016224, 2.567257544967106, 2.5824985588484854, 2.597526487464712]
pre: [0.4112666004858344, 0.741332064613231, 0.8830718885478187, 0.9571440988503749, 0.9728582342526979, 0.9604607649833252, 0.9419985347851291, 0.912769393347454, 0.8845459623846855, 0.8530465293948114, 0.8250284983757693, 0.7951611747250217, 0.7683404599133831, 0.7441422447849918, 0.7210965889423113, 0.7004455769397923, 0.6789141571456596, 0.6593938913363597, 0.639929963568439, 0.6229613940062124]
----------------------------------------------
loss in epoch 21 : 0.3377273678779602 
loss in epoch 22 : 0.418279767036438 
loss in epoch 23 : 0.35507839918136597 
loss in epoch 24 : 0.35853344202041626 
loss in epoch 25 : 0.45330989360809326 
start predicting:  2022-07-07 03:49:05.218847
hit: [0.3723815492719346, 1.376530812972053, 2.466684660533503, 3.577424711678782, 4.5559555886968015, 5.476387624489348, 6.298920825461017, 7.048258635912403, 7.754594154433125, 8.305846939288998, 8.82050202888473, 9.315485857278137, 9.740934064677276, 10.162722502550402, 10.53098681110557, 10.910687899429533, 11.237779800817044, 11.58179813626237, 11.879611881441766, 12.165073904470866]
mrr: [0.3723815492719346, 0.8744561811219939, 1.2378407969758276, 1.5155258097621724, 1.7112319851657207, 1.8646373244644214, 1.9821420674604104, 2.0758092937668104, 2.1542910180469614, 2.209416296532537, 2.2562031228593877, 2.297451775225493, 2.330178560409987, 2.3603063059723284, 2.384857259875987, 2.4085885778962295, 2.427829277977831, 2.4469414077248186, 2.4626158153658597, 2.4768889165173427]
pre: [0.3723815492719346, 0.6882654064860265, 0.8222282201778343, 0.8943561779196955, 0.9111911177393603, 0.9127312707482246, 0.8998458322087166, 0.8810323294890504, 0.8616215727147917, 0.8305846939288998, 0.8018638208077028, 0.7762904881065115, 0.7493026203597906, 0.7259087501821716, 0.7020657874070381, 0.6819179937143458, 0.6610458706362967, 0.6434332297923538, 0.6252427306021983, 0.6082536952235433]
----------------------------------------------
loss in epoch 26 : 0.3580353856086731 
loss in epoch 27 : 0.4315757155418396 
loss in epoch 28 : 0.34724217653274536 
loss in epoch 29 : 0.3642701506614685 
loss in epoch 30 : 0.33665531873703003 
start predicting:  2022-07-07 04:53:34.849018
hit: [0.38015855951471456, 1.4437790780125621, 2.6007237194237693, 3.6423856207655323, 4.631438335170842, 5.54455083191136, 6.41145873838595, 7.139752874062756, 7.7532217408608695, 8.352051529554926, 8.840173290087057, 9.347508840630761, 9.79125589565997, 10.187883418041748, 10.558892553741428, 10.935848814920881, 11.273005082504929, 11.612448706042738, 11.896995786690333, 12.169191145187632]
mrr: [0.38015855951471456, 0.9119688187636383, 1.2976170325673984, 1.558032507902863, 1.755843050783868, 1.9080284669072287, 2.0318724535465007, 2.1229092205060853, 2.191072427928148, 2.2509554067975492, 2.2953301123004373, 2.3376080748457384, 2.371742463694081, 2.400073001007038, 2.4248069433869945, 2.44836670971071, 2.4681994313332813, 2.487057410418739, 2.502033572558104, 2.5156433404829963]
pre: [0.38015855951471456, 0.7218895390062811, 0.8669079064745898, 0.9105964051913831, 0.9262876670341685, 0.9240918053185601, 0.9159226769122786, 0.8924691092578445, 0.8614690823178743, 0.8352051529554926, 0.8036521172806416, 0.7789590700525635, 0.7531735304353824, 0.7277059584315535, 0.7039261702494285, 0.6834905509325551, 0.6631179460297018, 0.6451360392245965, 0.6261576729837017, 0.6084595572593816]
----------------------------------------------
loss in epoch 31 : 0.4040095806121826 
loss in epoch 32 : 0.3757733106613159 
loss in epoch 33 : 0.3880896270275116 
loss in epoch 34 : 0.39086243510246277 
loss in epoch 35 : 0.39743220806121826 
start predicting:  2022-07-07 05:58:38.054965
hit: [0.3920528104742604, 1.555859519746744, 2.81893747741236, 3.947061433806206, 4.9841486232404515, 5.975031222408769, 6.7806379893226225, 7.5798401595659515, 8.217554999473908, 8.793511228630377, 9.309538731798366, 9.79125589565997, 10.21899145901287, 10.636205184978476, 11.048844199036566, 11.468802752146683, 11.810076260447499, 12.127561266829222, 12.400671567708024, 12.68796347550013]
mrr: [0.3920528104742604, 0.9739561651105022, 1.394982150999078, 1.6770131400975639, 1.884430577984347, 2.049577677845659, 2.1646643588333716, 2.2645646301137705, 2.335421834548049, 2.3930174574637033, 2.4399290486607605, 2.4800721456492143, 2.5129748812916874, 2.5427758617177707, 2.5702851293216216, 2.596532538891002, 2.6166074511439708, 2.634245507054091, 2.648619733416155, 2.6629843288057917]
pre: [0.3920528104742604, 0.777929759873372, 0.93964582580412, 0.9867653584515516, 0.9968297246480903, 0.9958385370681281, 0.9686625699032317, 0.9474800199457439, 0.913061666608212, 0.8793511228630377, 0.8463217028907605, 0.8159379913049976, 0.7860762660779129, 0.7597289417841768, 0.7365896132691043, 0.7168001720091677, 0.6947103682616176, 0.6737534037127345, 0.6526669246162118, 0.6343981737750065]
----------------------------------------------
loss in epoch 36 : 0.4391252398490906 
loss in epoch 37 : 0.3510517477989197 
loss in epoch 38 : 0.2905314266681671 
loss in epoch 39 : 0.44248634576797485 
loss in epoch 40 : 0.3726644515991211 
start predicting:  2022-07-07 07:02:46.942926
hit: [0.35133787449735354, 1.6313422662207848, 2.893962752695649, 4.025746478615509, 5.086622169968846, 5.98052087669779, 6.791617297900665, 7.535922925253782, 8.16586075491896, 8.735869858595654, 9.236800812468834, 9.721720274665703, 10.181021350180472, 10.566669563984208, 10.959637316839972, 11.338423462782432, 11.66505789297919, 11.996724506274218, 12.271207220725275, 12.570850850667679]
mrr: [0.35133787449735354, 0.9913400703590691, 1.4122135658507304, 1.6951594973307214, 1.9073346356013052, 2.056317753389392, 2.172188670704122, 2.2652268741232406, 2.3352199663083213, 2.3922208766760047, 2.4377600543008002, 2.478170009483845, 2.5135008614464547, 2.5410471624324047, 2.567245012622767, 2.5909191467441675, 2.6101329367557256, 2.6285588597165854, 2.6430053183719218, 2.657987499869077]
pre: [0.35133787449735354, 0.8156711331103924, 0.9646542508985496, 1.0064366196538772, 1.0173244339937693, 0.9967534794496317, 0.9702310425572378, 0.9419903656567228, 0.9073178616576622, 0.8735869858595655, 0.8397091647698941, 0.810143356222142, 0.7831554884754209, 0.7547621117131578, 0.7306424877893315, 0.708651466423902, 0.6861798760575993, 0.6664846947930121, 0.6458530116171197, 0.6285425425333839]
----------------------------------------------
loss in epoch 41 : 0.3367801010608673 
loss in epoch 42 : 0.31194406747817993 
loss in epoch 43 : 0.3664132058620453 
loss in epoch 44 : 0.36684584617614746 
loss in epoch 45 : 0.4496535658836365 
start predicting:  2022-07-07 08:08:18.970580
hit: [0.37695626117945225, 1.6647376631456634, 2.943827112487591, 4.067833828164671, 5.107208373552676, 6.079334653900171, 6.9105598074961225, 7.646630953415709, 8.30401705452599, 8.875856042965694, 9.406522624237738, 9.85621680474672, 10.360350056955163, 10.781681023637537, 11.188830383406605, 11.551147566482001, 11.92718888527995, 12.249706074759942, 12.558499128517381, 12.831609429396185]
mrr: [0.37695626117945225, 1.0208469621625578, 1.4472101119432448, 1.7282117908625392, 1.936086699940048, 2.098107746664574, 2.216854197178303, 2.3088630904182326, 2.381905990541658, 2.439089889385641, 2.4873323058648804, 2.5248068209072776, 2.563586301846323, 2.593681370895035, 2.620824661546286, 2.6434694854884953, 2.665589563064822, 2.683507184702622, 2.699759450689877, 2.713414965733849]
pre: [0.37695626117945225, 0.8323688315728317, 0.9812757041625304, 1.0169584570411678, 1.021441674710535, 1.0132224423166951, 0.9872228296423032, 0.9558288691769636, 0.922668561613999, 0.8875856042965694, 0.855138420385249, 0.8213514003955601, 0.7969500043811664, 0.7701200731169668, 0.7459220255604403, 0.7219467229051251, 0.7015993461929382, 0.6805392263755523, 0.66097363834302, 0.6415804714698092]
----------------------------------------------
loss in epoch 46 : 0.4089190363883972 
loss in epoch 47 : 0.369892954826355 
loss in epoch 48 : 0.374026358127594 
loss in epoch 49 : 0.36040085554122925 
loss in epoch 50 : 0.3634641766548157 
start predicting:  2022-07-07 09:12:40.062827
hit: [0.3700941933181758, 1.5860526183363604, 2.81116046716958, 4.053652221251367, 5.107665844743427, 6.038619717923264, 6.829129935542309, 7.581670044328958, 8.223502124953681, 8.759200889323996, 9.326007694665428, 9.815959339960566, 10.239577662596698, 10.638035069741482, 11.021853398782211, 11.414363680447224, 11.761584314227811, 12.06763254084074, 12.379627892933442, 12.666462329534797]
mrr: [0.3700941933181758, 0.978073405827268, 1.3864426887717096, 1.6970656272921867, 1.9078683519905186, 2.063027330853765, 2.175957361942228, 2.2700248755405377, 2.3413395511655737, 2.3949094276026135, 2.4464373189972477, 2.4872666227718185, 2.5198526475899232, 2.548313890957376, 2.5739017795600665, 2.5984336721641283, 2.61885841532767, 2.6358610945839676, 2.652281902588872, 2.6666236244189694]
pre: [0.3700941933181758, 0.7930263091681802, 0.9370534890565266, 1.0134130553128418, 1.0215331689486855, 1.0064366196538772, 0.9755899907917585, 0.9477087555411198, 0.9137224583281868, 0.8759200889323995, 0.8478188813332208, 0.8179966116633804, 0.787659820199746, 0.7598596478386773, 0.7347902265854808, 0.7133977300279515, 0.6918579008369301, 0.6704240300467078, 0.6515593627859707, 0.6333231164767399]
----------------------------------------------
loss in epoch 51 : 0.43799304962158203 
loss in epoch 52 : 0.39426863193511963 
loss in epoch 53 : 0.4012036919593811 
loss in epoch 54 : 0.40439096093177795 
loss in epoch 55 : 0.33497363328933716 
start predicting:  2022-07-07 10:16:27.080608
hit: [0.32205971828924074, 1.6372893917005578, 2.9584661905916474, 4.189063693713888, 5.25634398173775, 6.153902457992708, 6.989702323496178, 7.702442438687424, 8.33512509549711, 8.909708911081324, 9.441290434734873, 9.901048981440393, 10.329699487174794, 10.740051145279127, 11.134391311707144, 11.471547579291194, 11.816023385927272, 12.1220716125402, 12.461057764887256, 12.741945076008838]
mrr: [0.32205971828924074, 0.9796745549948992, 1.4200668212919685, 1.7277161970725565, 1.9411722546772379, 2.0907653340529997, 2.210165314839231, 2.2992578292381176, 2.3695559022170363, 2.427014283775463, 2.4753398768348416, 2.5136530890602904, 2.546626204885949, 2.5759370376076527, 2.6022263820361644, 2.6232986487601653, 2.6435619315034486, 2.6605646107597467, 2.6784059871990946, 2.692450352755203]
pre: [0.32205971828924074, 0.8186446958502789, 0.9861553968638825, 1.047265923428472, 1.05126879634755, 1.0256504096654513, 0.9985289033565968, 0.962805304835928, 0.9261250106107901, 0.8909708911081324, 0.8582991304304429, 0.8250874151200328, 0.794592268244215, 0.7671465103770805, 0.7422927541138097, 0.7169717237056996, 0.6950601991721924, 0.6734484229189001, 0.6558451455203819, 0.6370972538004419]
----------------------------------------------
loss in epoch 56 : 0.3324752449989319 
loss in epoch 57 : 0.4564964175224304 
loss in epoch 58 : 0.4223484396934509 
loss in epoch 59 : 0.34782862663269043 
loss in epoch 60 : 0.380953311920166 
start predicting:  2022-07-07 11:50:09.215113
hit: [0.37283902046268635, 1.6505560562323587, 2.896250108649408, 4.125475198199394, 5.2307255950556515, 6.228470262085245, 7.046886222340148, 7.819555063519875, 8.450865306757306, 9.033683603775053, 9.593170870064458, 10.040577694619682, 10.49438911584543, 10.878207444886158, 11.256993590828618, 11.620683187476269, 11.947317617673027, 12.276696875014297, 12.564446253997154, 12.878728962043615]
mrr: [0.37283902046268635, 1.0116975383475226, 1.426928889153247, 1.7342351615407647, 1.955285240911919, 2.12157601875013, 2.2384925845008397, 2.335076189648289, 2.4052217722302864, 2.46350360193207, 2.514366080685614, 2.5516499827318624, 2.586558553595323, 2.6139741485267773, 2.6392265582562544, 2.6619571580467305, 2.681170948058285, 2.699469795688376, 2.714614499845392, 2.7303286352477474]
pre: [0.37283902046268635, 0.8252780281161793, 0.965416702883136, 1.0313687995498484, 1.0461451190111302, 1.0380783770142075, 1.0066980317628782, 0.9774443829399844, 0.9389850340841452, 0.9033683603775052, 0.8721064427331325, 0.8367148078849734, 0.8072607012188792, 0.7770148174918684, 0.7504662393885745, 0.7262926992172668, 0.7027833892748839, 0.682038715278572, 0.6612866449472187, 0.6439364481021808]
----------------------------------------------
loss in epoch 61 : 0.39701351523399353 
loss in epoch 62 : 0.356769323348999 
loss in epoch 63 : 0.3780841827392578 
loss in epoch 64 : 0.32967323064804077 
loss in epoch 65 : 0.4040907621383667 
start predicting:  2022-07-07 13:29:10.691077
hit: [0.3540827016418641, 1.6125859473999624, 2.8280869012273953, 3.984116600257099, 4.954412995841587, 5.9000059471254795, 6.761424199311048, 7.521741318340477, 8.167690639681966, 8.754626177416478, 9.275685863682735, 9.74962601730156, 10.205267323290316, 10.628885645926447, 11.036492476886268, 11.386000466620615, 11.73550845635496, 12.04933369321067, 12.37642559459818, 12.652280722621493]
mrr: [0.3540827016418641, 0.9833343245209133, 1.3885013091300973, 1.677508733887545, 1.8715680130043755, 2.029166838218286, 2.1522265885305343, 2.247266228409197, 2.319038375224968, 2.3777319289984304, 2.425100991386234, 2.464596004187792, 2.499645335417633, 2.529903787034469, 2.5570775757651, 2.5789218251234933, 2.5994811186372595, 2.6169158540181567, 2.634131217249101, 2.647923973650295]
pre: [0.3540827016418641, 0.8062929736999812, 0.9426956337424651, 0.9960291500642747, 0.9908825991683173, 0.9833343245209133, 0.9659177427587212, 0.9402176647925596, 0.9075211821868852, 0.8754626177416477, 0.8432441694257031, 0.81246883477513, 0.7850205633300243, 0.7592061175661748, 0.7357661651257512, 0.7116250291637884, 0.6903240268444095, 0.6694074274005928, 0.6513908207683252, 0.6326140361310747]
----------------------------------------------
loss in epoch 66 : 0.36025965213775635 
loss in epoch 67 : 0.3371998071670532 
loss in epoch 68 : 0.35732710361480713 
loss in epoch 69 : 0.35878366231918335 
loss in epoch 70 : 0.3541896343231201 
start predicting:  2022-07-07 15:13:36.009958
hit: [0.3604872983123888, 1.3719561010645354, 2.5371352239092744, 3.58474425073081, 4.576541792280631, 5.4901117602119, 6.307155306894549, 7.0327046154268436, 7.713421747265466, 8.267876830456602, 8.78115950648008, 9.287122643451529, 9.70250648465413, 10.132529403960785, 10.526412099198053, 10.866313193926613, 11.19294762412337, 11.51729469836637, 11.830662464031327, 12.124816439684711]
mrr: [0.3604872983123888, 0.8662216996884621, 1.2546147406367267, 1.5165169973421384, 1.71487650565205, 1.8671381669738711, 1.98385867364287, 2.0745523372093926, 2.1501875740804004, 2.205633082399505, 2.2522951438561516, 2.294458738603771, 2.3264113417731456, 2.357127264580732, 2.383386110929859, 2.404629929350392, 2.4238437193619444, 2.441863001264357, 2.4583560415625345, 2.4730637403452325]
pre: [0.3604872983123888, 0.6859780505322677, 0.8457117413030915, 0.8961860626827025, 0.9153083584561262, 0.9150186267019834, 0.9010221866992212, 0.8790880769283554, 0.857046860807274, 0.8267876830456602, 0.7982872278618254, 0.773926886954294, 0.7463466526657022, 0.7237521002829133, 0.7017608066132035, 0.6791445746204133, 0.658408683771963, 0.6398497054647984, 0.622666445475333, 0.6062408219842356]
----------------------------------------------
loss in epoch 71 : 0.3270866870880127 
loss in epoch 72 : 0.33414745330810547 
loss in epoch 73 : 0.35277897119522095 
loss in epoch 74 : 0.40749073028564453 
loss in epoch 75 : 0.36497974395751953 
start predicting:  2022-07-07 16:35:11.751144
hit: [0.3783286747517075, 1.7091123686485843, 3.1080592699674736, 4.270493565667702, 5.354700287749379, 6.324539212143115, 7.1868724067101875, 7.957711363126907, 8.616469877809445, 9.241375524376352, 9.803150146619517, 10.305453514064952, 10.723124711221312, 11.113805108123316, 11.49670849478254, 11.881899237395524, 12.183830223291688, 12.472494544656051, 12.768020933881688, 13.059887553581314]
mrr: [0.3783286747517075, 1.043720521700146, 1.5100361554731636, 1.8006447293982462, 2.017486073814457, 2.1791258945466976, 2.3023163509134346, 2.398671220465506, 2.4718666109858556, 2.5343571756425622, 2.5854275958464417, 2.6272862098001997, 2.659414763427553, 2.68732050606338, 2.7128473985073045, 2.736921819920614, 2.754682466149783, 2.7707193728922688, 2.78627339337785, 2.800866724362863]
pre: [0.3783286747517075, 0.8545561843242921, 1.0360197566558247, 1.0676233914169255, 1.0709400575498758, 1.0540898686905191, 1.0266960581014553, 0.9947139203908634, 0.9573855419788272, 0.9241375524376353, 0.8911954678745015, 0.858787792838746, 0.8248557470170239, 0.7938432220088083, 0.7664472329855028, 0.7426187023372203, 0.7166958954877464, 0.6929163635920028, 0.6720011017832468, 0.6529943776790657]
----------------------------------------------
loss in epoch 76 : 0.33485811948776245 
loss in epoch 77 : 0.42985212802886963 
loss in epoch 78 : 0.3372318148612976 
loss in epoch 79 : 0.37462687492370605 
loss in epoch 80 : 0.3547019958496094 
start predicting:  2022-07-07 18:04:45.795454
hit: [0.38656315618523923, 1.413128508232194, 2.594776593943996, 3.6863028550777015, 4.689994647587068, 5.558274967633913, 6.3606794362125045, 7.080281619265027, 7.7532217408608695, 8.331922797161848, 8.858929608907879, 9.396915729231951, 9.860334045463487, 10.249184557602485, 10.63712012735998, 11.005384435915149, 11.34848782897897, 11.650876286065886, 11.951434858389792, 12.225002630459347]
mrr: [0.38656315618523923, 0.8998458322087166, 1.2937285274460124, 1.5666100927294615, 1.7673484512312732, 1.9120618379056888, 2.0266910477026694, 2.116641320584216, 2.1914124452060424, 2.249282550836143, 2.2971922609948328, 2.3420244376884902, 2.3776720004754712, 2.405447037056795, 2.4313094083739433, 2.454325927658638, 2.4745084801917927, 2.4913078389188668, 2.507126711146462, 2.5208050997499662]
pre: [0.38656315618523923, 0.706564254116097, 0.8649255313146654, 0.9215757137694254, 0.9379989295174136, 0.9263791612723189, 0.9086684908875007, 0.8850352024081284, 0.8614690823178743, 0.8331922797161849, 0.8053572371734435, 0.7830763107693293, 0.7584872342664221, 0.7320846112573204, 0.7091413418239987, 0.6878365272446968, 0.6675581075869982, 0.647270904781438, 0.6290228872836733, 0.6112501315229674]
----------------------------------------------
loss in epoch 81 : 0.3573029041290283 
loss in epoch 82 : 0.29658955335617065 
loss in epoch 83 : 0.28760093450546265 
loss in epoch 84 : 0.3693547248840332 
loss in epoch 85 : 0.4627423882484436 
start predicting:  2022-07-07 19:38:24.309875
hit: [0.3797010883239628, 1.4904411394692418, 2.6885581880481078, 3.782829276326323, 4.827236004812597, 5.781520908720774, 6.641566747334086, 7.399139039219005, 8.077568815103868, 8.67456871903492, 9.16772266266532, 9.66636626058474, 10.056589186295993, 10.485697163221147, 10.859451126065336, 11.195692451267881, 11.521869410273888, 11.82059809783479, 12.14540264326854, 12.438184205349668]
mrr: [0.3797010883239628, 0.9350711138966024, 1.3344434634229192, 1.6080112354925014, 1.8168925811896908, 1.975940065174317, 2.098803756404832, 2.193500292890431, 2.268881379099927, 2.3285813694930315, 2.3734135461866743, 2.4149671793466077, 2.444984327478191, 2.4756348972585234, 2.500551828114785, 2.521566910939941, 2.5407537908814533, 2.557349829079306, 2.5744448051547875, 2.589083883258874]
pre: [0.3797010883239628, 0.7452205697346209, 0.8961860626827025, 0.9457073190815808, 0.9654472009625193, 0.9635868181201289, 0.9487952496191552, 0.9248923799023756, 0.8975076461226521, 0.8674568719034919, 0.8334293329695744, 0.805530521715395, 0.7735837835612303, 0.7489783688015105, 0.7239634084043557, 0.6997307782042426, 0.6777570241337582, 0.656699894324155, 0.6392317180667653, 0.6219092102674834]
----------------------------------------------
loss in epoch 86 : 0.2991997003555298 
loss in epoch 87 : 0.4220074415206909 
loss in epoch 88 : 0.27852538228034973 
loss in epoch 89 : 0.38339763879776 
loss in epoch 90 : 0.36132562160491943 
start predicting:  2022-07-07 21:30:33.355798
hit: [0.37924361713321103, 1.628597439076274, 2.7946915043025164, 3.9273901726038805, 5.067408379957272, 6.069270287703632, 6.892260959866053, 7.622842451496617, 8.308591766433508, 8.90559167036456, 9.425736414249313, 9.883207605001076, 10.314145466689235, 10.700708622874474, 11.115634992886323, 11.479324589533974, 11.800011894250959, 12.12984862278298, 12.418512944147343, 12.724561170760271]
mrr: [0.37924361713321103, 1.0039205281047425, 1.3926185498468588, 1.6757932169222216, 1.9037968583928209, 2.070773843017159, 2.188343939040374, 2.2796666254941753, 2.3558609938205692, 2.4155609842136863, 2.462846870021356, 2.5009694692506517, 2.5341185355342994, 2.5617301895475046, 2.589391947548274, 2.6121225473387497, 2.630986506439731, 2.6493107691359783, 2.664503628155177, 2.6798060394858534]
pre: [0.37924361713321103, 0.814298719538137, 0.9315638347675055, 0.9818475431509701, 1.0134816759914544, 1.0115450479506054, 0.9846087085522932, 0.9528553064370772, 0.9231768629370566, 0.8905591670364559, 0.8568851285681194, 0.8236006337500896, 0.7933958051299411, 0.7643363302053197, 0.7410423328590882, 0.7174577868458734, 0.6941183467206447, 0.6738804790434989, 0.6536059444288075, 0.6362280585380136]
----------------------------------------------
loss in epoch 91 : 0.3901441693305969 
loss in epoch 92 : 0.32975512742996216 
loss in epoch 93 : 0.36349916458129883 
loss in epoch 94 : 0.317378431558609 
loss in epoch 95 : 0.37593555450439453 
start predicting:  2022-07-07 23:32:24.376447
hit: [0.36094476950314053, 1.4753445901744338, 2.6739191099440514, 3.819426971586464, 4.856056689829958, 5.720677240350789, 6.491516196767509, 7.198766657669733, 7.9238584950112765, 8.50347449369376, 9.011724986618967, 9.546051337417026, 9.973786900769923, 10.363552355290425, 10.7592649352907, 11.110145338597302, 11.434949884031052, 11.749232592077513, 12.066260127268485, 12.362243987684876]
mrr: [0.36094476950314053, 0.9181446798387871, 1.3176695197620203, 1.60404648517265, 1.8113724288212865, 1.955475853908033, 2.065595704824741, 2.1540020124374952, 2.2345677721421753, 2.292529372010424, 2.338733962276315, 2.3832611581761407, 2.4161638938186103, 2.4440042834271924, 2.470385122093853, 2.4923151473005123, 2.5114212970318914, 2.5288814474789403, 2.5455671072258563, 2.5603663002467023]
pre: [0.36094476950314053, 0.7376722950872169, 0.8913063699813504, 0.954856742896616, 0.9712113379659916, 0.9534462067251315, 0.9273594566810727, 0.8998458322087166, 0.8804287216679196, 0.850347449369376, 0.8192477260562698, 0.7955042781180856, 0.7672143769823019, 0.7402537396636019, 0.71728432901938, 0.6943840836623314, 0.672644110825356, 0.6527351440043063, 0.635066322487815, 0.6181121993842438]
----------------------------------------------
loss in epoch 96 : 0.42454734444618225 
loss in epoch 97 : 0.3991241455078125 
loss in epoch 98 : 0.33767232298851013 
loss in epoch 99 : 0.3351379632949829 
loss in epoch 100 : 0.35256174206733704 
start predicting:  2022-07-08 01:26:03.135710
hit: [0.39479763761877096, 1.6592480088566421, 2.973105268695704, 4.219714263494256, 5.281504897229097, 6.155274871564963, 7.002054045646475, 7.7179964591729835, 8.435311286271746, 9.031853719012044, 9.566637541000855, 10.0195340198451, 10.443609813671983, 10.863568366782102, 11.241897041533809, 11.588660204123645, 11.943200376956261, 12.228204928794609, 12.528763501118517, 12.8229174767719]
mrr: [0.39479763761877096, 1.0270228232377066, 1.4649752431841083, 1.7766274918837701, 1.988985618630632, 2.1346139476865664, 2.2555824011267966, 2.3450752028175894, 2.424776850273075, 2.484431093547125, 2.5330478046369755, 2.5707891778739755, 2.603410392783679, 2.633407432291513, 2.6586293439416067, 2.680302041603468, 2.701157345887717, 2.716990932100983, 2.732809804328584, 2.7475175031112813]
pre: [0.39479763761877096, 0.8296240044283211, 0.9910350895652347, 1.054928565873564, 1.0563009794458194, 1.0258791452608271, 1.0002934350923536, 0.9647495573966229, 0.9372568095857496, 0.9031853719012045, 0.8696943219091687, 0.834961168320425, 0.8033546010516911, 0.7759691690558644, 0.7494598027689207, 0.7242912627577278, 0.7025411986444859, 0.6793447182663672, 0.6594086053220272, 0.641145873838595]
----------------------------------------------
Done
